{"total": {"lines":{"total":24070,"covered":16862,"skipped":0,"pct":70.05},"statements":{"total":25162,"covered":17209,"skipped":0,"pct":68.39},"functions":{"total":5405,"covered":3723,"skipped":0,"pct":68.88},"branches":{"total":8390,"covered":4057,"skipped":0,"pct":48.36}}
,"/Volumes/my-data/cabloy/cabloy-lerna/build/config.js": {"lines":{"total":3,"covered":3,"skipped":0,"pct":100},"functions":{"total":0,"covered":0,"skipped":0,"pct":100},"statements":{"total":3,"covered":3,"skipped":0,"pct":100},"branches":{"total":0,"covered":0,"skipped":0,"pct":100}}
,"/Volumes/my-data/cabloy/cabloy-lerna/packages/egg-born-backend/app.js": {"lines":{"total":8,"covered":7,"skipped":0,"pct":87.5},"functions":{"total":1,"covered":1,"skipped":0,"pct":100},"statements":{"total":8,"covered":7,"skipped":0,"pct":87.5},"branches":{"total":4,"covered":2,"skipped":0,"pct":50}}
,"/Volumes/my-data/cabloy/cabloy-lerna/packages/egg-born-backend/index.js": {"lines":{"total":9,"covered":9,"skipped":0,"pct":100},"functions":{"total":0,"covered":0,"skipped":0,"pct":100},"statements":{"total":9,"covered":9,"skipped":0,"pct":100},"branches":{"total":0,"covered":0,"skipped":0,"pct":100}}
,"/Volumes/my-data/cabloy/cabloy-lerna/packages/egg-born-backend/app/extend/context.js": {"lines":{"total":73,"covered":63,"skipped":0,"pct":86.3},"functions":{"total":29,"covered":24,"skipped":0,"pct":82.76},"statements":{"total":74,"covered":64,"skipped":0,"pct":86.49},"branches":{"total":37,"covered":34,"skipped":0,"pct":91.89}}
,"/Volumes/my-data/cabloy/cabloy-lerna/packages/egg-born-backend/app/io/middleware/connection.js": {"lines":{"total":19,"covered":4,"skipped":0,"pct":21.05},"functions":{"total":5,"covered":1,"skipped":0,"pct":20},"statements":{"total":19,"covered":4,"skipped":0,"pct":21.05},"branches":{"total":4,"covered":0,"skipped":0,"pct":0}}
,"/Volumes/my-data/cabloy/cabloy-lerna/packages/egg-born-backend/app/io/middleware/packet.js": {"lines":{"total":19,"covered":4,"skipped":0,"pct":21.05},"functions":{"total":5,"covered":1,"skipped":0,"pct":20},"statements":{"total":19,"covered":4,"skipped":0,"pct":21.05},"branches":{"total":4,"covered":0,"skipped":0,"pct":0}}
,"/Volumes/my-data/cabloy/cabloy-lerna/packages/egg-born-backend/app/middleware/appReady.js": {"lines":{"total":5,"covered":5,"skipped":0,"pct":100},"functions":{"total":2,"covered":2,"skipped":0,"pct":100},"statements":{"total":5,"covered":5,"skipped":0,"pct":100},"branches":{"total":2,"covered":2,"skipped":0,"pct":100}}
,"/Volumes/my-data/cabloy/cabloy-lerna/packages/egg-born-backend/app/middleware/instance.js": {"lines":{"total":4,"covered":4,"skipped":0,"pct":100},"functions":{"total":2,"covered":2,"skipped":0,"pct":100},"statements":{"total":4,"covered":4,"skipped":0,"pct":100},"branches":{"total":0,"covered":0,"skipped":0,"pct":100}}
,"/Volumes/my-data/cabloy/cabloy-lerna/packages/egg-born-backend/app/middleware/jwt.js": {"lines":{"total":79,"covered":78,"skipped":0,"pct":98.73},"functions":{"total":15,"covered":15,"skipped":0,"pct":100},"statements":{"total":84,"covered":81,"skipped":0,"pct":96.43},"branches":{"total":45,"covered":38,"skipped":0,"pct":84.44}}
,"/Volumes/my-data/cabloy/cabloy-lerna/packages/egg-born-backend/config/config.default.js": {"lines":{"total":70,"covered":42,"skipped":0,"pct":60},"functions":{"total":9,"covered":6,"skipped":0,"pct":66.67},"statements":{"total":74,"covered":42,"skipped":0,"pct":56.76},"branches":{"total":36,"covered":18,"skipped":0,"pct":50}}
,"/Volumes/my-data/cabloy/cabloy-lerna/packages/egg-born-backend/config/config.unittest.js": {"lines":{"total":4,"covered":4,"skipped":0,"pct":100},"functions":{"total":1,"covered":1,"skipped":0,"pct":100},"statements":{"total":4,"covered":4,"skipped":0,"pct":100},"branches":{"total":0,"covered":0,"skipped":0,"pct":100}}
,"/Volumes/my-data/cabloy/cabloy-lerna/packages/egg-born-backend/config/plugin.unittest.js": {"lines":{"total":1,"covered":1,"skipped":0,"pct":100},"functions":{"total":0,"covered":0,"skipped":0,"pct":100},"statements":{"total":1,"covered":1,"skipped":0,"pct":100},"branches":{"total":0,"covered":0,"skipped":0,"pct":100}}
,"/Volumes/my-data/cabloy/cabloy-lerna/packages/egg-born-backend/config/locale/zh-cn.js": {"lines":{"total":1,"covered":1,"skipped":0,"pct":100},"functions":{"total":0,"covered":0,"skipped":0,"pct":100},"statements":{"total":1,"covered":1,"skipped":0,"pct":100},"branches":{"total":0,"covered":0,"skipped":0,"pct":100}}
,"/Volumes/my-data/cabloy/cabloy-lerna/packages/egg-born-backend/lib/framework.js": {"lines":{"total":11,"covered":11,"skipped":0,"pct":100},"functions":{"total":4,"covered":4,"skipped":0,"pct":100},"statements":{"total":11,"covered":11,"skipped":0,"pct":100},"branches":{"total":0,"covered":0,"skipped":0,"pct":100}}
,"/Volumes/my-data/cabloy/cabloy-lerna/packages/egg-born-backend/lib/base/constants.js": {"lines":{"total":1,"covered":1,"skipped":0,"pct":100},"functions":{"total":0,"covered":0,"skipped":0,"pct":100},"statements":{"total":1,"covered":1,"skipped":0,"pct":100},"branches":{"total":0,"covered":0,"skipped":0,"pct":100}}
,"/Volumes/my-data/cabloy/cabloy-lerna/packages/egg-born-backend/lib/base/dbTransaction.js": {"lines":{"total":27,"covered":21,"skipped":0,"pct":77.78},"functions":{"total":5,"covered":4,"skipped":0,"pct":80},"statements":{"total":27,"covered":21,"skipped":0,"pct":77.78},"branches":{"total":6,"covered":3,"skipped":0,"pct":50}}
,"/Volumes/my-data/cabloy/cabloy-lerna/packages/egg-born-backend/lib/base/error.js": {"lines":{"total":30,"covered":28,"skipped":0,"pct":93.33},"functions":{"total":8,"covered":8,"skipped":0,"pct":100},"statements":{"total":32,"covered":29,"skipped":0,"pct":90.63},"branches":{"total":12,"covered":9,"skipped":0,"pct":75}}
,"/Volumes/my-data/cabloy/cabloy-lerna/packages/egg-born-backend/lib/base/json.js": {"lines":{"total":16,"covered":15,"skipped":0,"pct":93.75},"functions":{"total":6,"covered":6,"skipped":0,"pct":100},"statements":{"total":17,"covered":16,"skipped":0,"pct":94.12},"branches":{"total":7,"covered":6,"skipped":0,"pct":85.71}}
,"/Volumes/my-data/cabloy/cabloy-lerna/packages/egg-born-backend/lib/base/model.js": {"lines":{"total":157,"covered":148,"skipped":0,"pct":94.27},"functions":{"total":38,"covered":36,"skipped":0,"pct":94.74},"statements":{"total":178,"covered":165,"skipped":0,"pct":92.7},"branches":{"total":109,"covered":84,"skipped":0,"pct":77.06}}
,"/Volumes/my-data/cabloy/cabloy-lerna/packages/egg-born-backend/lib/load/agent.js": {"lines":{"total":12,"covered":12,"skipped":0,"pct":100},"functions":{"total":3,"covered":3,"skipped":0,"pct":100},"statements":{"total":12,"covered":12,"skipped":0,"pct":100},"branches":{"total":4,"covered":2,"skipped":0,"pct":50}}
,"/Volumes/my-data/cabloy/cabloy-lerna/packages/egg-born-backend/lib/load/app.js": {"lines":{"total":12,"covered":12,"skipped":0,"pct":100},"functions":{"total":3,"covered":3,"skipped":0,"pct":100},"statements":{"total":12,"covered":12,"skipped":0,"pct":100},"branches":{"total":4,"covered":2,"skipped":0,"pct":50}}
,"/Volumes/my-data/cabloy/cabloy-lerna/packages/egg-born-backend/lib/module/config.js": {"lines":{"total":33,"covered":33,"skipped":0,"pct":100},"functions":{"total":7,"covered":7,"skipped":0,"pct":100},"statements":{"total":34,"covered":34,"skipped":0,"pct":100},"branches":{"total":14,"covered":12,"skipped":0,"pct":85.71}}
,"/Volumes/my-data/cabloy/cabloy-lerna/packages/egg-born-backend/lib/module/constant.js": {"lines":{"total":19,"covered":19,"skipped":0,"pct":100},"functions":{"total":8,"covered":8,"skipped":0,"pct":100},"statements":{"total":20,"covered":20,"skipped":0,"pct":100},"branches":{"total":4,"covered":3,"skipped":0,"pct":75}}
,"/Volumes/my-data/cabloy/cabloy-lerna/packages/egg-born-backend/lib/module/controller.js": {"lines":{"total":10,"covered":10,"skipped":0,"pct":100},"functions":{"total":2,"covered":2,"skipped":0,"pct":100},"statements":{"total":11,"covered":10,"skipped":0,"pct":90.91},"branches":{"total":2,"covered":1,"skipped":0,"pct":50}}
,"/Volumes/my-data/cabloy/cabloy-lerna/packages/egg-born-backend/lib/module/errors.js": {"lines":{"total":26,"covered":26,"skipped":0,"pct":100},"functions":{"total":9,"covered":9,"skipped":0,"pct":100},"statements":{"total":27,"covered":27,"skipped":0,"pct":100},"branches":{"total":4,"covered":2,"skipped":0,"pct":50}}
,"/Volumes/my-data/cabloy/cabloy-lerna/packages/egg-born-backend/lib/module/index.js": {"lines":{"total":46,"covered":46,"skipped":0,"pct":100},"functions":{"total":1,"covered":1,"skipped":0,"pct":100},"statements":{"total":46,"covered":46,"skipped":0,"pct":100},"branches":{"total":2,"covered":2,"skipped":0,"pct":100}}
,"/Volumes/my-data/cabloy/cabloy-lerna/packages/egg-born-backend/lib/module/locales.js": {"lines":{"total":52,"covered":52,"skipped":0,"pct":100},"functions":{"total":10,"covered":10,"skipped":0,"pct":100},"statements":{"total":57,"covered":55,"skipped":0,"pct":96.49},"branches":{"total":26,"covered":19,"skipped":0,"pct":73.08}}
,"/Volumes/my-data/cabloy/cabloy-lerna/packages/egg-born-backend/lib/module/messenger.js": {"lines":{"total":42,"covered":21,"skipped":0,"pct":50},"functions":{"total":16,"covered":8,"skipped":0,"pct":50},"statements":{"total":42,"covered":21,"skipped":0,"pct":50},"branches":{"total":20,"covered":5,"skipped":0,"pct":25}}
,"/Volumes/my-data/cabloy/cabloy-lerna/packages/egg-born-backend/lib/module/meta.js": {"lines":{"total":34,"covered":34,"skipped":0,"pct":100},"functions":{"total":5,"covered":5,"skipped":0,"pct":100},"statements":{"total":38,"covered":36,"skipped":0,"pct":94.74},"branches":{"total":17,"covered":11,"skipped":0,"pct":64.71}}
,"/Volumes/my-data/cabloy/cabloy-lerna/packages/egg-born-backend/lib/module/metaCtx.js": {"lines":{"total":5,"covered":5,"skipped":0,"pct":100},"functions":{"total":1,"covered":1,"skipped":0,"pct":100},"statements":{"total":5,"covered":5,"skipped":0,"pct":100},"branches":{"total":0,"covered":0,"skipped":0,"pct":100}}
,"/Volumes/my-data/cabloy/cabloy-lerna/packages/egg-born-backend/lib/module/middleware.js": {"lines":{"total":49,"covered":46,"skipped":0,"pct":93.88},"functions":{"total":10,"covered":10,"skipped":0,"pct":100},"statements":{"total":57,"covered":52,"skipped":0,"pct":91.23},"branches":{"total":29,"covered":21,"skipped":0,"pct":72.41}}
,"/Volumes/my-data/cabloy/cabloy-lerna/packages/egg-born-backend/lib/module/model.js": {"lines":{"total":30,"covered":30,"skipped":0,"pct":100},"functions":{"total":7,"covered":7,"skipped":0,"pct":100},"statements":{"total":32,"covered":32,"skipped":0,"pct":100},"branches":{"total":8,"covered":7,"skipped":0,"pct":87.5}}
,"/Volumes/my-data/cabloy/cabloy-lerna/packages/egg-born-backend/lib/module/module.js": {"lines":{"total":14,"covered":14,"skipped":0,"pct":100},"functions":{"total":3,"covered":3,"skipped":0,"pct":100},"statements":{"total":14,"covered":14,"skipped":0,"pct":100},"branches":{"total":0,"covered":0,"skipped":0,"pct":100}}
,"/Volumes/my-data/cabloy/cabloy-lerna/packages/egg-born-backend/lib/module/redis.js": {"lines":{"total":17,"covered":12,"skipped":0,"pct":70.59},"functions":{"total":3,"covered":2,"skipped":0,"pct":66.67},"statements":{"total":17,"covered":12,"skipped":0,"pct":70.59},"branches":{"total":6,"covered":1,"skipped":0,"pct":16.67}}
,"/Volumes/my-data/cabloy/cabloy-lerna/packages/egg-born-backend/lib/module/reload.js": {"lines":{"total":5,"covered":2,"skipped":0,"pct":40},"functions":{"total":4,"covered":1,"skipped":0,"pct":25},"statements":{"total":5,"covered":2,"skipped":0,"pct":40},"branches":{"total":0,"covered":0,"skipped":0,"pct":100}}
,"/Volumes/my-data/cabloy/cabloy-lerna/packages/egg-born-backend/lib/module/route.js": {"lines":{"total":87,"covered":74,"skipped":0,"pct":85.06},"functions":{"total":21,"covered":18,"skipped":0,"pct":85.71},"statements":{"total":94,"covered":79,"skipped":0,"pct":84.04},"branches":{"total":51,"covered":42,"skipped":0,"pct":82.35}}
,"/Volumes/my-data/cabloy/cabloy-lerna/packages/egg-born-backend/lib/module/schedule.js": {"lines":{"total":50,"covered":18,"skipped":0,"pct":36},"functions":{"total":8,"covered":3,"skipped":0,"pct":37.5},"statements":{"total":56,"covered":19,"skipped":0,"pct":33.93},"branches":{"total":22,"covered":4,"skipped":0,"pct":18.18}}
,"/Volumes/my-data/cabloy/cabloy-lerna/packages/egg-born-backend/lib/module/service.js": {"lines":{"total":24,"covered":24,"skipped":0,"pct":100},"functions":{"total":6,"covered":6,"skipped":0,"pct":100},"statements":{"total":25,"covered":24,"skipped":0,"pct":96},"branches":{"total":6,"covered":4,"skipped":0,"pct":66.67}}
,"/Volumes/my-data/cabloy/cabloy-lerna/packages/egg-born-backend/lib/module/socketio.js": {"lines":{"total":19,"covered":4,"skipped":0,"pct":21.05},"functions":{"total":5,"covered":2,"skipped":0,"pct":40},"statements":{"total":22,"covered":4,"skipped":0,"pct":18.18},"branches":{"total":18,"covered":0,"skipped":0,"pct":0}}
,"/Volumes/my-data/cabloy/cabloy-lerna/packages/egg-born-backend/lib/module/startup.js": {"lines":{"total":49,"covered":40,"skipped":0,"pct":81.63},"functions":{"total":8,"covered":8,"skipped":0,"pct":100},"statements":{"total":52,"covered":41,"skipped":0,"pct":78.85},"branches":{"total":41,"covered":29,"skipped":0,"pct":70.73}}
,"/Volumes/my-data/cabloy/cabloy-lerna/packages/egg-born-backend/lib/module/util.js": {"lines":{"total":213,"covered":164,"skipped":0,"pct":77},"functions":{"total":36,"covered":27,"skipped":0,"pct":75},"statements":{"total":251,"covered":175,"skipped":0,"pct":69.72},"branches":{"total":186,"covered":115,"skipped":0,"pct":61.83}}
,"/Volumes/my-data/cabloy/cabloy-lerna/packages/egg-born-backend/lib/module/utilCtx.js": {"lines":{"total":125,"covered":106,"skipped":0,"pct":84.8},"functions":{"total":24,"covered":22,"skipped":0,"pct":91.67},"statements":{"total":139,"covered":110,"skipped":0,"pct":79.14},"branches":{"total":96,"covered":60,"skipped":0,"pct":62.5}}
,"/Volumes/my-data/cabloy/cabloy-lerna/packages/egg-born-backend/lib/module/asset/errors.js": {"lines":{"total":1,"covered":1,"skipped":0,"pct":100},"functions":{"total":0,"covered":0,"skipped":0,"pct":100},"statements":{"total":1,"covered":1,"skipped":0,"pct":100},"branches":{"total":0,"covered":0,"skipped":0,"pct":100}}
,"/Volumes/my-data/cabloy/cabloy-lerna/packages/egg-born-backend/lib/module/bean/beanBase.js": {"lines":{"total":3,"covered":3,"skipped":0,"pct":100},"functions":{"total":1,"covered":1,"skipped":0,"pct":100},"statements":{"total":3,"covered":3,"skipped":0,"pct":100},"branches":{"total":2,"covered":2,"skipped":0,"pct":100}}
,"/Volumes/my-data/cabloy/cabloy-lerna/packages/egg-born-backend/lib/module/bean/beanContainer.js": {"lines":{"total":141,"covered":133,"skipped":0,"pct":94.33},"functions":{"total":27,"covered":26,"skipped":0,"pct":96.3},"statements":{"total":154,"covered":144,"skipped":0,"pct":93.51},"branches":{"total":104,"covered":87,"skipped":0,"pct":83.65}}
,"/Volumes/my-data/cabloy/cabloy-lerna/packages/egg-born-backend/lib/module/bean/beanModuleBase.js": {"lines":{"total":10,"covered":10,"skipped":0,"pct":100},"functions":{"total":2,"covered":2,"skipped":0,"pct":100},"statements":{"total":11,"covered":11,"skipped":0,"pct":100},"branches":{"total":4,"covered":4,"skipped":0,"pct":100}}
,"/Volumes/my-data/cabloy/cabloy-lerna/packages/egg-born-backend/lib/module/bean/index.js": {"lines":{"total":26,"covered":26,"skipped":0,"pct":100},"functions":{"total":5,"covered":5,"skipped":0,"pct":100},"statements":{"total":28,"covered":28,"skipped":0,"pct":100},"branches":{"total":4,"covered":4,"skipped":0,"pct":100}}
,"/Volumes/my-data/cabloy/cabloy-lerna/packages/egg-born-backend/lib/module/broadcast/broadcast.js": {"lines":{"total":20,"covered":18,"skipped":0,"pct":90},"functions":{"total":2,"covered":2,"skipped":0,"pct":100},"statements":{"total":22,"covered":20,"skipped":0,"pct":90.91},"branches":{"total":12,"covered":7,"skipped":0,"pct":58.33}}
,"/Volumes/my-data/cabloy/cabloy-lerna/packages/egg-born-backend/lib/module/broadcast/broadcastClient.js": {"lines":{"total":25,"covered":24,"skipped":0,"pct":96},"functions":{"total":10,"covered":9,"skipped":0,"pct":90},"statements":{"total":26,"covered":24,"skipped":0,"pct":92.31},"branches":{"total":4,"covered":2,"skipped":0,"pct":50}}
,"/Volumes/my-data/cabloy/cabloy-lerna/packages/egg-born-backend/lib/module/cluster/agent.js": {"lines":{"total":9,"covered":9,"skipped":0,"pct":100},"functions":{"total":2,"covered":2,"skipped":0,"pct":100},"statements":{"total":9,"covered":9,"skipped":0,"pct":100},"branches":{"total":2,"covered":1,"skipped":0,"pct":50}}
,"/Volumes/my-data/cabloy/cabloy-lerna/packages/egg-born-backend/lib/module/cluster/app.js": {"lines":{"total":7,"covered":5,"skipped":0,"pct":71.43},"functions":{"total":3,"covered":2,"skipped":0,"pct":66.67},"statements":{"total":7,"covered":5,"skipped":0,"pct":71.43},"branches":{"total":0,"covered":0,"skipped":0,"pct":100}}
,"/Volumes/my-data/cabloy/cabloy-lerna/packages/egg-born-backend/lib/module/queue/queue.js": {"lines":{"total":23,"covered":18,"skipped":0,"pct":78.26},"functions":{"total":3,"covered":2,"skipped":0,"pct":66.67},"statements":{"total":25,"covered":19,"skipped":0,"pct":76},"branches":{"total":8,"covered":4,"skipped":0,"pct":50}}
,"/Volumes/my-data/cabloy/cabloy-lerna/packages/egg-born-backend/lib/module/queue/queueClient.js": {"lines":{"total":109,"covered":95,"skipped":0,"pct":87.16},"functions":{"total":26,"covered":20,"skipped":0,"pct":76.92},"statements":{"total":114,"covered":96,"skipped":0,"pct":84.21},"branches":{"total":68,"covered":45,"skipped":0,"pct":66.18}}
,"/Volumes/my-data/cabloy/cabloy-lerna/packages/egg-born-backend/lib/module/version/ready.js": {"lines":{"total":34,"covered":31,"skipped":0,"pct":91.18},"functions":{"total":2,"covered":2,"skipped":0,"pct":100},"statements":{"total":35,"covered":31,"skipped":0,"pct":88.57},"branches":{"total":20,"covered":15,"skipped":0,"pct":75}}
,"/Volumes/my-data/cabloy/cabloy-lerna/packages/egg-born-backend/lib/utils/reload.js": {"lines":{"total":64,"covered":5,"skipped":0,"pct":7.81},"functions":{"total":10,"covered":0,"skipped":0,"pct":0},"statements":{"total":68,"covered":5,"skipped":0,"pct":7.35},"branches":{"total":16,"covered":0,"skipped":0,"pct":0}}
,"/Volumes/my-data/cabloy/cabloy-lerna/packages/egg-born-localeutil/dist/webpack:/egg-born-localeutil/src/main.js": {"lines":{"total":91,"covered":7,"skipped":0,"pct":7.69},"functions":{"total":8,"covered":1,"skipped":0,"pct":12.5},"statements":{"total":96,"covered":7,"skipped":0,"pct":7.29},"branches":{"total":62,"covered":3,"skipped":0,"pct":4.84}}
,"/Volumes/my-data/cabloy/cabloy-lerna/packages/egg-born-localeutil/dist/webpack:/egg-born-localeutil/webpack/bootstrap": {"lines":{"total":1,"covered":1,"skipped":0,"pct":100},"functions":{"total":0,"covered":0,"skipped":0,"pct":100},"statements":{"total":1,"covered":1,"skipped":0,"pct":100},"branches":{"total":0,"covered":0,"skipped":0,"pct":100}}
,"/Volumes/my-data/cabloy/cabloy-lerna/packages/egg-born-localeutil/dist/webpack:/egg-born-localeutil/webpack/runtime/define property getters": {"lines":{"total":4,"covered":4,"skipped":0,"pct":100},"functions":{"total":1,"covered":1,"skipped":0,"pct":100},"statements":{"total":4,"covered":4,"skipped":0,"pct":100},"branches":{"total":4,"covered":3,"skipped":0,"pct":75}}
,"/Volumes/my-data/cabloy/cabloy-lerna/packages/egg-born-localeutil/dist/webpack:/egg-born-localeutil/webpack/runtime/hasOwnProperty shorthand": {"lines":{"total":1,"covered":1,"skipped":0,"pct":100},"functions":{"total":1,"covered":1,"skipped":0,"pct":100},"statements":{"total":1,"covered":1,"skipped":0,"pct":100},"branches":{"total":0,"covered":0,"skipped":0,"pct":100}}
,"/Volumes/my-data/cabloy/cabloy-lerna/packages/egg-born-localeutil/dist/webpack:/egg-born-localeutil/webpack/runtime/make namespace object": {"lines":{"total":4,"covered":4,"skipped":0,"pct":100},"functions":{"total":1,"covered":1,"skipped":0,"pct":100},"statements":{"total":4,"covered":4,"skipped":0,"pct":100},"branches":{"total":4,"covered":3,"skipped":0,"pct":75}}
,"/Volumes/my-data/cabloy/cabloy-lerna/packages/egg-born-mglob/lib/egg-born-mglob.js": {"lines":{"total":153,"covered":134,"skipped":0,"pct":87.58},"functions":{"total":12,"covered":12,"skipped":0,"pct":100},"statements":{"total":160,"covered":138,"skipped":0,"pct":86.25},"branches":{"total":69,"covered":50,"skipped":0,"pct":72.46}}
,"/Volumes/my-data/cabloy/cabloy-lerna/packages/egg-born-mock/src/main.js": {"lines":{"total":14,"covered":14,"skipped":0,"pct":100},"functions":{"total":5,"covered":5,"skipped":0,"pct":100},"statements":{"total":14,"covered":14,"skipped":0,"pct":100},"branches":{"total":2,"covered":1,"skipped":0,"pct":50}}
,"/Volumes/my-data/cabloy/cabloy-lerna/packages/egg-born-mparse/dist/webpack:/egg-born-mparse/src/main.js": {"lines":{"total":32,"covered":27,"skipped":0,"pct":84.38},"functions":{"total":3,"covered":3,"skipped":0,"pct":100},"statements":{"total":42,"covered":30,"skipped":0,"pct":71.43},"branches":{"total":26,"covered":13,"skipped":0,"pct":50}}
,"/Volumes/my-data/cabloy/cabloy-lerna/packages/egg-born-mparse/dist/webpack:/egg-born-mparse/webpack/bootstrap": {"lines":{"total":1,"covered":1,"skipped":0,"pct":100},"functions":{"total":0,"covered":0,"skipped":0,"pct":100},"statements":{"total":1,"covered":1,"skipped":0,"pct":100},"branches":{"total":0,"covered":0,"skipped":0,"pct":100}}
,"/Volumes/my-data/cabloy/cabloy-lerna/packages/egg-born-mparse/dist/webpack:/egg-born-mparse/webpack/runtime/define property getters": {"lines":{"total":4,"covered":4,"skipped":0,"pct":100},"functions":{"total":1,"covered":1,"skipped":0,"pct":100},"statements":{"total":4,"covered":4,"skipped":0,"pct":100},"branches":{"total":4,"covered":3,"skipped":0,"pct":75}}
,"/Volumes/my-data/cabloy/cabloy-lerna/packages/egg-born-mparse/dist/webpack:/egg-born-mparse/webpack/runtime/hasOwnProperty shorthand": {"lines":{"total":1,"covered":1,"skipped":0,"pct":100},"functions":{"total":1,"covered":1,"skipped":0,"pct":100},"statements":{"total":1,"covered":1,"skipped":0,"pct":100},"branches":{"total":0,"covered":0,"skipped":0,"pct":100}}
,"/Volumes/my-data/cabloy/cabloy-lerna/packages/egg-born-mparse/dist/webpack:/egg-born-mparse/webpack/runtime/make namespace object": {"lines":{"total":4,"covered":4,"skipped":0,"pct":100},"functions":{"total":1,"covered":1,"skipped":0,"pct":100},"statements":{"total":4,"covered":4,"skipped":0,"pct":100},"branches":{"total":4,"covered":3,"skipped":0,"pct":75}}
,"/Volumes/my-data/cabloy/cabloy-lerna/packages/egg-born-utils/lib/egg-born-utils.js": {"lines":{"total":72,"covered":31,"skipped":0,"pct":43.06},"functions":{"total":16,"covered":4,"skipped":0,"pct":25},"statements":{"total":80,"covered":31,"skipped":0,"pct":38.75},"branches":{"total":28,"covered":10,"skipped":0,"pct":35.71}}
,"/Volumes/my-data/cabloy/cabloy-lerna/packages/markdown/highlight.js": {"lines":{"total":16,"covered":15,"skipped":0,"pct":93.75},"functions":{"total":7,"covered":6,"skipped":0,"pct":85.71},"statements":{"total":18,"covered":16,"skipped":0,"pct":88.89},"branches":{"total":8,"covered":3,"skipped":0,"pct":37.5}}
,"/Volumes/my-data/cabloy/cabloy-lerna/packages/markdown/index.js": {"lines":{"total":22,"covered":22,"skipped":0,"pct":100},"functions":{"total":3,"covered":3,"skipped":0,"pct":100},"statements":{"total":22,"covered":22,"skipped":0,"pct":100},"branches":{"total":5,"covered":4,"skipped":0,"pct":80}}
,"/Volumes/my-data/cabloy/cabloy-lerna/packages/markdown-it-block/index.js": {"lines":{"total":65,"covered":51,"skipped":0,"pct":78.46},"functions":{"total":3,"covered":3,"skipped":0,"pct":100},"statements":{"total":65,"covered":51,"skipped":0,"pct":78.46},"branches":{"total":34,"covered":20,"skipped":0,"pct":58.82}}
,"/Volumes/my-data/cabloy/cabloy-lerna/packages/require3/index.js": {"lines":{"total":2,"covered":2,"skipped":0,"pct":100},"functions":{"total":1,"covered":1,"skipped":0,"pct":100},"statements":{"total":2,"covered":2,"skipped":0,"pct":100},"branches":{"total":0,"covered":0,"skipped":0,"pct":100}}
,"/Volumes/my-data/cabloy/cabloy-lerna/packages/set/index.js": {"lines":{"total":35,"covered":15,"skipped":0,"pct":42.86},"functions":{"total":9,"covered":5,"skipped":0,"pct":55.56},"statements":{"total":35,"covered":15,"skipped":0,"pct":42.86},"branches":{"total":10,"covered":3,"skipped":0,"pct":30}}
,"/Volumes/my-data/cabloy/cabloy-lerna/src/backend/config/config.default.js": {"lines":{"total":12,"covered":12,"skipped":0,"pct":100},"functions":{"total":1,"covered":1,"skipped":0,"pct":100},"statements":{"total":12,"covered":12,"skipped":0,"pct":100},"branches":{"total":0,"covered":0,"skipped":0,"pct":100}}
,"/Volumes/my-data/cabloy/cabloy-lerna/src/backend/config/config.unittest.js": {"lines":{"total":13,"covered":13,"skipped":0,"pct":100},"functions":{"total":1,"covered":1,"skipped":0,"pct":100},"statements":{"total":13,"covered":13,"skipped":0,"pct":100},"branches":{"total":0,"covered":0,"skipped":0,"pct":100}}
,"/Volumes/my-data/cabloy/cabloy-lerna/src/backend/config/locale/en-us.js": {"lines":{"total":1,"covered":1,"skipped":0,"pct":100},"functions":{"total":0,"covered":0,"skipped":0,"pct":100},"statements":{"total":1,"covered":1,"skipped":0,"pct":100},"branches":{"total":0,"covered":0,"skipped":0,"pct":100}}
,"/Volumes/my-data/cabloy/cabloy-lerna/src/backend/config/locale/zh-cn.js": {"lines":{"total":1,"covered":1,"skipped":0,"pct":100},"functions":{"total":0,"covered":0,"skipped":0,"pct":100},"statements":{"total":1,"covered":1,"skipped":0,"pct":100},"branches":{"total":0,"covered":0,"skipped":0,"pct":100}}
,"/Volumes/my-data/cabloy/cabloy-lerna/src/module-system/a-antdv/backend/src/controllers.js": {"lines":{"total":3,"covered":3,"skipped":0,"pct":100},"functions":{"total":1,"covered":1,"skipped":0,"pct":100},"statements":{"total":3,"covered":3,"skipped":0,"pct":100},"branches":{"total":0,"covered":0,"skipped":0,"pct":100}}
,"/Volumes/my-data/cabloy/cabloy-lerna/src/module-system/a-antdv/backend/src/main.js": {"lines":{"total":10,"covered":10,"skipped":0,"pct":100},"functions":{"total":1,"covered":1,"skipped":0,"pct":100},"statements":{"total":10,"covered":10,"skipped":0,"pct":100},"branches":{"total":0,"covered":0,"skipped":0,"pct":100}}
,"/Volumes/my-data/cabloy/cabloy-lerna/src/module-system/a-antdv/backend/src/meta.js": {"lines":{"total":4,"covered":4,"skipped":0,"pct":100},"functions":{"total":1,"covered":1,"skipped":0,"pct":100},"statements":{"total":4,"covered":4,"skipped":0,"pct":100},"branches":{"total":0,"covered":0,"skipped":0,"pct":100}}
,"/Volumes/my-data/cabloy/cabloy-lerna/src/module-system/a-antdv/backend/src/models.js": {"lines":{"total":3,"covered":3,"skipped":0,"pct":100},"functions":{"total":1,"covered":1,"skipped":0,"pct":100},"statements":{"total":3,"covered":3,"skipped":0,"pct":100},"branches":{"total":0,"covered":0,"skipped":0,"pct":100}}
,"/Volumes/my-data/cabloy/cabloy-lerna/src/module-system/a-antdv/backend/src/routes.js": {"lines":{"total":3,"covered":3,"skipped":0,"pct":100},"functions":{"total":1,"covered":1,"skipped":0,"pct":100},"statements":{"total":3,"covered":3,"skipped":0,"pct":100},"branches":{"total":0,"covered":0,"skipped":0,"pct":100}}
,"/Volumes/my-data/cabloy/cabloy-lerna/src/module-system/a-antdv/backend/src/services.js": {"lines":{"total":3,"covered":3,"skipped":0,"pct":100},"functions":{"total":1,"covered":1,"skipped":0,"pct":100},"statements":{"total":3,"covered":3,"skipped":0,"pct":100},"branches":{"total":0,"covered":0,"skipped":0,"pct":100}}
,"/Volumes/my-data/cabloy/cabloy-lerna/src/module-system/a-antdv/backend/src/config/config.js": {"lines":{"total":3,"covered":3,"skipped":0,"pct":100},"functions":{"total":1,"covered":1,"skipped":0,"pct":100},"statements":{"total":3,"covered":3,"skipped":0,"pct":100},"branches":{"total":0,"covered":0,"skipped":0,"pct":100}}
,"/Volumes/my-data/cabloy/cabloy-lerna/src/module-system/a-antdv/backend/src/config/errors.js": {"lines":{"total":1,"covered":1,"skipped":0,"pct":100},"functions":{"total":0,"covered":0,"skipped":0,"pct":100},"statements":{"total":1,"covered":1,"skipped":0,"pct":100},"branches":{"total":0,"covered":0,"skipped":0,"pct":100}}
,"/Volumes/my-data/cabloy/cabloy-lerna/src/module-system/a-antdv/backend/src/config/locales.js": {"lines":{"total":1,"covered":1,"skipped":0,"pct":100},"functions":{"total":0,"covered":0,"skipped":0,"pct":100},"statements":{"total":1,"covered":1,"skipped":0,"pct":100},"branches":{"total":0,"covered":0,"skipped":0,"pct":100}}
,"/Volumes/my-data/cabloy/cabloy-lerna/src/module-system/a-antdv/backend/src/config/locale/zh-cn.js": {"lines":{"total":1,"covered":1,"skipped":0,"pct":100},"functions":{"total":0,"covered":0,"skipped":0,"pct":100},"statements":{"total":1,"covered":1,"skipped":0,"pct":100},"branches":{"total":0,"covered":0,"skipped":0,"pct":100}}
,"/Volumes/my-data/cabloy/cabloy-lerna/src/module-system/a-antdv/backend/src/config/validation/schemas.js": {"lines":{"total":3,"covered":3,"skipped":0,"pct":100},"functions":{"total":1,"covered":1,"skipped":0,"pct":100},"statements":{"total":3,"covered":3,"skipped":0,"pct":100},"branches":{"total":0,"covered":0,"skipped":0,"pct":100}}
,"/Volumes/my-data/cabloy/cabloy-lerna/src/module-system/a-antvg6/backend/src/controllers.js": {"lines":{"total":3,"covered":3,"skipped":0,"pct":100},"functions":{"total":1,"covered":1,"skipped":0,"pct":100},"statements":{"total":3,"covered":3,"skipped":0,"pct":100},"branches":{"total":0,"covered":0,"skipped":0,"pct":100}}
,"/Volumes/my-data/cabloy/cabloy-lerna/src/module-system/a-antvg6/backend/src/main.js": {"lines":{"total":10,"covered":10,"skipped":0,"pct":100},"functions":{"total":1,"covered":1,"skipped":0,"pct":100},"statements":{"total":10,"covered":10,"skipped":0,"pct":100},"branches":{"total":0,"covered":0,"skipped":0,"pct":100}}
,"/Volumes/my-data/cabloy/cabloy-lerna/src/module-system/a-antvg6/backend/src/meta.js": {"lines":{"total":4,"covered":4,"skipped":0,"pct":100},"functions":{"total":1,"covered":1,"skipped":0,"pct":100},"statements":{"total":4,"covered":4,"skipped":0,"pct":100},"branches":{"total":0,"covered":0,"skipped":0,"pct":100}}
,"/Volumes/my-data/cabloy/cabloy-lerna/src/module-system/a-antvg6/backend/src/models.js": {"lines":{"total":3,"covered":3,"skipped":0,"pct":100},"functions":{"total":1,"covered":1,"skipped":0,"pct":100},"statements":{"total":3,"covered":3,"skipped":0,"pct":100},"branches":{"total":0,"covered":0,"skipped":0,"pct":100}}
,"/Volumes/my-data/cabloy/cabloy-lerna/src/module-system/a-antvg6/backend/src/routes.js": {"lines":{"total":3,"covered":3,"skipped":0,"pct":100},"functions":{"total":1,"covered":1,"skipped":0,"pct":100},"statements":{"total":3,"covered":3,"skipped":0,"pct":100},"branches":{"total":0,"covered":0,"skipped":0,"pct":100}}
,"/Volumes/my-data/cabloy/cabloy-lerna/src/module-system/a-antvg6/backend/src/services.js": {"lines":{"total":3,"covered":3,"skipped":0,"pct":100},"functions":{"total":1,"covered":1,"skipped":0,"pct":100},"statements":{"total":3,"covered":3,"skipped":0,"pct":100},"branches":{"total":0,"covered":0,"skipped":0,"pct":100}}
,"/Volumes/my-data/cabloy/cabloy-lerna/src/module-system/a-antvg6/backend/src/config/config.js": {"lines":{"total":3,"covered":3,"skipped":0,"pct":100},"functions":{"total":1,"covered":1,"skipped":0,"pct":100},"statements":{"total":3,"covered":3,"skipped":0,"pct":100},"branches":{"total":0,"covered":0,"skipped":0,"pct":100}}
,"/Volumes/my-data/cabloy/cabloy-lerna/src/module-system/a-antvg6/backend/src/config/errors.js": {"lines":{"total":1,"covered":1,"skipped":0,"pct":100},"functions":{"total":0,"covered":0,"skipped":0,"pct":100},"statements":{"total":1,"covered":1,"skipped":0,"pct":100},"branches":{"total":0,"covered":0,"skipped":0,"pct":100}}
,"/Volumes/my-data/cabloy/cabloy-lerna/src/module-system/a-antvg6/backend/src/config/locales.js": {"lines":{"total":1,"covered":1,"skipped":0,"pct":100},"functions":{"total":0,"covered":0,"skipped":0,"pct":100},"statements":{"total":1,"covered":1,"skipped":0,"pct":100},"branches":{"total":0,"covered":0,"skipped":0,"pct":100}}
,"/Volumes/my-data/cabloy/cabloy-lerna/src/module-system/a-antvg6/backend/src/config/locale/zh-cn.js": {"lines":{"total":1,"covered":1,"skipped":0,"pct":100},"functions":{"total":0,"covered":0,"skipped":0,"pct":100},"statements":{"total":1,"covered":1,"skipped":0,"pct":100},"branches":{"total":0,"covered":0,"skipped":0,"pct":100}}
,"/Volumes/my-data/cabloy/cabloy-lerna/src/module-system/a-antvg6/backend/src/config/validation/schemas.js": {"lines":{"total":3,"covered":3,"skipped":0,"pct":100},"functions":{"total":1,"covered":1,"skipped":0,"pct":100},"statements":{"total":3,"covered":3,"skipped":0,"pct":100},"branches":{"total":0,"covered":0,"skipped":0,"pct":100}}
,"/Volumes/my-data/cabloy/cabloy-lerna/src/module-system/a-antvlayout/backend/src/controllers.js": {"lines":{"total":3,"covered":3,"skipped":0,"pct":100},"functions":{"total":1,"covered":1,"skipped":0,"pct":100},"statements":{"total":3,"covered":3,"skipped":0,"pct":100},"branches":{"total":0,"covered":0,"skipped":0,"pct":100}}
,"/Volumes/my-data/cabloy/cabloy-lerna/src/module-system/a-antvlayout/backend/src/main.js": {"lines":{"total":10,"covered":10,"skipped":0,"pct":100},"functions":{"total":1,"covered":1,"skipped":0,"pct":100},"statements":{"total":10,"covered":10,"skipped":0,"pct":100},"branches":{"total":0,"covered":0,"skipped":0,"pct":100}}
,"/Volumes/my-data/cabloy/cabloy-lerna/src/module-system/a-antvlayout/backend/src/meta.js": {"lines":{"total":4,"covered":4,"skipped":0,"pct":100},"functions":{"total":1,"covered":1,"skipped":0,"pct":100},"statements":{"total":4,"covered":4,"skipped":0,"pct":100},"branches":{"total":0,"covered":0,"skipped":0,"pct":100}}
,"/Volumes/my-data/cabloy/cabloy-lerna/src/module-system/a-antvlayout/backend/src/models.js": {"lines":{"total":3,"covered":3,"skipped":0,"pct":100},"functions":{"total":1,"covered":1,"skipped":0,"pct":100},"statements":{"total":3,"covered":3,"skipped":0,"pct":100},"branches":{"total":0,"covered":0,"skipped":0,"pct":100}}
,"/Volumes/my-data/cabloy/cabloy-lerna/src/module-system/a-antvlayout/backend/src/routes.js": {"lines":{"total":3,"covered":3,"skipped":0,"pct":100},"functions":{"total":1,"covered":1,"skipped":0,"pct":100},"statements":{"total":3,"covered":3,"skipped":0,"pct":100},"branches":{"total":0,"covered":0,"skipped":0,"pct":100}}
,"/Volumes/my-data/cabloy/cabloy-lerna/src/module-system/a-antvlayout/backend/src/services.js": {"lines":{"total":3,"covered":3,"skipped":0,"pct":100},"functions":{"total":1,"covered":1,"skipped":0,"pct":100},"statements":{"total":3,"covered":3,"skipped":0,"pct":100},"branches":{"total":0,"covered":0,"skipped":0,"pct":100}}
,"/Volumes/my-data/cabloy/cabloy-lerna/src/module-system/a-antvlayout/backend/src/config/config.js": {"lines":{"total":3,"covered":3,"skipped":0,"pct":100},"functions":{"total":1,"covered":1,"skipped":0,"pct":100},"statements":{"total":3,"covered":3,"skipped":0,"pct":100},"branches":{"total":0,"covered":0,"skipped":0,"pct":100}}
,"/Volumes/my-data/cabloy/cabloy-lerna/src/module-system/a-antvlayout/backend/src/config/errors.js": {"lines":{"total":1,"covered":1,"skipped":0,"pct":100},"functions":{"total":0,"covered":0,"skipped":0,"pct":100},"statements":{"total":1,"covered":1,"skipped":0,"pct":100},"branches":{"total":0,"covered":0,"skipped":0,"pct":100}}
,"/Volumes/my-data/cabloy/cabloy-lerna/src/module-system/a-antvlayout/backend/src/config/locales.js": {"lines":{"total":1,"covered":1,"skipped":0,"pct":100},"functions":{"total":0,"covered":0,"skipped":0,"pct":100},"statements":{"total":1,"covered":1,"skipped":0,"pct":100},"branches":{"total":0,"covered":0,"skipped":0,"pct":100}}
,"/Volumes/my-data/cabloy/cabloy-lerna/src/module-system/a-antvlayout/backend/src/config/locale/zh-cn.js": {"lines":{"total":1,"covered":1,"skipped":0,"pct":100},"functions":{"total":0,"covered":0,"skipped":0,"pct":100},"statements":{"total":1,"covered":1,"skipped":0,"pct":100},"branches":{"total":0,"covered":0,"skipped":0,"pct":100}}
,"/Volumes/my-data/cabloy/cabloy-lerna/src/module-system/a-antvlayout/backend/src/config/validation/schemas.js": {"lines":{"total":3,"covered":3,"skipped":0,"pct":100},"functions":{"total":1,"covered":1,"skipped":0,"pct":100},"statements":{"total":3,"covered":3,"skipped":0,"pct":100},"branches":{"total":0,"covered":0,"skipped":0,"pct":100}}
,"/Volumes/my-data/cabloy/cabloy-lerna/src/module-system/a-antvx6/backend/src/controllers.js": {"lines":{"total":3,"covered":3,"skipped":0,"pct":100},"functions":{"total":1,"covered":1,"skipped":0,"pct":100},"statements":{"total":3,"covered":3,"skipped":0,"pct":100},"branches":{"total":0,"covered":0,"skipped":0,"pct":100}}
,"/Volumes/my-data/cabloy/cabloy-lerna/src/module-system/a-antvx6/backend/src/main.js": {"lines":{"total":10,"covered":10,"skipped":0,"pct":100},"functions":{"total":1,"covered":1,"skipped":0,"pct":100},"statements":{"total":10,"covered":10,"skipped":0,"pct":100},"branches":{"total":0,"covered":0,"skipped":0,"pct":100}}
,"/Volumes/my-data/cabloy/cabloy-lerna/src/module-system/a-antvx6/backend/src/meta.js": {"lines":{"total":4,"covered":4,"skipped":0,"pct":100},"functions":{"total":1,"covered":1,"skipped":0,"pct":100},"statements":{"total":4,"covered":4,"skipped":0,"pct":100},"branches":{"total":0,"covered":0,"skipped":0,"pct":100}}
,"/Volumes/my-data/cabloy/cabloy-lerna/src/module-system/a-antvx6/backend/src/models.js": {"lines":{"total":3,"covered":3,"skipped":0,"pct":100},"functions":{"total":1,"covered":1,"skipped":0,"pct":100},"statements":{"total":3,"covered":3,"skipped":0,"pct":100},"branches":{"total":0,"covered":0,"skipped":0,"pct":100}}
,"/Volumes/my-data/cabloy/cabloy-lerna/src/module-system/a-antvx6/backend/src/routes.js": {"lines":{"total":3,"covered":3,"skipped":0,"pct":100},"functions":{"total":1,"covered":1,"skipped":0,"pct":100},"statements":{"total":3,"covered":3,"skipped":0,"pct":100},"branches":{"total":0,"covered":0,"skipped":0,"pct":100}}
,"/Volumes/my-data/cabloy/cabloy-lerna/src/module-system/a-antvx6/backend/src/services.js": {"lines":{"total":3,"covered":3,"skipped":0,"pct":100},"functions":{"total":1,"covered":1,"skipped":0,"pct":100},"statements":{"total":3,"covered":3,"skipped":0,"pct":100},"branches":{"total":0,"covered":0,"skipped":0,"pct":100}}
,"/Volumes/my-data/cabloy/cabloy-lerna/src/module-system/a-antvx6/backend/src/config/config.js": {"lines":{"total":3,"covered":3,"skipped":0,"pct":100},"functions":{"total":1,"covered":1,"skipped":0,"pct":100},"statements":{"total":3,"covered":3,"skipped":0,"pct":100},"branches":{"total":0,"covered":0,"skipped":0,"pct":100}}
,"/Volumes/my-data/cabloy/cabloy-lerna/src/module-system/a-antvx6/backend/src/config/errors.js": {"lines":{"total":1,"covered":1,"skipped":0,"pct":100},"functions":{"total":0,"covered":0,"skipped":0,"pct":100},"statements":{"total":1,"covered":1,"skipped":0,"pct":100},"branches":{"total":0,"covered":0,"skipped":0,"pct":100}}
,"/Volumes/my-data/cabloy/cabloy-lerna/src/module-system/a-antvx6/backend/src/config/locales.js": {"lines":{"total":1,"covered":1,"skipped":0,"pct":100},"functions":{"total":0,"covered":0,"skipped":0,"pct":100},"statements":{"total":1,"covered":1,"skipped":0,"pct":100},"branches":{"total":0,"covered":0,"skipped":0,"pct":100}}
,"/Volumes/my-data/cabloy/cabloy-lerna/src/module-system/a-antvx6/backend/src/config/locale/zh-cn.js": {"lines":{"total":1,"covered":1,"skipped":0,"pct":100},"functions":{"total":0,"covered":0,"skipped":0,"pct":100},"statements":{"total":1,"covered":1,"skipped":0,"pct":100},"branches":{"total":0,"covered":0,"skipped":0,"pct":100}}
,"/Volumes/my-data/cabloy/cabloy-lerna/src/module-system/a-antvx6/backend/src/config/validation/schemas.js": {"lines":{"total":3,"covered":3,"skipped":0,"pct":100},"functions":{"total":1,"covered":1,"skipped":0,"pct":100},"statements":{"total":3,"covered":3,"skipped":0,"pct":100},"branches":{"total":0,"covered":0,"skipped":0,"pct":100}}
,"/Volumes/my-data/cabloy/cabloy-lerna/src/module-system/a-auth/backend/src/aops.js": {"lines":{"total":3,"covered":3,"skipped":0,"pct":100},"functions":{"total":1,"covered":1,"skipped":0,"pct":100},"statements":{"total":3,"covered":3,"skipped":0,"pct":100},"branches":{"total":0,"covered":0,"skipped":0,"pct":100}}
,"/Volumes/my-data/cabloy/cabloy-lerna/src/module-system/a-auth/backend/src/beans.js": {"lines":{"total":12,"covered":12,"skipped":0,"pct":100},"functions":{"total":1,"covered":1,"skipped":0,"pct":100},"statements":{"total":12,"covered":12,"skipped":0,"pct":100},"branches":{"total":0,"covered":0,"skipped":0,"pct":100}}
,"/Volumes/my-data/cabloy/cabloy-lerna/src/module-system/a-auth/backend/src/controllers.js": {"lines":{"total":3,"covered":3,"skipped":0,"pct":100},"functions":{"total":1,"covered":1,"skipped":0,"pct":100},"statements":{"total":3,"covered":3,"skipped":0,"pct":100},"branches":{"total":0,"covered":0,"skipped":0,"pct":100}}
,"/Volumes/my-data/cabloy/cabloy-lerna/src/module-system/a-auth/backend/src/main.js": {"lines":{"total":14,"covered":14,"skipped":0,"pct":100},"functions":{"total":1,"covered":1,"skipped":0,"pct":100},"statements":{"total":14,"covered":14,"skipped":0,"pct":100},"branches":{"total":0,"covered":0,"skipped":0,"pct":100}}
,"/Volumes/my-data/cabloy/cabloy-lerna/src/module-system/a-auth/backend/src/meta.js": {"lines":{"total":4,"covered":4,"skipped":0,"pct":100},"functions":{"total":1,"covered":1,"skipped":0,"pct":100},"statements":{"total":4,"covered":4,"skipped":0,"pct":100},"branches":{"total":0,"covered":0,"skipped":0,"pct":100}}
,"/Volumes/my-data/cabloy/cabloy-lerna/src/module-system/a-auth/backend/src/models.js": {"lines":{"total":5,"covered":5,"skipped":0,"pct":100},"functions":{"total":1,"covered":1,"skipped":0,"pct":100},"statements":{"total":5,"covered":5,"skipped":0,"pct":100},"branches":{"total":0,"covered":0,"skipped":0,"pct":100}}
,"/Volumes/my-data/cabloy/cabloy-lerna/src/module-system/a-auth/backend/src/routes.js": {"lines":{"total":3,"covered":3,"skipped":0,"pct":100},"functions":{"total":1,"covered":1,"skipped":0,"pct":100},"statements":{"total":3,"covered":3,"skipped":0,"pct":100},"branches":{"total":0,"covered":0,"skipped":0,"pct":100}}
,"/Volumes/my-data/cabloy/cabloy-lerna/src/module-system/a-auth/backend/src/services.js": {"lines":{"total":3,"covered":3,"skipped":0,"pct":100},"functions":{"total":1,"covered":1,"skipped":0,"pct":100},"statements":{"total":3,"covered":3,"skipped":0,"pct":100},"branches":{"total":0,"covered":0,"skipped":0,"pct":100}}
,"/Volumes/my-data/cabloy/cabloy-lerna/src/module-system/a-auth/backend/src/bean/bean.authProvider.js": {"lines":{"total":47,"covered":46,"skipped":0,"pct":97.87},"functions":{"total":13,"covered":12,"skipped":0,"pct":92.31},"statements":{"total":52,"covered":47,"skipped":0,"pct":90.38},"branches":{"total":18,"covered":12,"skipped":0,"pct":66.67}}
,"/Volumes/my-data/cabloy/cabloy-lerna/src/module-system/a-auth/backend/src/bean/bean.authProviderCache.js": {"lines":{"total":112,"covered":51,"skipped":0,"pct":45.54},"functions":{"total":16,"covered":7,"skipped":0,"pct":43.75},"statements":{"total":116,"covered":51,"skipped":0,"pct":43.97},"branches":{"total":47,"covered":17,"skipped":0,"pct":36.17}}
,"/Volumes/my-data/cabloy/cabloy-lerna/src/module-system/a-auth/backend/src/bean/broadcast.authProviderChanged.js": {"lines":{"total":6,"covered":2,"skipped":0,"pct":33.33},"functions":{"total":2,"covered":1,"skipped":0,"pct":50},"statements":{"total":6,"covered":2,"skipped":0,"pct":33.33},"branches":{"total":2,"covered":0,"skipped":0,"pct":0}}
,"/Volumes/my-data/cabloy/cabloy-lerna/src/module-system/a-auth/backend/src/bean/local.authProviderBase.js": {"lines":{"total":23,"covered":17,"skipped":0,"pct":73.91},"functions":{"total":13,"covered":9,"skipped":0,"pct":69.23},"statements":{"total":23,"covered":17,"skipped":0,"pct":73.91},"branches":{"total":12,"covered":5,"skipped":0,"pct":41.67}}
,"/Volumes/my-data/cabloy/cabloy-lerna/src/module-system/a-auth/backend/src/bean/local.passport.js": {"lines":{"total":52,"covered":45,"skipped":0,"pct":86.54},"functions":{"total":6,"covered":6,"skipped":0,"pct":100},"statements":{"total":53,"covered":45,"skipped":0,"pct":84.91},"branches":{"total":27,"covered":16,"skipped":0,"pct":59.26}}
,"/Volumes/my-data/cabloy/cabloy-lerna/src/module-system/a-auth/backend/src/bean/startup.cacheAuthProviders.js": {"lines":{"total":3,"covered":3,"skipped":0,"pct":100},"functions":{"total":2,"covered":2,"skipped":0,"pct":100},"statements":{"total":3,"covered":3,"skipped":0,"pct":100},"branches":{"total":0,"covered":0,"skipped":0,"pct":100}}
,"/Volumes/my-data/cabloy/cabloy-lerna/src/module-system/a-auth/backend/src/bean/startup.registerPassport.js": {"lines":{"total":14,"covered":13,"skipped":0,"pct":92.86},"functions":{"total":5,"covered":5,"skipped":0,"pct":100},"statements":{"total":14,"covered":13,"skipped":0,"pct":92.86},"branches":{"total":8,"covered":7,"skipped":0,"pct":87.5}}
,"/Volumes/my-data/cabloy/cabloy-lerna/src/module-system/a-auth/backend/src/bean/startup.registerRouters.js": {"lines":{"total":3,"covered":3,"skipped":0,"pct":100},"functions":{"total":2,"covered":2,"skipped":0,"pct":100},"statements":{"total":3,"covered":3,"skipped":0,"pct":100},"branches":{"total":0,"covered":0,"skipped":0,"pct":100}}
,"/Volumes/my-data/cabloy/cabloy-lerna/src/module-system/a-auth/backend/src/bean/version.manager.js": {"lines":{"total":7,"covered":7,"skipped":0,"pct":100},"functions":{"total":4,"covered":4,"skipped":0,"pct":100},"statements":{"total":7,"covered":7,"skipped":0,"pct":100},"branches":{"total":2,"covered":1,"skipped":0,"pct":50}}
,"/Volumes/my-data/cabloy/cabloy-lerna/src/module-system/a-auth/backend/src/config/config.js": {"lines":{"total":6,"covered":6,"skipped":0,"pct":100},"functions":{"total":1,"covered":1,"skipped":0,"pct":100},"statements":{"total":6,"covered":6,"skipped":0,"pct":100},"branches":{"total":0,"covered":0,"skipped":0,"pct":100}}
,"/Volumes/my-data/cabloy/cabloy-lerna/src/module-system/a-auth/backend/src/config/errors.js": {"lines":{"total":1,"covered":1,"skipped":0,"pct":100},"functions":{"total":0,"covered":0,"skipped":0,"pct":100},"statements":{"total":1,"covered":1,"skipped":0,"pct":100},"branches":{"total":0,"covered":0,"skipped":0,"pct":100}}
,"/Volumes/my-data/cabloy/cabloy-lerna/src/module-system/a-auth/backend/src/config/locales.js": {"lines":{"total":1,"covered":1,"skipped":0,"pct":100},"functions":{"total":0,"covered":0,"skipped":0,"pct":100},"statements":{"total":1,"covered":1,"skipped":0,"pct":100},"branches":{"total":0,"covered":0,"skipped":0,"pct":100}}
,"/Volumes/my-data/cabloy/cabloy-lerna/src/module-system/a-auth/backend/src/config/locale/en-us.js": {"lines":{"total":1,"covered":1,"skipped":0,"pct":100},"functions":{"total":0,"covered":0,"skipped":0,"pct":100},"statements":{"total":1,"covered":1,"skipped":0,"pct":100},"branches":{"total":0,"covered":0,"skipped":0,"pct":100}}
,"/Volumes/my-data/cabloy/cabloy-lerna/src/module-system/a-auth/backend/src/config/locale/zh-cn.js": {"lines":{"total":1,"covered":1,"skipped":0,"pct":100},"functions":{"total":0,"covered":0,"skipped":0,"pct":100},"statements":{"total":1,"covered":1,"skipped":0,"pct":100},"branches":{"total":0,"covered":0,"skipped":0,"pct":100}}
,"/Volumes/my-data/cabloy/cabloy-lerna/src/module-system/a-auth/backend/src/config/validation/schemas.js": {"lines":{"total":5,"covered":5,"skipped":0,"pct":100},"functions":{"total":1,"covered":1,"skipped":0,"pct":100},"statements":{"total":5,"covered":5,"skipped":0,"pct":100},"branches":{"total":0,"covered":0,"skipped":0,"pct":100}}
,"/Volumes/my-data/cabloy/cabloy-lerna/src/module-system/a-auth/backend/src/config/validation/schema/oauth2.js": {"lines":{"total":4,"covered":4,"skipped":0,"pct":100},"functions":{"total":1,"covered":1,"skipped":0,"pct":100},"statements":{"total":4,"covered":4,"skipped":0,"pct":100},"branches":{"total":0,"covered":0,"skipped":0,"pct":100}}
,"/Volumes/my-data/cabloy/cabloy-lerna/src/module-system/a-auth/backend/src/model/auth.js": {"lines":{"total":3,"covered":2,"skipped":0,"pct":66.67},"functions":{"total":2,"covered":1,"skipped":0,"pct":50},"statements":{"total":3,"covered":2,"skipped":0,"pct":66.67},"branches":{"total":0,"covered":0,"skipped":0,"pct":100}}
,"/Volumes/my-data/cabloy/cabloy-lerna/src/module-system/a-auth/backend/src/model/authProvider.js": {"lines":{"total":3,"covered":3,"skipped":0,"pct":100},"functions":{"total":2,"covered":2,"skipped":0,"pct":100},"statements":{"total":3,"covered":3,"skipped":0,"pct":100},"branches":{"total":0,"covered":0,"skipped":0,"pct":100}}
,"/Volumes/my-data/cabloy/cabloy-lerna/src/module-system/a-authgithub/backend/src/beans.js": {"lines":{"total":5,"covered":5,"skipped":0,"pct":100},"functions":{"total":1,"covered":1,"skipped":0,"pct":100},"statements":{"total":5,"covered":5,"skipped":0,"pct":100},"branches":{"total":0,"covered":0,"skipped":0,"pct":100}}
,"/Volumes/my-data/cabloy/cabloy-lerna/src/module-system/a-authgithub/backend/src/controllers.js": {"lines":{"total":3,"covered":3,"skipped":0,"pct":100},"functions":{"total":1,"covered":1,"skipped":0,"pct":100},"statements":{"total":3,"covered":3,"skipped":0,"pct":100},"branches":{"total":0,"covered":0,"skipped":0,"pct":100}}
,"/Volumes/my-data/cabloy/cabloy-lerna/src/module-system/a-authgithub/backend/src/main.js": {"lines":{"total":11,"covered":11,"skipped":0,"pct":100},"functions":{"total":1,"covered":1,"skipped":0,"pct":100},"statements":{"total":11,"covered":11,"skipped":0,"pct":100},"branches":{"total":0,"covered":0,"skipped":0,"pct":100}}
,"/Volumes/my-data/cabloy/cabloy-lerna/src/module-system/a-authgithub/backend/src/meta.js": {"lines":{"total":4,"covered":4,"skipped":0,"pct":100},"functions":{"total":1,"covered":1,"skipped":0,"pct":100},"statements":{"total":4,"covered":4,"skipped":0,"pct":100},"branches":{"total":0,"covered":0,"skipped":0,"pct":100}}
,"/Volumes/my-data/cabloy/cabloy-lerna/src/module-system/a-authgithub/backend/src/models.js": {"lines":{"total":1,"covered":1,"skipped":0,"pct":100},"functions":{"total":0,"covered":0,"skipped":0,"pct":100},"statements":{"total":1,"covered":1,"skipped":0,"pct":100},"branches":{"total":0,"covered":0,"skipped":0,"pct":100}}
,"/Volumes/my-data/cabloy/cabloy-lerna/src/module-system/a-authgithub/backend/src/routes.js": {"lines":{"total":1,"covered":1,"skipped":0,"pct":100},"functions":{"total":0,"covered":0,"skipped":0,"pct":100},"statements":{"total":1,"covered":1,"skipped":0,"pct":100},"branches":{"total":0,"covered":0,"skipped":0,"pct":100}}
,"/Volumes/my-data/cabloy/cabloy-lerna/src/module-system/a-authgithub/backend/src/services.js": {"lines":{"total":1,"covered":1,"skipped":0,"pct":100},"functions":{"total":0,"covered":0,"skipped":0,"pct":100},"statements":{"total":1,"covered":1,"skipped":0,"pct":100},"branches":{"total":0,"covered":0,"skipped":0,"pct":100}}
,"/Volumes/my-data/cabloy/cabloy-lerna/src/module-system/a-authgithub/backend/src/bean/auth.provider.github.js": {"lines":{"total":12,"covered":10,"skipped":0,"pct":83.33},"functions":{"total":6,"covered":4,"skipped":0,"pct":66.67},"statements":{"total":12,"covered":10,"skipped":0,"pct":83.33},"branches":{"total":8,"covered":2,"skipped":0,"pct":25}}
,"/Volumes/my-data/cabloy/cabloy-lerna/src/module-system/a-authgithub/backend/src/bean/version.manager.js": {"lines":{"total":11,"covered":8,"skipped":0,"pct":72.73},"functions":{"total":4,"covered":3,"skipped":0,"pct":75},"statements":{"total":11,"covered":8,"skipped":0,"pct":72.73},"branches":{"total":6,"covered":6,"skipped":0,"pct":100}}
,"/Volumes/my-data/cabloy/cabloy-lerna/src/module-system/a-authgithub/backend/src/config/config.js": {"lines":{"total":5,"covered":5,"skipped":0,"pct":100},"functions":{"total":1,"covered":1,"skipped":0,"pct":100},"statements":{"total":5,"covered":5,"skipped":0,"pct":100},"branches":{"total":0,"covered":0,"skipped":0,"pct":100}}
,"/Volumes/my-data/cabloy/cabloy-lerna/src/module-system/a-authgithub/backend/src/config/errors.js": {"lines":{"total":1,"covered":1,"skipped":0,"pct":100},"functions":{"total":0,"covered":0,"skipped":0,"pct":100},"statements":{"total":1,"covered":1,"skipped":0,"pct":100},"branches":{"total":0,"covered":0,"skipped":0,"pct":100}}
,"/Volumes/my-data/cabloy/cabloy-lerna/src/module-system/a-authgithub/backend/src/config/locales.js": {"lines":{"total":1,"covered":1,"skipped":0,"pct":100},"functions":{"total":0,"covered":0,"skipped":0,"pct":100},"statements":{"total":1,"covered":1,"skipped":0,"pct":100},"branches":{"total":0,"covered":0,"skipped":0,"pct":100}}
,"/Volumes/my-data/cabloy/cabloy-lerna/src/module-system/a-authgithub/backend/src/config/locale/zh-cn.js": {"lines":{"total":1,"covered":1,"skipped":0,"pct":100},"functions":{"total":0,"covered":0,"skipped":0,"pct":100},"statements":{"total":1,"covered":1,"skipped":0,"pct":100},"branches":{"total":0,"covered":0,"skipped":0,"pct":100}}
,"/Volumes/my-data/cabloy/cabloy-lerna/src/module-system/a-authgithub/backend/src/config/passport/auth.js": {"lines":{"total":4,"covered":4,"skipped":0,"pct":100},"functions":{"total":2,"covered":2,"skipped":0,"pct":100},"statements":{"total":4,"covered":4,"skipped":0,"pct":100},"branches":{"total":0,"covered":0,"skipped":0,"pct":100}}
,"/Volumes/my-data/cabloy/cabloy-lerna/src/module-system/a-authgithub/backend/src/config/passport/strategyMock.js": {"lines":{"total":33,"covered":5,"skipped":0,"pct":15.15},"functions":{"total":3,"covered":0,"skipped":0,"pct":0},"statements":{"total":33,"covered":5,"skipped":0,"pct":15.15},"branches":{"total":12,"covered":0,"skipped":0,"pct":0}}
,"/Volumes/my-data/cabloy/cabloy-lerna/src/module-system/a-authgithub/backend/src/config/validation/schemas.js": {"lines":{"total":3,"covered":3,"skipped":0,"pct":100},"functions":{"total":1,"covered":1,"skipped":0,"pct":100},"statements":{"total":3,"covered":3,"skipped":0,"pct":100},"branches":{"total":0,"covered":0,"skipped":0,"pct":100}}
,"/Volumes/my-data/cabloy/cabloy-lerna/src/module-system/a-authopen/backend/src/aops.js": {"lines":{"total":3,"covered":3,"skipped":0,"pct":100},"functions":{"total":1,"covered":1,"skipped":0,"pct":100},"statements":{"total":3,"covered":3,"skipped":0,"pct":100},"branches":{"total":0,"covered":0,"skipped":0,"pct":100}}
,"/Volumes/my-data/cabloy/cabloy-lerna/src/module-system/a-authopen/backend/src/beans.js": {"lines":{"total":9,"covered":9,"skipped":0,"pct":100},"functions":{"total":1,"covered":1,"skipped":0,"pct":100},"statements":{"total":9,"covered":9,"skipped":0,"pct":100},"branches":{"total":0,"covered":0,"skipped":0,"pct":100}}
,"/Volumes/my-data/cabloy/cabloy-lerna/src/module-system/a-authopen/backend/src/controllers.js": {"lines":{"total":5,"covered":5,"skipped":0,"pct":100},"functions":{"total":1,"covered":1,"skipped":0,"pct":100},"statements":{"total":5,"covered":5,"skipped":0,"pct":100},"branches":{"total":0,"covered":0,"skipped":0,"pct":100}}
,"/Volumes/my-data/cabloy/cabloy-lerna/src/module-system/a-authopen/backend/src/main.js": {"lines":{"total":12,"covered":12,"skipped":0,"pct":100},"functions":{"total":1,"covered":1,"skipped":0,"pct":100},"statements":{"total":12,"covered":12,"skipped":0,"pct":100},"branches":{"total":0,"covered":0,"skipped":0,"pct":100}}
,"/Volumes/my-data/cabloy/cabloy-lerna/src/module-system/a-authopen/backend/src/meta.js": {"lines":{"total":8,"covered":8,"skipped":0,"pct":100},"functions":{"total":1,"covered":1,"skipped":0,"pct":100},"statements":{"total":8,"covered":8,"skipped":0,"pct":100},"branches":{"total":0,"covered":0,"skipped":0,"pct":100}}
,"/Volumes/my-data/cabloy/cabloy-lerna/src/module-system/a-authopen/backend/src/models.js": {"lines":{"total":4,"covered":4,"skipped":0,"pct":100},"functions":{"total":1,"covered":1,"skipped":0,"pct":100},"statements":{"total":4,"covered":4,"skipped":0,"pct":100},"branches":{"total":0,"covered":0,"skipped":0,"pct":100}}
,"/Volumes/my-data/cabloy/cabloy-lerna/src/module-system/a-authopen/backend/src/routes.js": {"lines":{"total":3,"covered":3,"skipped":0,"pct":100},"functions":{"total":1,"covered":1,"skipped":0,"pct":100},"statements":{"total":3,"covered":3,"skipped":0,"pct":100},"branches":{"total":0,"covered":0,"skipped":0,"pct":100}}
,"/Volumes/my-data/cabloy/cabloy-lerna/src/module-system/a-authopen/backend/src/services.js": {"lines":{"total":5,"covered":5,"skipped":0,"pct":100},"functions":{"total":1,"covered":1,"skipped":0,"pct":100},"statements":{"total":5,"covered":5,"skipped":0,"pct":100},"branches":{"total":0,"covered":0,"skipped":0,"pct":100}}
,"/Volumes/my-data/cabloy/cabloy-lerna/src/module-system/a-authopen/backend/src/bean/atom.authOpen.js": {"lines":{"total":48,"covered":20,"skipped":0,"pct":41.67},"functions":{"total":9,"covered":4,"skipped":0,"pct":44.44},"statements":{"total":53,"covered":20,"skipped":0,"pct":37.74},"branches":{"total":18,"covered":0,"skipped":0,"pct":0}}
,"/Volumes/my-data/cabloy/cabloy-lerna/src/module-system/a-authopen/backend/src/bean/auth.provider.open.js": {"lines":{"total":9,"covered":9,"skipped":0,"pct":100},"functions":{"total":5,"covered":5,"skipped":0,"pct":100},"statements":{"total":9,"covered":9,"skipped":0,"pct":100},"branches":{"total":0,"covered":0,"skipped":0,"pct":100}}
,"/Volumes/my-data/cabloy/cabloy-lerna/src/module-system/a-authopen/backend/src/bean/bean.authOpen.js": {"lines":{"total":50,"covered":39,"skipped":0,"pct":78},"functions":{"total":14,"covered":11,"skipped":0,"pct":78.57},"statements":{"total":59,"covered":43,"skipped":0,"pct":72.88},"branches":{"total":32,"covered":20,"skipped":0,"pct":62.5}}
,"/Volumes/my-data/cabloy/cabloy-lerna/src/module-system/a-authopen/backend/src/bean/event.accountMigration.js": {"lines":{"total":9,"covered":1,"skipped":0,"pct":11.11},"functions":{"total":3,"covered":0,"skipped":0,"pct":0},"statements":{"total":9,"covered":1,"skipped":0,"pct":11.11},"branches":{"total":0,"covered":0,"skipped":0,"pct":100}}
,"/Volumes/my-data/cabloy/cabloy-lerna/src/module-system/a-authopen/backend/src/bean/local.token.js": {"lines":{"total":30,"covered":13,"skipped":0,"pct":43.33},"functions":{"total":4,"covered":2,"skipped":0,"pct":50},"statements":{"total":32,"covered":13,"skipped":0,"pct":40.63},"branches":{"total":14,"covered":2,"skipped":0,"pct":14.29}}
,"/Volumes/my-data/cabloy/cabloy-lerna/src/module-system/a-authopen/backend/src/bean/version.manager.js": {"lines":{"total":10,"covered":10,"skipped":0,"pct":100},"functions":{"total":4,"covered":4,"skipped":0,"pct":100},"statements":{"total":10,"covered":10,"skipped":0,"pct":100},"branches":{"total":4,"covered":2,"skipped":0,"pct":50}}
,"/Volumes/my-data/cabloy/cabloy-lerna/src/module-system/a-authopen/backend/src/bean/version/init1.js": {"lines":{"total":47,"covered":47,"skipped":0,"pct":100},"functions":{"total":9,"covered":9,"skipped":0,"pct":100},"statements":{"total":48,"covered":47,"skipped":0,"pct":97.92},"branches":{"total":10,"covered":9,"skipped":0,"pct":90}}
,"/Volumes/my-data/cabloy/cabloy-lerna/src/module-system/a-authopen/backend/src/bean/version/initData1.js": {"lines":{"total":2,"covered":2,"skipped":0,"pct":100},"functions":{"total":0,"covered":0,"skipped":0,"pct":100},"statements":{"total":2,"covered":2,"skipped":0,"pct":100},"branches":{"total":0,"covered":0,"skipped":0,"pct":100}}
,"/Volumes/my-data/cabloy/cabloy-lerna/src/module-system/a-authopen/backend/src/bean/version/update1.js": {"lines":{"total":6,"covered":6,"skipped":0,"pct":100},"functions":{"total":2,"covered":2,"skipped":0,"pct":100},"statements":{"total":6,"covered":6,"skipped":0,"pct":100},"branches":{"total":0,"covered":0,"skipped":0,"pct":100}}
,"/Volumes/my-data/cabloy/cabloy-lerna/src/module-system/a-authopen/backend/src/config/config.js": {"lines":{"total":3,"covered":3,"skipped":0,"pct":100},"functions":{"total":1,"covered":1,"skipped":0,"pct":100},"statements":{"total":3,"covered":3,"skipped":0,"pct":100},"branches":{"total":0,"covered":0,"skipped":0,"pct":100}}
,"/Volumes/my-data/cabloy/cabloy-lerna/src/module-system/a-authopen/backend/src/config/errors.js": {"lines":{"total":1,"covered":1,"skipped":0,"pct":100},"functions":{"total":0,"covered":0,"skipped":0,"pct":100},"statements":{"total":1,"covered":1,"skipped":0,"pct":100},"branches":{"total":0,"covered":0,"skipped":0,"pct":100}}
,"/Volumes/my-data/cabloy/cabloy-lerna/src/module-system/a-authopen/backend/src/config/locales.js": {"lines":{"total":1,"covered":1,"skipped":0,"pct":100},"functions":{"total":0,"covered":0,"skipped":0,"pct":100},"statements":{"total":1,"covered":1,"skipped":0,"pct":100},"branches":{"total":0,"covered":0,"skipped":0,"pct":100}}
,"/Volumes/my-data/cabloy/cabloy-lerna/src/module-system/a-authopen/backend/src/config/locale/en-us.js": {"lines":{"total":1,"covered":1,"skipped":0,"pct":100},"functions":{"total":0,"covered":0,"skipped":0,"pct":100},"statements":{"total":1,"covered":1,"skipped":0,"pct":100},"branches":{"total":0,"covered":0,"skipped":0,"pct":100}}
,"/Volumes/my-data/cabloy/cabloy-lerna/src/module-system/a-authopen/backend/src/config/locale/zh-cn.js": {"lines":{"total":1,"covered":1,"skipped":0,"pct":100},"functions":{"total":0,"covered":0,"skipped":0,"pct":100},"statements":{"total":1,"covered":1,"skipped":0,"pct":100},"branches":{"total":0,"covered":0,"skipped":0,"pct":100}}
,"/Volumes/my-data/cabloy/cabloy-lerna/src/module-system/a-authopen/backend/src/config/passport/auth.js": {"lines":{"total":4,"covered":4,"skipped":0,"pct":100},"functions":{"total":2,"covered":2,"skipped":0,"pct":100},"statements":{"total":4,"covered":4,"skipped":0,"pct":100},"branches":{"total":0,"covered":0,"skipped":0,"pct":100}}
,"/Volumes/my-data/cabloy/cabloy-lerna/src/module-system/a-authopen/backend/src/config/passport/strategy.js": {"lines":{"total":29,"covered":21,"skipped":0,"pct":72.41},"functions":{"total":3,"covered":3,"skipped":0,"pct":100},"statements":{"total":29,"covered":21,"skipped":0,"pct":72.41},"branches":{"total":12,"covered":6,"skipped":0,"pct":50}}
,"/Volumes/my-data/cabloy/cabloy-lerna/src/module-system/a-authopen/backend/src/config/static/resources.js": {"lines":{"total":3,"covered":3,"skipped":0,"pct":100},"functions":{"total":1,"covered":1,"skipped":0,"pct":100},"statements":{"total":3,"covered":3,"skipped":0,"pct":100},"branches":{"total":0,"covered":0,"skipped":0,"pct":100}}
,"/Volumes/my-data/cabloy/cabloy-lerna/src/module-system/a-authopen/backend/src/config/validation/schemas.js": {"lines":{"total":5,"covered":5,"skipped":0,"pct":100},"functions":{"total":1,"covered":1,"skipped":0,"pct":100},"statements":{"total":5,"covered":5,"skipped":0,"pct":100},"branches":{"total":0,"covered":0,"skipped":0,"pct":100}}
,"/Volumes/my-data/cabloy/cabloy-lerna/src/module-system/a-authopen/backend/src/config/validation/schema/authOpen.js": {"lines":{"total":5,"covered":5,"skipped":0,"pct":100},"functions":{"total":1,"covered":1,"skipped":0,"pct":100},"statements":{"total":5,"covered":5,"skipped":0,"pct":100},"branches":{"total":0,"covered":0,"skipped":0,"pct":100}}
,"/Volumes/my-data/cabloy/cabloy-lerna/src/module-system/a-authopen/backend/src/controller/auth.js": {"lines":{"total":4,"covered":4,"skipped":0,"pct":100},"functions":{"total":2,"covered":2,"skipped":0,"pct":100},"statements":{"total":4,"covered":4,"skipped":0,"pct":100},"branches":{"total":0,"covered":0,"skipped":0,"pct":100}}
,"/Volumes/my-data/cabloy/cabloy-lerna/src/module-system/a-authopen/backend/src/controller/authOpen.js": {"lines":{"total":6,"covered":2,"skipped":0,"pct":33.33},"functions":{"total":3,"covered":1,"skipped":0,"pct":33.33},"statements":{"total":6,"covered":2,"skipped":0,"pct":33.33},"branches":{"total":0,"covered":0,"skipped":0,"pct":100}}
,"/Volumes/my-data/cabloy/cabloy-lerna/src/module-system/a-authopen/backend/src/model/authOpen.js": {"lines":{"total":3,"covered":3,"skipped":0,"pct":100},"functions":{"total":2,"covered":2,"skipped":0,"pct":100},"statements":{"total":3,"covered":3,"skipped":0,"pct":100},"branches":{"total":0,"covered":0,"skipped":0,"pct":100}}
,"/Volumes/my-data/cabloy/cabloy-lerna/src/module-system/a-authopen/backend/src/service/auth.js": {"lines":{"total":5,"covered":5,"skipped":0,"pct":100},"functions":{"total":2,"covered":2,"skipped":0,"pct":100},"statements":{"total":5,"covered":5,"skipped":0,"pct":100},"branches":{"total":1,"covered":1,"skipped":0,"pct":100}}
,"/Volumes/my-data/cabloy/cabloy-lerna/src/module-system/a-authopen/backend/src/service/authOpen.js": {"lines":{"total":4,"covered":2,"skipped":0,"pct":50},"functions":{"total":3,"covered":1,"skipped":0,"pct":33.33},"statements":{"total":4,"covered":2,"skipped":0,"pct":50},"branches":{"total":0,"covered":0,"skipped":0,"pct":100}}
,"/Volumes/my-data/cabloy/cabloy-lerna/src/module-system/a-authsimple/backend/src/beans.js": {"lines":{"total":7,"covered":7,"skipped":0,"pct":100},"functions":{"total":1,"covered":1,"skipped":0,"pct":100},"statements":{"total":7,"covered":7,"skipped":0,"pct":100},"branches":{"total":0,"covered":0,"skipped":0,"pct":100}}
,"/Volumes/my-data/cabloy/cabloy-lerna/src/module-system/a-authsimple/backend/src/controllers.js": {"lines":{"total":4,"covered":4,"skipped":0,"pct":100},"functions":{"total":1,"covered":1,"skipped":0,"pct":100},"statements":{"total":4,"covered":4,"skipped":0,"pct":100},"branches":{"total":0,"covered":0,"skipped":0,"pct":100}}
,"/Volumes/my-data/cabloy/cabloy-lerna/src/module-system/a-authsimple/backend/src/main.js": {"lines":{"total":11,"covered":11,"skipped":0,"pct":100},"functions":{"total":1,"covered":1,"skipped":0,"pct":100},"statements":{"total":11,"covered":11,"skipped":0,"pct":100},"branches":{"total":0,"covered":0,"skipped":0,"pct":100}}
,"/Volumes/my-data/cabloy/cabloy-lerna/src/module-system/a-authsimple/backend/src/meta.js": {"lines":{"total":5,"covered":5,"skipped":0,"pct":100},"functions":{"total":1,"covered":1,"skipped":0,"pct":100},"statements":{"total":5,"covered":5,"skipped":0,"pct":100},"branches":{"total":0,"covered":0,"skipped":0,"pct":100}}
,"/Volumes/my-data/cabloy/cabloy-lerna/src/module-system/a-authsimple/backend/src/models.js": {"lines":{"total":2,"covered":2,"skipped":0,"pct":100},"functions":{"total":0,"covered":0,"skipped":0,"pct":100},"statements":{"total":2,"covered":2,"skipped":0,"pct":100},"branches":{"total":0,"covered":0,"skipped":0,"pct":100}}
,"/Volumes/my-data/cabloy/cabloy-lerna/src/module-system/a-authsimple/backend/src/routes.js": {"lines":{"total":1,"covered":1,"skipped":0,"pct":100},"functions":{"total":0,"covered":0,"skipped":0,"pct":100},"statements":{"total":1,"covered":1,"skipped":0,"pct":100},"branches":{"total":0,"covered":0,"skipped":0,"pct":100}}
,"/Volumes/my-data/cabloy/cabloy-lerna/src/module-system/a-authsimple/backend/src/services.js": {"lines":{"total":2,"covered":2,"skipped":0,"pct":100},"functions":{"total":0,"covered":0,"skipped":0,"pct":100},"statements":{"total":2,"covered":2,"skipped":0,"pct":100},"branches":{"total":0,"covered":0,"skipped":0,"pct":100}}
,"/Volumes/my-data/cabloy/cabloy-lerna/src/module-system/a-authsimple/backend/src/bean/auth.provider.simple.js": {"lines":{"total":16,"covered":16,"skipped":0,"pct":100},"functions":{"total":6,"covered":6,"skipped":0,"pct":100},"statements":{"total":19,"covered":17,"skipped":0,"pct":89.47},"branches":{"total":8,"covered":5,"skipped":0,"pct":62.5}}
,"/Volumes/my-data/cabloy/cabloy-lerna/src/module-system/a-authsimple/backend/src/bean/event.accountMigration.js": {"lines":{"total":10,"covered":1,"skipped":0,"pct":10},"functions":{"total":2,"covered":0,"skipped":0,"pct":0},"statements":{"total":10,"covered":1,"skipped":0,"pct":10},"branches":{"total":2,"covered":0,"skipped":0,"pct":0}}
,"/Volumes/my-data/cabloy/cabloy-lerna/src/module-system/a-authsimple/backend/src/bean/local.simple.js": {"lines":{"total":18,"covered":18,"skipped":0,"pct":100},"functions":{"total":5,"covered":5,"skipped":0,"pct":100},"statements":{"total":21,"covered":18,"skipped":0,"pct":85.71},"branches":{"total":6,"covered":3,"skipped":0,"pct":50}}
,"/Volumes/my-data/cabloy/cabloy-lerna/src/module-system/a-authsimple/backend/src/bean/version.manager.js": {"lines":{"total":8,"covered":8,"skipped":0,"pct":100},"functions":{"total":4,"covered":4,"skipped":0,"pct":100},"statements":{"total":8,"covered":8,"skipped":0,"pct":100},"branches":{"total":4,"covered":2,"skipped":0,"pct":50}}
,"/Volumes/my-data/cabloy/cabloy-lerna/src/module-system/a-authsimple/backend/src/config/config.js": {"lines":{"total":9,"covered":9,"skipped":0,"pct":100},"functions":{"total":1,"covered":1,"skipped":0,"pct":100},"statements":{"total":9,"covered":9,"skipped":0,"pct":100},"branches":{"total":0,"covered":0,"skipped":0,"pct":100}}
,"/Volumes/my-data/cabloy/cabloy-lerna/src/module-system/a-authsimple/backend/src/config/errors.js": {"lines":{"total":1,"covered":1,"skipped":0,"pct":100},"functions":{"total":0,"covered":0,"skipped":0,"pct":100},"statements":{"total":1,"covered":1,"skipped":0,"pct":100},"branches":{"total":0,"covered":0,"skipped":0,"pct":100}}
,"/Volumes/my-data/cabloy/cabloy-lerna/src/module-system/a-authsimple/backend/src/config/locales.js": {"lines":{"total":1,"covered":1,"skipped":0,"pct":100},"functions":{"total":0,"covered":0,"skipped":0,"pct":100},"statements":{"total":1,"covered":1,"skipped":0,"pct":100},"branches":{"total":0,"covered":0,"skipped":0,"pct":100}}
,"/Volumes/my-data/cabloy/cabloy-lerna/src/module-system/a-authsimple/backend/src/config/locale/en-us.js": {"lines":{"total":5,"covered":5,"skipped":0,"pct":100},"functions":{"total":0,"covered":0,"skipped":0,"pct":100},"statements":{"total":5,"covered":5,"skipped":0,"pct":100},"branches":{"total":0,"covered":0,"skipped":0,"pct":100}}
,"/Volumes/my-data/cabloy/cabloy-lerna/src/module-system/a-authsimple/backend/src/config/locale/zh-cn.js": {"lines":{"total":5,"covered":5,"skipped":0,"pct":100},"functions":{"total":0,"covered":0,"skipped":0,"pct":100},"statements":{"total":5,"covered":5,"skipped":0,"pct":100},"branches":{"total":0,"covered":0,"skipped":0,"pct":100}}
,"/Volumes/my-data/cabloy/cabloy-lerna/src/module-system/a-authsimple/backend/src/config/passport/auth.js": {"lines":{"total":4,"covered":4,"skipped":0,"pct":100},"functions":{"total":1,"covered":1,"skipped":0,"pct":100},"statements":{"total":4,"covered":4,"skipped":0,"pct":100},"branches":{"total":0,"covered":0,"skipped":0,"pct":100}}
,"/Volumes/my-data/cabloy/cabloy-lerna/src/module-system/a-authsimple/backend/src/config/passport/strategy.js": {"lines":{"total":29,"covered":22,"skipped":0,"pct":75.86},"functions":{"total":3,"covered":3,"skipped":0,"pct":100},"statements":{"total":29,"covered":22,"skipped":0,"pct":75.86},"branches":{"total":12,"covered":7,"skipped":0,"pct":58.33}}
,"/Volumes/my-data/cabloy/cabloy-lerna/src/module-system/a-authsimple/backend/src/config/validation/keywords.js": {"lines":{"total":22,"covered":5,"skipped":0,"pct":22.73},"functions":{"total":5,"covered":1,"skipped":0,"pct":20},"statements":{"total":22,"covered":5,"skipped":0,"pct":22.73},"branches":{"total":10,"covered":0,"skipped":0,"pct":0}}
,"/Volumes/my-data/cabloy/cabloy-lerna/src/module-system/a-authsimple/backend/src/config/validation/schemas.js": {"lines":{"total":9,"covered":9,"skipped":0,"pct":100},"functions":{"total":1,"covered":1,"skipped":0,"pct":100},"statements":{"total":9,"covered":9,"skipped":0,"pct":100},"branches":{"total":0,"covered":0,"skipped":0,"pct":100}}
,"/Volumes/my-data/cabloy/cabloy-lerna/src/module-system/a-authsimple/backend/src/controller/auth.js": {"lines":{"total":28,"covered":2,"skipped":0,"pct":7.14},"functions":{"total":8,"covered":1,"skipped":0,"pct":12.5},"statements":{"total":28,"covered":2,"skipped":0,"pct":7.14},"branches":{"total":0,"covered":0,"skipped":0,"pct":100}}
,"/Volumes/my-data/cabloy/cabloy-lerna/src/module-system/a-authsimple/backend/src/model/authSimple.js": {"lines":{"total":3,"covered":3,"skipped":0,"pct":100},"functions":{"total":2,"covered":2,"skipped":0,"pct":100},"statements":{"total":3,"covered":3,"skipped":0,"pct":100},"branches":{"total":0,"covered":0,"skipped":0,"pct":100}}
,"/Volumes/my-data/cabloy/cabloy-lerna/src/module-system/a-authsimple/backend/src/service/auth.js": {"lines":{"total":85,"covered":14,"skipped":0,"pct":16.47},"functions":{"total":11,"covered":3,"skipped":0,"pct":27.27},"statements":{"total":88,"covered":14,"skipped":0,"pct":15.91},"branches":{"total":21,"covered":2,"skipped":0,"pct":9.52}}
,"/Volumes/my-data/cabloy/cabloy-lerna/src/module-system/a-authsms/backend/src/beans.js": {"lines":{"total":8,"covered":8,"skipped":0,"pct":100},"functions":{"total":1,"covered":1,"skipped":0,"pct":100},"statements":{"total":8,"covered":8,"skipped":0,"pct":100},"branches":{"total":0,"covered":0,"skipped":0,"pct":100}}
,"/Volumes/my-data/cabloy/cabloy-lerna/src/module-system/a-authsms/backend/src/controllers.js": {"lines":{"total":5,"covered":5,"skipped":0,"pct":100},"functions":{"total":1,"covered":1,"skipped":0,"pct":100},"statements":{"total":5,"covered":5,"skipped":0,"pct":100},"branches":{"total":0,"covered":0,"skipped":0,"pct":100}}
,"/Volumes/my-data/cabloy/cabloy-lerna/src/module-system/a-authsms/backend/src/main.js": {"lines":{"total":11,"covered":11,"skipped":0,"pct":100},"functions":{"total":1,"covered":1,"skipped":0,"pct":100},"statements":{"total":11,"covered":11,"skipped":0,"pct":100},"branches":{"total":0,"covered":0,"skipped":0,"pct":100}}
,"/Volumes/my-data/cabloy/cabloy-lerna/src/module-system/a-authsms/backend/src/meta.js": {"lines":{"total":5,"covered":5,"skipped":0,"pct":100},"functions":{"total":1,"covered":1,"skipped":0,"pct":100},"statements":{"total":5,"covered":5,"skipped":0,"pct":100},"branches":{"total":0,"covered":0,"skipped":0,"pct":100}}
,"/Volumes/my-data/cabloy/cabloy-lerna/src/module-system/a-authsms/backend/src/models.js": {"lines":{"total":3,"covered":3,"skipped":0,"pct":100},"functions":{"total":1,"covered":1,"skipped":0,"pct":100},"statements":{"total":3,"covered":3,"skipped":0,"pct":100},"branches":{"total":0,"covered":0,"skipped":0,"pct":100}}
,"/Volumes/my-data/cabloy/cabloy-lerna/src/module-system/a-authsms/backend/src/routes.js": {"lines":{"total":3,"covered":3,"skipped":0,"pct":100},"functions":{"total":1,"covered":1,"skipped":0,"pct":100},"statements":{"total":3,"covered":3,"skipped":0,"pct":100},"branches":{"total":0,"covered":0,"skipped":0,"pct":100}}
,"/Volumes/my-data/cabloy/cabloy-lerna/src/module-system/a-authsms/backend/src/services.js": {"lines":{"total":5,"covered":5,"skipped":0,"pct":100},"functions":{"total":1,"covered":1,"skipped":0,"pct":100},"statements":{"total":5,"covered":5,"skipped":0,"pct":100},"branches":{"total":0,"covered":0,"skipped":0,"pct":100}}
,"/Volumes/my-data/cabloy/cabloy-lerna/src/module-system/a-authsms/backend/src/bean/auth.provider.sms.js": {"lines":{"total":13,"covered":6,"skipped":0,"pct":46.15},"functions":{"total":5,"covered":3,"skipped":0,"pct":60},"statements":{"total":15,"covered":6,"skipped":0,"pct":40},"branches":{"total":6,"covered":0,"skipped":0,"pct":0}}
,"/Volumes/my-data/cabloy/cabloy-lerna/src/module-system/a-authsms/backend/src/bean/captcha.provider.captcha.js": {"lines":{"total":23,"covered":5,"skipped":0,"pct":21.74},"functions":{"total":3,"covered":0,"skipped":0,"pct":0},"statements":{"total":23,"covered":5,"skipped":0,"pct":21.74},"branches":{"total":11,"covered":0,"skipped":0,"pct":0}}
,"/Volumes/my-data/cabloy/cabloy-lerna/src/module-system/a-authsms/backend/src/bean/event.accountMigration.js": {"lines":{"total":11,"covered":1,"skipped":0,"pct":9.09},"functions":{"total":2,"covered":0,"skipped":0,"pct":0},"statements":{"total":11,"covered":1,"skipped":0,"pct":9.09},"branches":{"total":2,"covered":0,"skipped":0,"pct":0}}
,"/Volumes/my-data/cabloy/cabloy-lerna/src/module-system/a-authsms/backend/src/bean/sms.provider.aliyun.js": {"lines":{"total":18,"covered":3,"skipped":0,"pct":16.67},"functions":{"total":5,"covered":0,"skipped":0,"pct":0},"statements":{"total":21,"covered":3,"skipped":0,"pct":14.29},"branches":{"total":6,"covered":0,"skipped":0,"pct":0}}
,"/Volumes/my-data/cabloy/cabloy-lerna/src/module-system/a-authsms/backend/src/config/config.js": {"lines":{"total":7,"covered":7,"skipped":0,"pct":100},"functions":{"total":1,"covered":1,"skipped":0,"pct":100},"statements":{"total":7,"covered":7,"skipped":0,"pct":100},"branches":{"total":0,"covered":0,"skipped":0,"pct":100}}
,"/Volumes/my-data/cabloy/cabloy-lerna/src/module-system/a-authsms/backend/src/config/errors.js": {"lines":{"total":1,"covered":1,"skipped":0,"pct":100},"functions":{"total":0,"covered":0,"skipped":0,"pct":100},"statements":{"total":1,"covered":1,"skipped":0,"pct":100},"branches":{"total":0,"covered":0,"skipped":0,"pct":100}}
,"/Volumes/my-data/cabloy/cabloy-lerna/src/module-system/a-authsms/backend/src/config/locales.js": {"lines":{"total":1,"covered":1,"skipped":0,"pct":100},"functions":{"total":0,"covered":0,"skipped":0,"pct":100},"statements":{"total":1,"covered":1,"skipped":0,"pct":100},"branches":{"total":0,"covered":0,"skipped":0,"pct":100}}
,"/Volumes/my-data/cabloy/cabloy-lerna/src/module-system/a-authsms/backend/src/config/locale/en-us.js": {"lines":{"total":1,"covered":1,"skipped":0,"pct":100},"functions":{"total":0,"covered":0,"skipped":0,"pct":100},"statements":{"total":1,"covered":1,"skipped":0,"pct":100},"branches":{"total":0,"covered":0,"skipped":0,"pct":100}}
,"/Volumes/my-data/cabloy/cabloy-lerna/src/module-system/a-authsms/backend/src/config/locale/zh-cn.js": {"lines":{"total":1,"covered":1,"skipped":0,"pct":100},"functions":{"total":0,"covered":0,"skipped":0,"pct":100},"statements":{"total":1,"covered":1,"skipped":0,"pct":100},"branches":{"total":0,"covered":0,"skipped":0,"pct":100}}
,"/Volumes/my-data/cabloy/cabloy-lerna/src/module-system/a-authsms/backend/src/config/passport/auth.js": {"lines":{"total":4,"covered":4,"skipped":0,"pct":100},"functions":{"total":1,"covered":1,"skipped":0,"pct":100},"statements":{"total":4,"covered":4,"skipped":0,"pct":100},"branches":{"total":0,"covered":0,"skipped":0,"pct":100}}
,"/Volumes/my-data/cabloy/cabloy-lerna/src/module-system/a-authsms/backend/src/config/passport/strategy.js": {"lines":{"total":29,"covered":5,"skipped":0,"pct":17.24},"functions":{"total":3,"covered":0,"skipped":0,"pct":0},"statements":{"total":29,"covered":5,"skipped":0,"pct":17.24},"branches":{"total":12,"covered":0,"skipped":0,"pct":0}}
,"/Volumes/my-data/cabloy/cabloy-lerna/src/module-system/a-authsms/backend/src/config/validation/keywords.js": {"lines":{"total":14,"covered":4,"skipped":0,"pct":28.57},"functions":{"total":3,"covered":1,"skipped":0,"pct":33.33},"statements":{"total":14,"covered":4,"skipped":0,"pct":28.57},"branches":{"total":8,"covered":0,"skipped":0,"pct":0}}
,"/Volumes/my-data/cabloy/cabloy-lerna/src/module-system/a-authsms/backend/src/config/validation/schemas.js": {"lines":{"total":6,"covered":6,"skipped":0,"pct":100},"functions":{"total":1,"covered":1,"skipped":0,"pct":100},"statements":{"total":6,"covered":6,"skipped":0,"pct":100},"branches":{"total":0,"covered":0,"skipped":0,"pct":100}}
,"/Volumes/my-data/cabloy/cabloy-lerna/src/module-system/a-authsms/backend/src/controller/auth.js": {"lines":{"total":13,"covered":2,"skipped":0,"pct":15.38},"functions":{"total":4,"covered":1,"skipped":0,"pct":25},"statements":{"total":13,"covered":2,"skipped":0,"pct":15.38},"branches":{"total":0,"covered":0,"skipped":0,"pct":100}}
,"/Volumes/my-data/cabloy/cabloy-lerna/src/module-system/a-authsms/backend/src/controller/captcha.js": {"lines":{"total":4,"covered":2,"skipped":0,"pct":50},"functions":{"total":2,"covered":1,"skipped":0,"pct":50},"statements":{"total":4,"covered":2,"skipped":0,"pct":50},"branches":{"total":0,"covered":0,"skipped":0,"pct":100}}
,"/Volumes/my-data/cabloy/cabloy-lerna/src/module-system/a-authsms/backend/src/service/auth.js": {"lines":{"total":20,"covered":3,"skipped":0,"pct":15},"functions":{"total":4,"covered":1,"skipped":0,"pct":25},"statements":{"total":21,"covered":3,"skipped":0,"pct":14.29},"branches":{"total":13,"covered":0,"skipped":0,"pct":0}}
[...]
,"/Volumes/my-data/cabloy/cabloy-lerna/src/suite/test-party/modules/test-party/backend/src/controller/test/multilevelAuthorization/role.js": {"lines":{"total":19,"covered":19,"skipped":0,"pct":100},"functions":{"total":4,"covered":4,"skipped":0,"pct":100},"statements":{"total":21,"covered":21,"skipped":0,"pct":100},"branches":{"total":2,"covered":2,"skipped":0,"pct":100}}
,"/Volumes/my-data/cabloy/cabloy-lerna/src/suite/test-party/modules/test-party/backend/src/controller/test/multilevelAuthorization/user.js": {"lines":{"total":20,"covered":20,"skipped":0,"pct":100},"functions":{"total":4,"covered":4,"skipped":0,"pct":100},"statements":{"total":22,"covered":22,"skipped":0,"pct":100},"branches":{"total":4,"covered":4,"skipped":0,"pct":100}}
,"/Volumes/my-data/cabloy/cabloy-lerna/src/suite/test-party/modules/test-party/backend/src/controller/test/resource/all.js": {"lines":{"total":17,"covered":17,"skipped":0,"pct":100},"functions":{"total":2,"covered":2,"skipped":0,"pct":100},"statements":{"total":17,"covered":17,"skipped":0,"pct":100},"branches":{"total":0,"covered":0,"skipped":0,"pct":100}}
,"/Volumes/my-data/cabloy/cabloy-lerna/src/suite/test-party/modules/test-party/backend/src/controller/test/resource/right.js": {"lines":{"total":3,"covered":3,"skipped":0,"pct":100},"functions":{"total":2,"covered":2,"skipped":0,"pct":100},"statements":{"total":3,"covered":3,"skipped":0,"pct":100},"branches":{"total":0,"covered":0,"skipped":0,"pct":100}}
,"/Volumes/my-data/cabloy/cabloy-lerna/src/suite/test-party/modules/test-party/backend/src/controller/test/role/userRole.js": {"lines":{"total":19,"covered":19,"skipped":0,"pct":100},"functions":{"total":2,"covered":2,"skipped":0,"pct":100},"statements":{"total":19,"covered":19,"skipped":0,"pct":100},"branches":{"total":0,"covered":0,"skipped":0,"pct":100}}
,"/Volumes/my-data/cabloy/cabloy-lerna/src/suite/test-party/modules/test-party/backend/src/model/party.js": {"lines":{"total":3,"covered":3,"skipped":0,"pct":100},"functions":{"total":2,"covered":2,"skipped":0,"pct":100},"statements":{"total":3,"covered":3,"skipped":0,"pct":100},"branches":{"total":0,"covered":0,"skipped":0,"pct":100}}
,"/Volumes/my-data/cabloy/cabloy-lerna/src/suite/test-party/modules/test-party/backend/src/service/party.js": {"lines":{"total":14,"covered":5,"skipped":0,"pct":35.71},"functions":{"total":4,"covered":2,"skipped":0,"pct":50},"statements":{"total":15,"covered":5,"skipped":0,"pct":33.33},"branches":{"total":4,"covered":0,"skipped":0,"pct":0}}
,"/Volumes/my-data/cabloy/cabloy-lerna/src/suite/test-party/modules/test-partymonkey-monkey/backend/src/controllers.js": {"lines":{"total":4,"covered":4,"skipped":0,"pct":100},"functions":{"total":1,"covered":1,"skipped":0,"pct":100},"statements":{"total":4,"covered":4,"skipped":0,"pct":100},"branches":{"total":0,"covered":0,"skipped":0,"pct":100}}
,"/Volumes/my-data/cabloy/cabloy-lerna/src/suite/test-party/modules/test-partymonkey-monkey/backend/src/main.js": {"lines":{"total":11,"covered":11,"skipped":0,"pct":100},"functions":{"total":1,"covered":1,"skipped":0,"pct":100},"statements":{"total":11,"covered":11,"skipped":0,"pct":100},"branches":{"total":0,"covered":0,"skipped":0,"pct":100}}
,"/Volumes/my-data/cabloy/cabloy-lerna/src/suite/test-party/modules/test-partymonkey-monkey/backend/src/meta.js": {"lines":{"total":4,"covered":4,"skipped":0,"pct":100},"functions":{"total":1,"covered":1,"skipped":0,"pct":100},"statements":{"total":4,"covered":4,"skipped":0,"pct":100},"branches":{"total":0,"covered":0,"skipped":0,"pct":100}}
,"/Volumes/my-data/cabloy/cabloy-lerna/src/suite/test-party/modules/test-partymonkey-monkey/backend/src/models.js": {"lines":{"total":3,"covered":3,"skipped":0,"pct":100},"functions":{"total":1,"covered":1,"skipped":0,"pct":100},"statements":{"total":3,"covered":3,"skipped":0,"pct":100},"branches":{"total":0,"covered":0,"skipped":0,"pct":100}}
,"/Volumes/my-data/cabloy/cabloy-lerna/src/suite/test-party/modules/test-partymonkey-monkey/backend/src/monkey.js": {"lines":{"total":12,"covered":12,"skipped":0,"pct":100},"functions":{"total":6,"covered":6,"skipped":0,"pct":100},"statements":{"total":15,"covered":15,"skipped":0,"pct":100},"branches":{"total":6,"covered":5,"skipped":0,"pct":83.33}}
,"/Volumes/my-data/cabloy/cabloy-lerna/src/suite/test-party/modules/test-partymonkey-monkey/backend/src/routes.js": {"lines":{"total":3,"covered":3,"skipped":0,"pct":100},"functions":{"total":1,"covered":1,"skipped":0,"pct":100},"statements":{"total":3,"covered":3,"skipped":0,"pct":100},"branches":{"total":0,"covered":0,"skipped":0,"pct":100}}
,"/Volumes/my-data/cabloy/cabloy-lerna/src/suite/test-party/modules/test-partymonkey-monkey/backend/src/services.js": {"lines":{"total":3,"covered":3,"skipped":0,"pct":100},"functions":{"total":1,"covered":1,"skipped":0,"pct":100},"statements":{"total":3,"covered":3,"skipped":0,"pct":100},"branches":{"total":0,"covered":0,"skipped":0,"pct":100}}
,"/Volumes/my-data/cabloy/cabloy-lerna/src/suite/test-party/modules/test-partymonkey-monkey/backend/src/config/config.js": {"lines":{"total":3,"covered":3,"skipped":0,"pct":100},"functions":{"total":1,"covered":1,"skipped":0,"pct":100},"statements":{"total":3,"covered":3,"skipped":0,"pct":100},"branches":{"total":0,"covered":0,"skipped":0,"pct":100}}
,"/Volumes/my-data/cabloy/cabloy-lerna/src/suite/test-party/modules/test-partymonkey-monkey/backend/src/config/errors.js": {"lines":{"total":1,"covered":1,"skipped":0,"pct":100},"functions":{"total":0,"covered":0,"skipped":0,"pct":100},"statements":{"total":1,"covered":1,"skipped":0,"pct":100},"branches":{"total":0,"covered":0,"skipped":0,"pct":100}}
,"/Volumes/my-data/cabloy/cabloy-lerna/src/suite/test-party/modules/test-partymonkey-monkey/backend/src/config/locales.js": {"lines":{"total":1,"covered":1,"skipped":0,"pct":100},"functions":{"total":0,"covered":0,"skipped":0,"pct":100},"statements":{"total":1,"covered":1,"skipped":0,"pct":100},"branches":{"total":0,"covered":0,"skipped":0,"pct":100}}
,"/Volumes/my-data/cabloy/cabloy-lerna/src/suite/test-party/modules/test-partymonkey-monkey/backend/src/config/locale/zh-cn.js": {"lines":{"total":1,"covered":1,"skipped":0,"pct":100},"functions":{"total":0,"covered":0,"skipped":0,"pct":100},"statements":{"total":1,"covered":1,"skipped":0,"pct":100},"branches":{"total":0,"covered":0,"skipped":0,"pct":100}}
,"/Volumes/my-data/cabloy/cabloy-lerna/src/suite/test-party/modules/test-partymonkey-monkey/backend/src/config/validation/schemas.js": {"lines":{"total":3,"covered":3,"skipped":0,"pct":100},"functions":{"total":1,"covered":1,"skipped":0,"pct":100},"statements":{"total":3,"covered":3,"skipped":0,"pct":100},"branches":{"total":0,"covered":0,"skipped":0,"pct":100}}
,"/Volumes/my-data/cabloy/cabloy-lerna/src/suite/test-party/modules/test-partymonkey-monkey/backend/src/controller/monkeyer.js": {"lines":{"total":5,"covered":5,"skipped":0,"pct":100},"functions":{"total":2,"covered":2,"skipped":0,"pct":100},"statements":{"total":5,"covered":5,"skipped":0,"pct":100},"branches":{"total":0,"covered":0,"skipped":0,"pct":100}}
,"/Volumes/my-data/cabloy/cabloy-lerna/src/suite/test-party/modules/test-wechat/backend/src/beans.js": {"lines":{"total":6,"covered":6,"skipped":0,"pct":100},"functions":{"total":1,"covered":1,"skipped":0,"pct":100},"statements":{"total":6,"covered":6,"skipped":0,"pct":100},"branches":{"total":0,"covered":0,"skipped":0,"pct":100}}
,"/Volumes/my-data/cabloy/cabloy-lerna/src/suite/test-party/modules/test-wechat/backend/src/controllers.js": {"lines":{"total":4,"covered":4,"skipped":0,"pct":100},"functions":{"total":1,"covered":1,"skipped":0,"pct":100},"statements":{"total":4,"covered":4,"skipped":0,"pct":100},"branches":{"total":0,"covered":0,"skipped":0,"pct":100}}
,"/Volumes/my-data/cabloy/cabloy-lerna/src/suite/test-party/modules/test-wechat/backend/src/main.js": {"lines":{"total":11,"covered":11,"skipped":0,"pct":100},"functions":{"total":1,"covered":1,"skipped":0,"pct":100},"statements":{"total":11,"covered":11,"skipped":0,"pct":100},"branches":{"total":0,"covered":0,"skipped":0,"pct":100}}
,"/Volumes/my-data/cabloy/cabloy-lerna/src/suite/test-party/modules/test-wechat/backend/src/meta.js": {"lines":{"total":5,"covered":5,"skipped":0,"pct":100},"functions":{"total":1,"covered":1,"skipped":0,"pct":100},"statements":{"total":5,"covered":5,"skipped":0,"pct":100},"branches":{"total":0,"covered":0,"skipped":0,"pct":100}}
,"/Volumes/my-data/cabloy/cabloy-lerna/src/suite/test-party/modules/test-wechat/backend/src/models.js": {"lines":{"total":3,"covered":3,"skipped":0,"pct":100},"functions":{"total":1,"covered":1,"skipped":0,"pct":100},"statements":{"total":3,"covered":3,"skipped":0,"pct":100},"branches":{"total":0,"covered":0,"skipped":0,"pct":100}}
,"/Volumes/my-data/cabloy/cabloy-lerna/src/suite/test-party/modules/test-wechat/backend/src/routes.js": {"lines":{"total":3,"covered":3,"skipped":0,"pct":100},"functions":{"total":1,"covered":1,"skipped":0,"pct":100},"statements":{"total":3,"covered":3,"skipped":0,"pct":100},"branches":{"total":0,"covered":0,"skipped":0,"pct":100}}
,"/Volumes/my-data/cabloy/cabloy-lerna/src/suite/test-party/modules/test-wechat/backend/src/services.js": {"lines":{"total":4,"covered":4,"skipped":0,"pct":100},"functions":{"total":1,"covered":1,"skipped":0,"pct":100},"statements":{"total":4,"covered":4,"skipped":0,"pct":100},"branches":{"total":0,"covered":0,"skipped":0,"pct":100}}
,"/Volumes/my-data/cabloy/cabloy-lerna/src/suite/test-party/modules/test-wechat/backend/src/bean/event.loginInfo.js": {"lines":{"total":9,"covered":8,"skipped":0,"pct":88.89},"functions":{"total":2,"covered":2,"skipped":0,"pct":100},"statements":{"total":9,"covered":8,"skipped":0,"pct":88.89},"branches":{"total":7,"covered":5,"skipped":0,"pct":71.43}}
,"/Volumes/my-data/cabloy/cabloy-lerna/src/suite/test-party/modules/test-wechat/backend/src/bean/event.wechatMessage.js": {"lines":{"total":7,"covered":1,"skipped":0,"pct":14.29},"functions":{"total":2,"covered":0,"skipped":0,"pct":0},"statements":{"total":7,"covered":1,"skipped":0,"pct":14.29},"branches":{"total":2,"covered":0,"skipped":0,"pct":0}}
,"/Volumes/my-data/cabloy/cabloy-lerna/src/suite/test-party/modules/test-wechat/backend/src/bean/event.wechatMessageMini.js": {"lines":{"total":8,"covered":1,"skipped":0,"pct":12.5},"functions":{"total":2,"covered":0,"skipped":0,"pct":0},"statements":{"total":8,"covered":1,"skipped":0,"pct":12.5},"branches":{"total":2,"covered":0,"skipped":0,"pct":0}}
,"/Volumes/my-data/cabloy/cabloy-lerna/src/suite/test-party/modules/test-wechat/backend/src/config/config.js": {"lines":{"total":3,"covered":3,"skipped":0,"pct":100},"functions":{"total":1,"covered":1,"skipped":0,"pct":100},"statements":{"total":3,"covered":3,"skipped":0,"pct":100},"branches":{"total":0,"covered":0,"skipped":0,"pct":100}}
,"/Volumes/my-data/cabloy/cabloy-lerna/src/suite/test-party/modules/test-wechat/backend/src/config/errors.js": {"lines":{"total":1,"covered":1,"skipped":0,"pct":100},"functions":{"total":0,"covered":0,"skipped":0,"pct":100},"statements":{"total":1,"covered":1,"skipped":0,"pct":100},"branches":{"total":0,"covered":0,"skipped":0,"pct":100}}
,"/Volumes/my-data/cabloy/cabloy-lerna/src/suite/test-party/modules/test-wechat/backend/src/config/locales.js": {"lines":{"total":1,"covered":1,"skipped":0,"pct":100},"functions":{"total":0,"covered":0,"skipped":0,"pct":100},"statements":{"total":1,"covered":1,"skipped":0,"pct":100},"branches":{"total":0,"covered":0,"skipped":0,"pct":100}}
,"/Volumes/my-data/cabloy/cabloy-lerna/src/suite/test-party/modules/test-wechat/backend/src/config/locale/zh-cn.js": {"lines":{"total":1,"covered":1,"skipped":0,"pct":100},"functions":{"total":0,"covered":0,"skipped":0,"pct":100},"statements":{"total":1,"covered":1,"skipped":0,"pct":100},"branches":{"total":0,"covered":0,"skipped":0,"pct":100}}
,"/Volumes/my-data/cabloy/cabloy-lerna/src/suite/test-party/modules/test-wechat/backend/src/config/static/layouts.js": {"lines":{"total":4,"covered":4,"skipped":0,"pct":100},"functions":{"total":1,"covered":1,"skipped":0,"pct":100},"statements":{"total":4,"covered":4,"skipped":0,"pct":100},"branches":{"total":0,"covered":0,"skipped":0,"pct":100}}
,"/Volumes/my-data/cabloy/cabloy-lerna/src/suite/test-party/modules/test-wechat/backend/src/config/static/resources.js": {"lines":{"total":3,"covered":3,"skipped":0,"pct":100},"functions":{"total":1,"covered":1,"skipped":0,"pct":100},"statements":{"total":3,"covered":3,"skipped":0,"pct":100},"branches":{"total":0,"covered":0,"skipped":0,"pct":100}}
,"/Volumes/my-data/cabloy/cabloy-lerna/src/suite/test-party/modules/test-wechat/backend/src/config/static/layout/layoutTest.js": {"lines":{"total":4,"covered":4,"skipped":0,"pct":100},"functions":{"total":1,"covered":1,"skipped":0,"pct":100},"statements":{"total":4,"covered":4,"skipped":0,"pct":100},"branches":{"total":0,"covered":0,"skipped":0,"pct":100}}
,"/Volumes/my-data/cabloy/cabloy-lerna/src/suite/test-party/modules/test-wechat/backend/src/controller/test.js": {"lines":{"total":6,"covered":2,"skipped":0,"pct":33.33},"functions":{"total":3,"covered":1,"skipped":0,"pct":33.33},"statements":{"total":6,"covered":2,"skipped":0,"pct":33.33},"branches":{"total":0,"covered":0,"skipped":0,"pct":100}}
,"/Volumes/my-data/cabloy/cabloy-lerna/src/suite/test-party/modules/test-wechat/backend/src/service/test.js": {"lines":{"total":7,"covered":2,"skipped":0,"pct":28.57},"functions":{"total":4,"covered":1,"skipped":0,"pct":25},"statements":{"total":7,"covered":2,"skipped":0,"pct":28.57},"branches":{"total":0,"covered":0,"skipped":0,"pct":100}}
,"/Volumes/my-data/cabloy/cabloy-lerna/src/suite/test-party/modules/test-wxwork/backend/src/beans.js": {"lines":{"total":5,"covered":5,"skipped":0,"pct":100},"functions":{"total":1,"covered":1,"skipped":0,"pct":100},"statements":{"total":5,"covered":5,"skipped":0,"pct":100},"branches":{"total":0,"covered":0,"skipped":0,"pct":100}}
,"/Volumes/my-data/cabloy/cabloy-lerna/src/suite/test-party/modules/test-wxwork/backend/src/controllers.js": {"lines":{"total":4,"covered":4,"skipped":0,"pct":100},"functions":{"total":1,"covered":1,"skipped":0,"pct":100},"statements":{"total":4,"covered":4,"skipped":0,"pct":100},"branches":{"total":0,"covered":0,"skipped":0,"pct":100}}
,"/Volumes/my-data/cabloy/cabloy-lerna/src/suite/test-party/modules/test-wxwork/backend/src/main.js": {"lines":{"total":11,"covered":11,"skipped":0,"pct":100},"functions":{"total":1,"covered":1,"skipped":0,"pct":100},"statements":{"total":11,"covered":11,"skipped":0,"pct":100},"branches":{"total":0,"covered":0,"skipped":0,"pct":100}}
,"/Volumes/my-data/cabloy/cabloy-lerna/src/suite/test-party/modules/test-wxwork/backend/src/meta.js": {"lines":{"total":5,"covered":5,"skipped":0,"pct":100},"functions":{"total":1,"covered":1,"skipped":0,"pct":100},"statements":{"total":5,"covered":5,"skipped":0,"pct":100},"branches":{"total":0,"covered":0,"skipped":0,"pct":100}}
,"/Volumes/my-data/cabloy/cabloy-lerna/src/suite/test-party/modules/test-wxwork/backend/src/models.js": {"lines":{"total":3,"covered":3,"skipped":0,"pct":100},"functions":{"total":1,"covered":1,"skipped":0,"pct":100},"statements":{"total":3,"covered":3,"skipped":0,"pct":100},"branches":{"total":0,"covered":0,"skipped":0,"pct":100}}
,"/Volumes/my-data/cabloy/cabloy-lerna/src/suite/test-party/modules/test-wxwork/backend/src/routes.js": {"lines":{"total":3,"covered":3,"skipped":0,"pct":100},"functions":{"total":1,"covered":1,"skipped":0,"pct":100},"statements":{"total":3,"covered":3,"skipped":0,"pct":100},"branches":{"total":0,"covered":0,"skipped":0,"pct":100}}
,"/Volumes/my-data/cabloy/cabloy-lerna/src/suite/test-party/modules/test-wxwork/backend/src/services.js": {"lines":{"total":4,"covered":4,"skipped":0,"pct":100},"functions":{"total":1,"covered":1,"skipped":0,"pct":100},"statements":{"total":4,"covered":4,"skipped":0,"pct":100},"branches":{"total":0,"covered":0,"skipped":0,"pct":100}}
,"/Volumes/my-data/cabloy/cabloy-lerna/src/suite/test-party/modules/test-wxwork/backend/src/bean/event.loginInfo.js": {"lines":{"total":9,"covered":8,"skipped":0,"pct":88.89},"functions":{"total":2,"covered":2,"skipped":0,"pct":100},"statements":{"total":9,"covered":8,"skipped":0,"pct":88.89},"branches":{"total":7,"covered":5,"skipped":0,"pct":71.43}}
,"/Volumes/my-data/cabloy/cabloy-lerna/src/suite/test-party/modules/test-wxwork/backend/src/bean/event.wxworkMessage.js": {"lines":{"total":7,"covered":1,"skipped":0,"pct":14.29},"functions":{"total":2,"covered":0,"skipped":0,"pct":0},"statements":{"total":7,"covered":1,"skipped":0,"pct":14.29},"branches":{"total":2,"covered":0,"skipped":0,"pct":0}}
,"/Volumes/my-data/cabloy/cabloy-lerna/src/suite/test-party/modules/test-wxwork/backend/src/config/config.js": {"lines":{"total":3,"covered":3,"skipped":0,"pct":100},"functions":{"total":1,"covered":1,"skipped":0,"pct":100},"statements":{"total":3,"covered":3,"skipped":0,"pct":100},"branches":{"total":0,"covered":0,"skipped":0,"pct":100}}
,"/Volumes/my-data/cabloy/cabloy-lerna/src/suite/test-party/modules/test-wxwork/backend/src/config/errors.js": {"lines":{"total":1,"covered":1,"skipped":0,"pct":100},"functions":{"total":0,"covered":0,"skipped":0,"pct":100},"statements":{"total":1,"covered":1,"skipped":0,"pct":100},"branches":{"total":0,"covered":0,"skipped":0,"pct":100}}
,"/Volumes/my-data/cabloy/cabloy-lerna/src/suite/test-party/modules/test-wxwork/backend/src/config/locales.js": {"lines":{"total":1,"covered":1,"skipped":0,"pct":100},"functions":{"total":0,"covered":0,"skipped":0,"pct":100},"statements":{"total":1,"covered":1,"skipped":0,"pct":100},"branches":{"total":0,"covered":0,"skipped":0,"pct":100}}
,"/Volumes/my-data/cabloy/cabloy-lerna/src/suite/test-party/modules/test-wxwork/backend/src/config/locale/zh-cn.js": {"lines":{"total":1,"covered":1,"skipped":0,"pct":100},"functions":{"total":0,"covered":0,"skipped":0,"pct":100},"statements":{"total":1,"covered":1,"skipped":0,"pct":100},"branches":{"total":0,"covered":0,"skipped":0,"pct":100}}
,"/Volumes/my-data/cabloy/cabloy-lerna/src/suite/test-party/modules/test-wxwork/backend/src/config/static/layouts.js": {"lines":{"total":4,"covered":4,"skipped":0,"pct":100},"functions":{"total":1,"covered":1,"skipped":0,"pct":100},"statements":{"total":4,"covered":4,"skipped":0,"pct":100},"branches":{"total":0,"covered":0,"skipped":0,"pct":100}}
,"/Volumes/my-data/cabloy/cabloy-lerna/src/suite/test-party/modules/test-wxwork/backend/src/config/static/resources.js": {"lines":{"total":3,"covered":3,"skipped":0,"pct":100},"functions":{"total":1,"covered":1,"skipped":0,"pct":100},"statements":{"total":3,"covered":3,"skipped":0,"pct":100},"branches":{"total":0,"covered":0,"skipped":0,"pct":100}}
,"/Volumes/my-data/cabloy/cabloy-lerna/src/suite/test-party/modules/test-wxwork/backend/src/config/static/layout/layoutTest.js": {"lines":{"total":4,"covered":4,"skipped":0,"pct":100},"functions":{"total":1,"covered":1,"skipped":0,"pct":100},"statements":{"total":4,"covered":4,"skipped":0,"pct":100},"branches":{"total":0,"covered":0,"skipped":0,"pct":100}}
,"/Volumes/my-data/cabloy/cabloy-lerna/src/suite/test-party/modules/test-wxwork/backend/src/controller/test.js": {"lines":{"total":6,"covered":2,"skipped":0,"pct":33.33},"functions":{"total":3,"covered":1,"skipped":0,"pct":33.33},"statements":{"total":6,"covered":2,"skipped":0,"pct":33.33},"branches":{"total":0,"covered":0,"skipped":0,"pct":100}}
,"/Volumes/my-data/cabloy/cabloy-lerna/src/suite/test-party/modules/test-wxwork/backend/src/service/test.js": {"lines":{"total":7,"covered":2,"skipped":0,"pct":28.57},"functions":{"total":3,"covered":1,"skipped":0,"pct":33.33},"statements":{"total":7,"covered":2,"skipped":0,"pct":28.57},"branches":{"total":0,"covered":0,"skipped":0,"pct":100}}
}
