TN:
SF:/Volumes/my-data/cabloy/cabloy-lerna/build/config.js
FNF:0
FNH:0
DA:8,1
DA:23,1
DA:36,1
LF:3
LH:3
BRF:0
BRH:0
end_of_record
TN:
SF:/Volumes/my-data/cabloy/cabloy-lerna/packages/egg-born-backend/app.js
FN:1,(anonymous_0)
FNF:1
FNH:1
FNDA:1,(anonymous_0)
DA:1,1
DA:3,1
DA:4,1
DA:5,0
DA:7,1
DA:10,1
DA:11,1
DA:12,1
LF:8
LH:7
BRDA:4,0,0,0
BRDA:4,0,1,1
BRDA:11,1,0,1
BRDA:11,1,1,0
BRF:4
BRH:2
end_of_record
TN:
SF:/Volumes/my-data/cabloy/cabloy-lerna/packages/egg-born-backend/index.js
FNF:0
FNH:0
DA:1,1
DA:2,1
DA:3,1
DA:7,1
DA:8,1
DA:9,1
DA:11,1
DA:12,1
DA:14,1
LF:9
LH:9
BRF:0
BRH:0
end_of_record
TN:
SF:/Volumes/my-data/cabloy/cabloy-lerna/packages/egg-born-backend/app/extend/context.js
FN:18,(anonymous_0)
FN:26,(anonymous_1)
FN:32,(anonymous_2)
FN:38,(anonymous_3)
FN:41,(anonymous_4)
FN:50,(anonymous_5)
FN:57,(anonymous_6)
FN:60,(anonymous_7)
FN:63,(anonymous_8)
FN:66,(anonymous_9)
FN:69,(anonymous_10)
FN:72,(anonymous_11)
FN:75,(anonymous_12)
FN:78,(anonymous_13)
FN:81,(anonymous_14)
FN:91,(anonymous_15)
FN:94,(anonymous_16)
FN:101,(anonymous_17)
FN:112,(anonymous_18)
FN:119,(anonymous_19)
FN:132,(anonymous_20)
FN:163,(anonymous_21)
FN:168,(anonymous_22)
FN:176,(anonymous_23)
FN:180,(anonymous_24)
FN:184,(anonymous_25)
FN:189,(anonymous_26)
FN:194,(anonymous_27)
FN:198,(anonymous_28)
FNF:29
FNH:24
FNDA:82763,(anonymous_0)
FNDA:13783,(anonymous_1)
FNDA:61528,(anonymous_2)
FNDA:1,(anonymous_3)
FNDA:75077,(anonymous_4)
FNDA:3105,(anonymous_5)
FNDA:387,(anonymous_6)
FNDA:1005,(anonymous_7)
FNDA:10570,(anonymous_8)
FNDA:11045,(anonymous_9)
FNDA:7522,(anonymous_10)
FNDA:2462,(anonymous_11)
FNDA:57,(anonymous_12)
FNDA:2300,(anonymous_13)
FNDA:3105,(anonymous_14)
FNDA:10425,(anonymous_15)
FNDA:1221,(anonymous_16)
FNDA:4738,(anonymous_17)
FNDA:6349,(anonymous_18)
FNDA:0,(anonymous_19)
FNDA:0,(anonymous_20)
FNDA:0,(anonymous_21)
FNDA:3,(anonymous_22)
FNDA:2,(anonymous_23)
FNDA:0,(anonymous_24)
FNDA:1,(anonymous_25)
FNDA:0,(anonymous_26)
FNDA:35,(anonymous_27)
FNDA:1,(anonymous_28)
DA:1,1
DA:2,1
DA:3,1
DA:4,1
DA:5,1
DA:7,1
DA:8,1
DA:9,1
DA:10,1
DA:11,1
DA:12,1
DA:13,1
DA:14,1
DA:15,1
DA:17,1
DA:19,82763
DA:20,7797
DA:21,7797
DA:22,7797
DA:24,82763
DA:27,13783
DA:28,5089
DA:30,13783
DA:33,61528
DA:34,3443
DA:36,61528
DA:39,1
DA:42,75077
DA:43,3718
DA:48,75077
DA:52,3105
DA:53,585
DA:54,585
DA:58,387
DA:61,1005
DA:64,10570
DA:67,11045
DA:70,7522
DA:73,2462
DA:76,57
DA:79,2300
DA:83,3105
DA:85,3105
DA:87,3105
DA:89,3105
DA:92,10425
DA:95,1221
DA:96,415
DA:98,806
DA:102,4738
DA:103,5543
DA:104,5543
DA:105,805
DA:106,805
DA:108,0
DA:113,6349
DA:114,4739
DA:116,6349
DA:120,0
DA:121,0
DA:133,0
DA:134,0
DA:164,0
DA:165,0
DA:169,3
DA:177,2
DA:181,0
DA:185,1
DA:186,1
DA:190,0
DA:191,0
DA:195,35
DA:199,1
LF:73
LH:63
BRDA:19,0,0,7797
BRDA:19,0,1,74966
BRDA:20,1,0,7797
BRDA:20,1,1,7797
BRDA:20,1,2,0
BRDA:22,2,0,7797
BRDA:22,2,1,0
BRDA:27,3,0,5089
BRDA:27,3,1,8694
BRDA:33,4,0,3443
BRDA:33,4,1,58085
BRDA:42,5,0,3718
BRDA:42,5,1,71359
BRDA:52,6,0,585
BRDA:52,6,1,2520
BRDA:67,7,0,11045
BRDA:67,7,1,2103
BRDA:73,8,0,2202
BRDA:73,8,1,260
BRDA:95,9,0,415
BRDA:95,9,1,806
BRDA:104,10,0,4738
BRDA:104,10,1,805
BRDA:113,11,0,4739
BRDA:113,11,1,1610
BRDA:170,12,0,3
BRDA:170,12,1,3
BRDA:170,12,2,2
BRDA:170,12,3,2
BRDA:170,12,4,1
BRDA:170,12,5,1
BRDA:186,13,0,1
BRDA:186,13,1,1
BRDA:186,13,2,0
BRDA:195,14,0,35
BRDA:195,14,1,35
BRDA:195,14,2,34
BRF:37
BRH:34
end_of_record
TN:
SF:/Volumes/my-data/cabloy/cabloy-lerna/packages/egg-born-backend/app/io/middleware/connection.js
FN:3,(anonymous_0)
FN:4,loadMiddlewares
FN:17,(anonymous_2)
FN:25,wrapMiddleware
FN:26,(anonymous_4)
FNF:5
FNH:1
FNDA:1,(anonymous_0)
FNDA:0,loadMiddlewares
FNDA:0,(anonymous_2)
FNDA:0,wrapMiddleware
FNDA:0,(anonymous_4)
DA:1,1
DA:3,1
DA:5,0
DA:8,0
DA:9,0
DA:10,0
DA:12,0
DA:15,1
DA:17,1
DA:18,0
DA:19,0
DA:21,0
DA:26,0
DA:28,0
DA:29,0
DA:32,0
DA:33,0
DA:35,0
DA:36,0
LF:19
LH:4
BRDA:18,0,0,0
BRDA:18,0,1,0
BRDA:28,1,0,0
BRDA:28,1,1,0
BRF:4
BRH:0
end_of_record
TN:
SF:/Volumes/my-data/cabloy/cabloy-lerna/packages/egg-born-backend/app/io/middleware/packet.js
FN:3,(anonymous_0)
FN:4,loadMiddlewares
FN:17,(anonymous_2)
FN:25,wrapMiddleware
FN:26,(anonymous_4)
FNF:5
FNH:1
FNDA:1,(anonymous_0)
FNDA:0,loadMiddlewares
FNDA:0,(anonymous_2)
FNDA:0,wrapMiddleware
FNDA:0,(anonymous_4)
DA:1,1
DA:3,1
DA:5,0
DA:8,0
DA:9,0
DA:10,0
DA:12,0
DA:15,1
DA:17,1
DA:18,0
DA:19,0
DA:21,0
DA:26,0
DA:28,0
DA:29,0
DA:32,0
DA:33,0
DA:35,0
DA:36,0
LF:19
LH:4
BRDA:18,0,0,0
BRDA:18,0,1,0
BRDA:28,1,0,0
BRDA:28,1,1,0
BRF:4
BRH:0
end_of_record
TN:
SF:/Volumes/my-data/cabloy/cabloy-lerna/packages/egg-born-backend/app/middleware/appReady.js
FN:1,(anonymous_0)
FN:2,(anonymous_1)
FNF:2
FNH:2
FNDA:1,(anonymous_0)
FNDA:332,(anonymous_1)
DA:1,1
DA:2,1
DA:4,332
DA:5,275
DA:8,332
LF:5
LH:5
BRDA:4,0,0,275
BRDA:4,0,1,57
BRF:2
BRH:2
end_of_record
TN:
SF:/Volumes/my-data/cabloy/cabloy-lerna/packages/egg-born-backend/app/middleware/instance.js
FN:1,(anonymous_0)
FN:2,(anonymous_1)
FNF:2
FNH:2
FNDA:1,(anonymous_0)
FNDA:332,(anonymous_1)
DA:1,1
DA:2,1
DA:4,332
DA:6,332
LF:4
LH:4
BRF:0
BRH:0
end_of_record
TN:
SF:/Volumes/my-data/cabloy/cabloy-lerna/packages/egg-born-backend/app/middleware/jwt.js
FN:5,__checkIfJWT
FN:9,__getToken
FN:34,__splitCookie
FN:41,__parseCookiesRequest
FN:45,(anonymous_4)
FN:46,(anonymous_5)
FN:54,__parseCookiesResponse
FN:63,__combineCookies
FN:71,__combineJwtToken
FN:79,__combineJwtTokens
FN:92,__checkIfRefreshToken
FN:96,(anonymous_11)
FN:100,_handleNext
FN:145,jwt
FN:148,(anonymous_14)
FNF:15
FNH:15
FNDA:332,__checkIfJWT
FNDA:332,__getToken
FNDA:46,__splitCookie
FNDA:10,__parseCookiesRequest
FNDA:20,(anonymous_4)
FNDA:20,(anonymous_5)
FNDA:12,__parseCookiesResponse
FNDA:12,__combineCookies
FNDA:24,__combineJwtToken
FNDA:12,__combineJwtTokens
FNDA:11,__checkIfRefreshToken
FNDA:1,(anonymous_11)
FNDA:332,_handleNext
FNDA:332,jwt
FNDA:332,(anonymous_14)
DA:1,1
DA:2,1
DA:3,1
DA:6,332
DA:11,332
DA:14,275
DA:15,13
DA:16,13
DA:17,11
DA:18,11
DA:19,11
DA:20,11
DA:24,275
DA:27,264
DA:28,264
DA:31,264
DA:35,46
DA:36,46
DA:37,46
DA:38,46
DA:42,10
DA:43,10
DA:45,20
DA:46,20
DA:47,10
DA:48,20
DA:49,20
DA:51,10
DA:55,12
DA:56,12
DA:57,26
DA:58,26
DA:60,12
DA:64,12
DA:65,12
DA:66,34
DA:68,12
DA:72,24
DA:76,24
DA:80,12
DA:82,12
DA:84,12
DA:85,12
DA:93,11
DA:96,1
DA:97,1
DA:98,1
DA:99,1
DA:104,332
DA:106,332
DA:108,13
DA:109,13
DA:111,11
DA:112,11
DA:113,11
DA:115,11
DA:116,11
DA:117,11
DA:118,11
DA:120,11
DA:126,332
DA:128,323
DA:130,12
DA:131,12
DA:133,12
DA:135,12
DA:137,12
DA:138,12
DA:139,12
DA:140,12
DA:142,12
DA:145,1
DA:147,332
DA:148,332
DA:149,332
DA:150,332
DA:152,9
DA:157,0
DA:159,332
LF:79
LH:78
BRDA:6,0,0,332
BRDA:6,0,1,275
BRDA:6,0,2,262
BRDA:11,1,0,57
BRDA:11,1,1,275
BRDA:14,2,0,13
BRDA:14,2,1,262
BRDA:16,3,0,11
BRDA:16,3,1,2
BRDA:19,4,0,11
BRDA:19,4,1,0
BRDA:24,5,0,11
BRDA:24,5,1,264
BRDA:28,6,0,0
BRDA:28,6,1,264
BRDA:43,7,0,10
BRDA:43,7,1,0
BRDA:93,8,0,11
BRDA:93,8,1,11
BRDA:97,9,0,1
BRDA:97,9,1,1
BRDA:106,10,0,13
BRDA:106,10,1,319
BRDA:109,11,0,11
BRDA:109,11,1,2
BRDA:111,12,0,11
BRDA:111,12,1,11
BRDA:112,13,0,11
BRDA:112,13,1,0
BRDA:117,14,0,11
BRDA:117,14,1,0
BRDA:118,15,0,11
BRDA:118,15,1,0
BRDA:128,16,0,12
BRDA:128,16,1,311
BRDA:128,17,0,323
BRDA:128,17,1,12
BRDA:128,17,2,12
BRDA:128,17,3,12
BRDA:130,18,0,10
BRDA:130,18,1,2
BRDA:139,19,0,0
BRDA:139,19,1,12
BRDA:159,20,0,9
BRDA:159,20,1,323
BRF:45
BRH:38
end_of_record
TN:
SF:/Volumes/my-data/cabloy/cabloy-lerna/packages/egg-born-backend/config/config.default.js
FN:14,(anonymous_0)
FN:41,(anonymous_1)
FN:222,(anonymous_2)
FN:235,(anonymous_3)
FN:267,getFullPath
FN:287,onQuery
FN:294,onConnection
FN:298,sessionVariablesSet
FN:303,sessionVariableSet
FNF:9
FNH:6
FNDA:2,(anonymous_0)
FNDA:0,(anonymous_1)
FNDA:9,(anonymous_2)
FNDA:0,(anonymous_3)
FNDA:0,getFullPath
FNDA:25885,onQuery
FNDA:7,onConnection
FNDA:7,sessionVariablesSet
FNDA:14,sessionVariableSet
DA:1,1
DA:3,1
DA:4,1
DA:5,1
DA:11,1
DA:14,1
DA:15,2
DA:18,2
DA:26,2
DA:33,2
DA:42,0
DA:47,2
DA:69,2
DA:74,2
DA:80,2
DA:83,2
DA:88,2
DA:96,2
DA:101,2
DA:106,2
DA:112,2
DA:139,2
DA:149,2
DA:153,2
DA:158,2
DA:185,2
DA:211,2
DA:221,2
DA:224,9
DA:226,9
DA:227,4
DA:228,4
DA:229,0
DA:230,0
DA:233,9
DA:236,0
DA:238,0
DA:239,0
DA:240,0
DA:243,0
DA:249,0
DA:251,0
DA:252,0
DA:253,0
DA:254,0
DA:255,0
DA:260,0
DA:264,2
DA:268,0
DA:269,0
DA:271,0
DA:272,0
DA:274,0
DA:275,0
DA:278,0
DA:279,0
DA:280,0
DA:281,0
DA:283,0
DA:284,0
DA:288,25885
DA:289,5
DA:290,5
DA:295,7
DA:299,7
DA:300,7
DA:304,14
DA:305,14
DA:306,14
DA:308,0
LF:70
LH:42
BRDA:224,0,0,0
BRDA:224,0,1,9
BRDA:224,1,0,9
BRDA:224,1,1,9
BRDA:224,1,2,2
BRDA:226,2,0,4
BRDA:226,2,1,5
BRDA:226,3,0,9
BRDA:226,3,1,9
BRDA:227,4,0,4
BRDA:227,4,1,4
BRDA:227,4,2,4
BRDA:228,5,0,0
BRDA:228,5,1,4
BRDA:228,6,0,4
BRDA:228,6,1,4
BRDA:239,7,0,0
BRDA:239,7,1,0
BRDA:249,8,0,0
BRDA:249,8,1,0
BRDA:249,9,0,0
BRDA:249,9,1,0
BRDA:254,10,0,0
BRDA:254,10,1,0
BRDA:271,11,0,0
BRDA:271,11,1,0
BRDA:274,12,0,0
BRDA:274,12,1,0
BRDA:280,13,0,0
BRDA:280,13,1,0
BRDA:283,14,0,0
BRDA:283,14,1,0
BRDA:288,15,0,5
BRDA:288,15,1,25880
BRDA:288,16,0,25885
BRDA:288,16,1,25885
BRF:36
BRH:18
end_of_record
TN:
SF:/Volumes/my-data/cabloy/cabloy-lerna/packages/egg-born-backend/config/config.unittest.js
FN:1,(anonymous_0)
FNF:1
FNH:1
FNDA:2,(anonymous_0)
DA:1,1
DA:2,2
DA:5,2
DA:18,2
LF:4
LH:4
BRF:0
BRH:0
end_of_record
TN:
SF:/Volumes/my-data/cabloy/cabloy-lerna/packages/egg-born-backend/config/plugin.unittest.js
FNF:0
FNH:0
DA:1,1
LF:1
LH:1
BRF:0
BRH:0
end_of_record
TN:
SF:/Volumes/my-data/cabloy/cabloy-lerna/packages/egg-born-backend/config/locale/zh-cn.js
FNF:0
FNH:0
DA:1,1
LF:1
LH:1
BRF:0
BRH:0
end_of_record
TN:
SF:/Volumes/my-data/cabloy/cabloy-lerna/packages/egg-born-backend/lib/framework.js
FN:9,(anonymous_0)
FN:12,(anonymous_1)
FN:18,(anonymous_2)
FN:21,(anonymous_3)
FNF:4
FNH:4
FNDA:1,(anonymous_0)
FNDA:1,(anonymous_1)
FNDA:1,(anonymous_2)
FNDA:1,(anonymous_3)
DA:1,1
DA:2,1
DA:3,1
DA:4,1
DA:5,1
DA:6,1
DA:10,1
DA:13,1
DA:19,1
DA:22,1
DA:26,1
LF:11
LH:11
BRF:0
BRH:0
end_of_record
TN:
SF:/Volumes/my-data/cabloy/cabloy-lerna/packages/egg-born-backend/lib/base/constants.js
FNF:0
FNH:0
DA:1,1
LF:1
LH:1
BRF:0
BRH:0
end_of_record
TN:
SF:/Volumes/my-data/cabloy/cabloy-lerna/packages/egg-born-backend/lib/base/dbTransaction.js
FN:2,(anonymous_0)
FN:7,(anonymous_1)
FN:10,(anonymous_2)
FN:13,(anonymous_3)
FN:16,(anonymous_4)
FNF:5
FNH:4
FNDA:3718,(anonymous_0)
FNDA:62356,(anonymous_1)
FNDA:11164,(anonymous_2)
FNDA:0,(anonymous_3)
FNDA:387,(anonymous_4)
DA:1,1
DA:3,3718
DA:4,3718
DA:5,3718
DA:8,62356
DA:11,11164
DA:14,0
DA:18,387
DA:19,387
DA:20,387
DA:21,387
DA:24,0
DA:25,0
DA:27,387
DA:28,387
DA:30,1
DA:31,1
DA:32,1
DA:34,1
DA:36,386
DA:37,386
DA:38,386
DA:39,386
DA:42,0
DA:43,0
DA:44,0
DA:46,386
LF:27
LH:21
BRDA:20,0,0,387
BRDA:20,0,1,0
BRDA:30,1,0,1
BRDA:30,1,1,0
BRDA:37,2,0,386
BRDA:37,2,1,0
BRF:6
BRH:3
end_of_record
TN:
SF:/Volumes/my-data/cabloy/cabloy-lerna/packages/egg-born-backend/lib/base/error.js
FN:1,(anonymous_0)
FN:3,(anonymous_1)
FN:8,(anonymous_2)
FN:16,(anonymous_3)
FN:24,(anonymous_4)
FN:33,(anonymous_5)
FN:38,(anonymous_6)
FN:42,(anonymous_7)
FNF:8
FNH:8
FNDA:7797,(anonymous_0)
FNDA:7797,(anonymous_1)
FNDA:323,(anonymous_2)
FNDA:1,(anonymous_3)
FNDA:7,(anonymous_4)
FNDA:8,(anonymous_5)
FNDA:323,(anonymous_6)
FNDA:331,(anonymous_7)
DA:1,1
DA:4,7797
DA:9,323
DA:11,323
DA:12,323
DA:13,323
DA:17,1
DA:19,1
DA:20,1
DA:21,1
DA:25,7
DA:26,7
DA:27,7
DA:28,7
DA:29,7
DA:30,7
DA:34,8
DA:35,8
DA:39,323
DA:43,331
DA:44,331
DA:46,331
DA:47,0
DA:48,0
DA:49,331
DA:50,8
DA:53,331
DA:54,323
DA:57,331
DA:60,7797
LF:30
LH:28
BRDA:21,0,0,1
BRDA:21,0,1,0
BRDA:29,1,0,4
BRDA:29,1,1,3
BRDA:34,2,0,0
BRDA:34,2,1,8
BRDA:46,3,0,0
BRDA:46,3,1,331
BRDA:49,4,0,8
BRDA:49,4,1,323
BRDA:53,5,0,323
BRDA:53,5,1,8
BRF:12
BRH:9
end_of_record
TN:
SF:/Volumes/my-data/cabloy/cabloy-lerna/packages/egg-born-backend/lib/base/json.js
FN:5,__patchJSON
FN:9,__jsonReviver
FN:19,(anonymous_2)
FN:20,(anonymous_3)
FN:27,(anonymous_4)
FN:28,(anonymous_5)
FNF:6
FNH:6
FNDA:1,__patchJSON
FNDA:156570,__jsonReviver
FNDA:21795,(anonymous_2)
FNDA:156538,(anonymous_3)
FNDA:4,(anonymous_4)
FNDA:32,(anonymous_5)
DA:1,1
DA:3,1
DA:8,1
DA:10,156570
DA:11,10095
DA:13,156570
DA:14,0
DA:18,1
DA:19,1
DA:20,21795
DA:21,156538
DA:26,1
DA:27,1
DA:28,4
DA:29,32
DA:33,1
LF:16
LH:15
BRDA:10,0,0,10095
BRDA:10,0,1,146475
BRDA:10,1,0,156570
BRDA:10,1,1,112884
BRDA:10,1,2,58426
BRDA:13,2,0,156570
BRDA:13,2,1,0
BRF:7
BRH:6
end_of_record
TN:
SF:/Volumes/my-data/cabloy/cabloy-lerna/packages/egg-born-backend/lib/base/model.js
FN:9,(anonymous_0)
FN:11,(anonymous_1)
FN:20,(anonymous_2)
FN:32,(anonymous_3)
FN:45,(anonymous_4)
FN:54,(anonymous_5)
FN:73,(anonymous_6)
FN:75,(anonymous_7)
FN:77,(anonymous_8)
FN:87,(anonymous_9)
FN:89,(anonymous_10)
FN:90,(anonymous_11)
FN:101,(anonymous_12)
FN:103,(anonymous_13)
FN:104,(anonymous_14)
FN:117,(anonymous_15)
FN:119,(anonymous_16)
FN:120,(anonymous_17)
FN:136,(anonymous_18)
FN:138,(anonymous_19)
FN:139,(anonymous_20)
FN:151,(anonymous_21)
FN:153,(anonymous_22)
FN:154,(anonymous_23)
FN:169,(anonymous_24)
FN:171,(anonymous_25)
FN:172,(anonymous_26)
FN:185,(anonymous_27)
FN:187,(anonymous_28)
FN:188,(anonymous_29)
FN:195,(anonymous_30)
FN:197,(anonymous_31)
FN:198,(anonymous_32)
FN:208,(anonymous_33)
FN:217,_formatOrAnd
FN:229,_formatWhere
FN:277,_formatValue
FN:299,_safeOp
FNF:38
FNH:36
FNDA:12261,(anonymous_0)
FNDA:19694,(anonymous_1)
FNDA:383,(anonymous_2)
FNDA:378,(anonymous_3)
FNDA:16209,(anonymous_4)
FNDA:2142,(anonymous_5)
FNDA:122610,(anonymous_6)
FNDA:8698,(anonymous_7)
FNDA:4965,(anonymous_8)
FNDA:12261,(anonymous_9)
FNDA:2142,(anonymous_10)
FNDA:2142,(anonymous_11)
FNDA:12261,(anonymous_12)
FNDA:4181,(anonymous_13)
FNDA:4181,(anonymous_14)
FNDA:12261,(anonymous_15)
FNDA:638,(anonymous_16)
FNDA:638,(anonymous_17)
FNDA:12261,(anonymous_18)
FNDA:482,(anonymous_19)
FNDA:482,(anonymous_20)
FNDA:12261,(anonymous_21)
FNDA:12218,(anonymous_22)
FNDA:12218,(anonymous_23)
FNDA:12261,(anonymous_24)
FNDA:629,(anonymous_25)
FNDA:629,(anonymous_26)
FNDA:12261,(anonymous_27)
FNDA:0,(anonymous_28)
FNDA:0,(anonymous_29)
FNDA:12261,(anonymous_30)
FNDA:1380,(anonymous_31)
FNDA:690,(anonymous_32)
FNDA:16860,(anonymous_33)
FNDA:69,_formatOrAnd
FNDA:17048,_formatWhere
FNDA:35,_formatValue
FNDA:35,_safeOp
DA:1,1
DA:2,1
DA:3,1
DA:5,1
DA:6,1
DA:7,1
DA:9,1
DA:12,19694
DA:13,19694
DA:14,19694
DA:16,19694
DA:21,383
DA:22,383
DA:23,14
DA:24,14
DA:25,14
DA:26,144
DA:29,383
DA:34,378
DA:36,378
DA:37,378
DA:38,3907
DA:39,1771
DA:42,378
DA:46,16209
DA:47,15824
DA:49,16209
DA:50,8400
DA:55,2142
DA:56,1
DA:57,2
DA:62,12261
DA:74,122610
DA:76,8698
DA:77,8698
DA:78,4965
DA:82,0
DA:87,12261
DA:88,12261
DA:90,2142
DA:91,2142
DA:92,2142
DA:93,2142
DA:94,2142
DA:95,2142
DA:101,12261
DA:102,12261
DA:104,4181
DA:105,4181
DA:106,4181
DA:107,4280
DA:108,4181
DA:109,99
DA:111,4181
DA:117,12261
DA:118,12261
DA:120,638
DA:121,638
DA:122,638
DA:123,638
DA:124,638
DA:125,638
DA:126,638
DA:127,292
DA:128,292
DA:130,346
DA:136,12261
DA:137,12261
DA:139,482
DA:140,482
DA:141,482
DA:142,482
DA:143,482
DA:144,482
DA:145,482
DA:151,12261
DA:152,12261
DA:154,12218
DA:155,12218
DA:156,12218
DA:157,12218
DA:158,12218
DA:162,12218
DA:163,12218
DA:169,12261
DA:170,12261
DA:172,629
DA:173,629
DA:174,629
DA:175,629
DA:176,629
DA:177,629
DA:178,629
DA:179,629
DA:185,12261
DA:186,12261
DA:188,0
DA:189,0
DA:195,12261
DA:196,12261
DA:198,1380
DA:199,690
DA:200,690
DA:201,322
DA:208,12261
DA:209,16860
DA:210,16860
DA:211,16854
DA:214,12261
DA:218,69
DA:219,69
DA:220,188
DA:221,188
DA:222,188
DA:225,69
DA:226,69
DA:230,17048
DA:231,0
DA:234,17048
DA:235,17048
DA:236,51476
DA:238,51476
DA:240,69
DA:241,69
DA:242,69
DA:244,69
DA:246,51407
DA:248,0
DA:249,0
DA:250,0
DA:252,0
DA:255,51407
DA:256,7
DA:257,51400
DA:258,132
DA:259,51268
DA:261,96
DA:262,96
DA:264,96
DA:265,61
DA:267,35
DA:270,51172
DA:273,17048
DA:274,17042
DA:278,35
DA:280,35
DA:281,0
DA:283,35
DA:286,35
DA:287,35
DA:288,35
DA:289,35
DA:291,29
DA:292,5
DA:293,5
DA:296,24
DA:300,35
LF:157
LH:148
BRDA:11,0,0,12259
BRDA:15,1,0,12259
BRDA:15,1,1,7435
BRDA:17,2,0,19130
BRDA:17,2,1,564
BRDA:22,3,0,14
BRDA:22,3,1,369
BRDA:38,4,0,1771
BRDA:38,4,1,2136
BRDA:46,5,0,15824
BRDA:46,5,1,385
BRDA:46,6,0,16209
BRDA:46,6,1,16209
BRDA:46,6,2,15918
BRDA:49,7,0,8400
BRDA:49,7,1,7809
BRDA:49,8,0,16209
BRDA:49,8,1,16209
BRDA:49,8,2,8400
BRDA:55,9,0,2141
BRDA:55,9,1,1
BRDA:76,10,0,8698
BRDA:76,10,1,0
BRDA:92,11,0,2142
BRDA:92,11,1,0
BRDA:106,12,0,4181
BRDA:106,12,1,0
BRDA:108,13,0,99
BRDA:108,13,1,4082
BRDA:108,14,0,4181
BRDA:108,14,1,99
BRDA:122,15,0,638
BRDA:122,15,1,0
BRDA:124,16,0,638
BRDA:124,16,1,0
BRDA:126,17,0,292
BRDA:126,17,1,346
BRDA:126,18,0,638
BRDA:126,18,1,638
BRDA:141,19,0,482
BRDA:141,19,1,0
BRDA:143,20,0,482
BRDA:143,20,1,0
BRDA:156,21,0,12218
BRDA:156,21,1,0
BRDA:158,22,0,12218
BRDA:158,22,1,0
BRDA:174,23,0,629
BRDA:174,23,1,0
BRDA:176,24,0,629
BRDA:176,24,1,0
BRDA:177,25,0,629
BRDA:177,25,1,0
BRDA:200,26,0,368
BRDA:200,26,1,322
BRDA:200,27,0,690
BRDA:200,27,1,690
BRDA:200,27,2,690
BRDA:210,28,0,6
BRDA:210,28,1,16854
BRDA:221,29,0,188
BRDA:221,29,1,0
BRDA:225,30,0,0
BRDA:225,30,1,69
BRDA:230,31,0,0
BRDA:230,31,1,17048
BRDA:238,32,0,69
BRDA:238,32,1,51407
BRDA:241,33,0,69
BRDA:241,33,1,0
BRDA:246,34,0,0
BRDA:246,34,1,51407
BRDA:249,35,0,0
BRDA:249,35,1,0
BRDA:255,36,0,7
BRDA:255,36,1,51400
BRDA:257,37,0,132
BRDA:257,37,1,51268
BRDA:257,38,0,51400
BRDA:257,38,1,51277
BRDA:259,39,0,96
BRDA:259,39,1,51172
BRDA:259,40,0,51268
BRDA:259,40,1,41769
BRDA:259,40,2,41769
BRDA:261,41,0,96
BRDA:261,41,1,0
BRDA:262,42,0,6
BRDA:262,42,1,90
BRDA:264,43,0,61
BRDA:264,43,1,35
BRDA:273,44,0,6
BRDA:273,44,1,17042
BRDA:278,45,0,0
BRDA:278,45,1,35
BRDA:278,46,0,35
BRDA:278,46,1,35
BRDA:280,47,0,0
BRDA:280,47,1,35
BRDA:287,48,0,0
BRDA:287,48,1,35
BRDA:288,49,0,0
BRDA:288,49,1,35
BRDA:289,50,0,6
BRDA:289,50,1,29
BRDA:291,51,0,5
BRDA:291,51,1,24
BRDA:292,52,0,0
BRDA:292,52,1,5
BRF:109
BRH:84
end_of_record
TN:
SF:/Volumes/my-data/cabloy/cabloy-lerna/packages/egg-born-backend/lib/load/agent.js
FN:9,(anonymous_0)
FN:13,(anonymous_1)
FN:18,(anonymous_2)
FNF:3
FNH:3
FNDA:1,(anonymous_0)
FNDA:1,(anonymous_1)
FNDA:1,(anonymous_2)
DA:1,1
DA:2,1
DA:3,1
DA:5,1
DA:10,1
DA:11,1
DA:14,1
DA:16,1
DA:19,1
DA:20,1
DA:21,1
DA:23,1
LF:12
LH:12
BRDA:11,0,0,0
BRDA:11,0,1,1
BRDA:19,1,0,1
BRDA:19,1,1,0
BRF:4
BRH:2
end_of_record
TN:
SF:/Volumes/my-data/cabloy/cabloy-lerna/packages/egg-born-backend/lib/load/app.js
FN:9,(anonymous_0)
FN:13,(anonymous_1)
FN:18,(anonymous_2)
FNF:3
FNH:3
FNDA:1,(anonymous_0)
FNDA:1,(anonymous_1)
FNDA:1,(anonymous_2)
DA:1,1
DA:2,1
DA:3,1
DA:5,1
DA:10,1
DA:11,1
DA:14,1
DA:16,1
DA:19,1
DA:20,1
DA:21,1
DA:23,1
LF:12
LH:12
BRDA:11,0,0,0
BRDA:11,0,1,1
BRDA:19,1,0,1
BRDA:19,1,1,0
BRF:4
BRH:2
end_of_record
TN:
SF:/Volumes/my-data/cabloy/cabloy-lerna/packages/egg-born-backend/lib/module/config.js
FN:5,(anonymous_0)
FN:15,patchCreateContext
FN:17,(anonymous_2)
FN:24,(anonymous_3)
FN:37,(anonymous_4)
FN:52,loadConfigs
FN:53,(anonymous_6)
FNF:7
FNH:7
FNDA:2,(anonymous_0)
FNDA:2,patchCreateContext
FNDA:7797,(anonymous_2)
FNDA:12799,(anonymous_3)
FNDA:12782,(anonymous_4)
FNDA:2,loadConfigs
FNDA:194,(anonymous_6)
DA:1,1
DA:3,1
DA:5,1
DA:7,2
DA:10,2
DA:13,2
DA:16,2
DA:17,2
DA:18,7797
DA:21,7797
DA:22,7797
DA:26,12799
DA:29,2406
DA:30,2406
DA:31,17
DA:32,17
DA:34,2389
DA:36,2406
DA:37,2406
DA:38,12782
DA:40,2406
DA:41,2389
DA:43,2406
DA:48,7797
DA:53,2
DA:54,194
DA:55,194
DA:58,194
DA:59,194
DA:60,194
DA:61,194
DA:65,194
DA:66,2
LF:33
LH:33
BRDA:21,0,0,7797
BRDA:21,0,1,0
BRDA:26,1,0,10393
BRDA:26,1,1,2406
BRDA:30,2,0,17
BRDA:30,2,1,2389
BRDA:40,3,0,2389
BRDA:40,3,1,17
BRDA:58,4,0,194
BRDA:58,4,1,0
BRDA:65,5,0,2
BRDA:65,5,1,192
BRDA:65,6,0,194
BRDA:65,6,1,194
BRF:14
BRH:12
end_of_record
TN:
SF:/Volumes/my-data/cabloy/cabloy-lerna/packages/egg-born-backend/lib/module/constant.js
FN:3,(anonymous_0)
FN:13,patchCreateContext
FN:15,(anonymous_2)
FN:28,loadConstants
FN:29,(anonymous_4)
FN:41,patchConstant
FN:44,(anonymous_6)
FN:45,(anonymous_7)
FNF:8
FNH:8
FNDA:1,(anonymous_0)
FNDA:1,patchCreateContext
FNDA:7797,(anonymous_2)
FNDA:1,loadConstants
FNDA:97,(anonymous_4)
FNDA:97,patchConstant
FNDA:1279,(anonymous_6)
FNDA:1279,(anonymous_7)
DA:1,1
DA:3,1
DA:5,1
DA:8,1
DA:11,1
DA:14,1
DA:15,1
DA:16,7797
DA:19,7797
DA:21,7797
DA:24,7797
DA:29,1
DA:30,97
DA:31,97
DA:34,97
DA:37,97
DA:42,97
DA:45,1279
DA:46,1279
LF:19
LH:19
BRDA:19,0,0,7797
BRDA:19,0,1,0
BRDA:34,1,0,6
BRDA:34,1,1,91
BRF:4
BRH:3
end_of_record
TN:
SF:/Volumes/my-data/cabloy/cabloy-lerna/packages/egg-born-backend/lib/module/controller.js
FN:1,(anonymous_0)
FN:5,loadControllers
FNF:2
FNH:2
FNDA:1,(anonymous_0)
FNDA:1,loadControllers
DA:1,1
DA:3,1
DA:6,1
DA:7,97
DA:8,97
DA:9,97
DA:10,97
DA:11,125
DA:12,125
DA:16,125
LF:10
LH:10
BRDA:9,0,0,0
BRDA:9,0,1,97
BRF:2
BRH:1
end_of_record
TN:
SF:/Volumes/my-data/cabloy/cabloy-lerna/packages/egg-born-backend/lib/module/errors.js
FN:6,(anonymous_0)
FN:16,patchCreateContext
FN:18,(anonymous_2)
FN:27,(anonymous_3)
FN:28,(anonymous_4)
FN:31,(anonymous_5)
FN:38,(anonymous_6)
FN:46,loadErrors
FN:47,(anonymous_8)
FNF:9
FNH:9
FNDA:1,(anonymous_0)
FNDA:1,patchCreateContext
FNDA:7797,(anonymous_2)
FNDA:46782,(anonymous_3)
FNDA:330,(anonymous_4)
FNDA:1,(anonymous_5)
FNDA:2,(anonymous_6)
FNDA:1,loadErrors
FNDA:97,(anonymous_8)
DA:1,1
DA:2,1
DA:3,1
DA:4,1
DA:6,1
DA:8,1
DA:11,1
DA:14,1
DA:17,1
DA:18,1
DA:19,7797
DA:22,7797
DA:24,7797
DA:27,7797
DA:28,46782
DA:29,330
DA:31,46782
DA:32,1
DA:38,7797
DA:39,2
DA:42,7797
DA:47,1
DA:48,97
DA:49,97
DA:52,97
DA:55,97
LF:26
LH:26
BRDA:22,0,0,7797
BRDA:22,0,1,0
BRDA:52,1,0,97
BRDA:52,1,1,0
BRF:4
BRH:2
end_of_record
TN:
SF:/Volumes/my-data/cabloy/cabloy-lerna/packages/egg-born-backend/lib/module/index.js
FN:22,(anonymous_0)
FNF:1
FNH:1
FNDA:2,(anonymous_0)
DA:1,1
DA:2,1
DA:3,1
DA:4,1
DA:5,1
DA:6,1
DA:7,1
DA:8,1
DA:9,1
DA:10,1
DA:11,1
DA:12,1
DA:13,1
DA:14,1
DA:15,1
DA:16,1
DA:17,1
DA:18,1
DA:19,1
DA:20,1
DA:22,1
DA:24,2
DA:27,2
DA:30,2
DA:32,2
DA:34,2
DA:36,2
DA:37,1
DA:38,1
DA:39,1
DA:40,1
DA:41,1
DA:42,1
DA:43,1
DA:44,1
DA:45,1
DA:46,1
DA:47,1
DA:48,1
DA:49,1
DA:50,1
DA:51,1
DA:52,1
DA:54,1
DA:55,1
DA:59,2
LF:46
LH:46
BRDA:36,0,0,1
BRDA:36,0,1,1
BRF:2
BRH:2
end_of_record
TN:
SF:/Volumes/my-data/cabloy/cabloy-lerna/packages/egg-born-backend/lib/module/locales.js
FN:6,(anonymous_0)
FN:16,patchCreateContext
FN:18,(anonymous_2)
FN:24,(anonymous_3)
FN:27,(anonymous_4)
FN:36,loadLocales
FN:38,(anonymous_6)
FN:42,(anonymous_7)
FN:87,getText
FN:109,formatLocale
FNF:10
FNH:10
FNDA:1,(anonymous_0)
FNDA:1,patchCreateContext
FNDA:7797,(anonymous_2)
FNDA:1567,(anonymous_3)
FNDA:1676,(anonymous_4)
FNDA:1,loadLocales
FNDA:97,(anonymous_6)
FNDA:143,(anonymous_7)
FNDA:3243,getText
FNDA:3,formatLocale
DA:1,1
DA:2,1
DA:3,1
DA:4,1
DA:6,1
DA:8,1
DA:11,1
DA:14,1
DA:17,1
DA:18,1
DA:19,7797
DA:22,7797
DA:23,7797
DA:24,7797
DA:25,1567
DA:27,7797
DA:28,1676
DA:32,7797
DA:38,1
DA:39,97
DA:40,97
DA:41,97
DA:42,97
DA:43,143
DA:44,143
DA:45,143
DA:57,1
DA:58,1
DA:59,19
DA:61,19
DA:62,17
DA:65,2
DA:66,2
DA:67,3
DA:68,3
DA:70,3
DA:71,3
DA:73,3
DA:74,3
DA:75,3
DA:88,3243
DA:89,3243
DA:92,3243
DA:93,3243
DA:94,3243
DA:96,48
DA:97,48
DA:100,3243
DA:101,2224
DA:104,3243
DA:105,3243
DA:111,3
LF:52
LH:52
BRDA:22,0,0,7797
BRDA:22,0,1,0
BRDA:25,1,0,1567
BRDA:25,1,1,0
BRDA:28,2,0,1676
BRDA:28,2,1,12
BRDA:41,3,0,97
BRDA:41,3,1,0
BRDA:44,4,0,2
BRDA:44,4,1,141
BRDA:61,5,0,17
BRDA:61,5,1,2
BRDA:74,6,0,0
BRDA:74,6,1,3
BRDA:89,7,0,0
BRDA:89,7,1,3243
BRDA:92,8,0,3243
BRDA:92,8,1,0
BRDA:94,9,0,48
BRDA:94,9,1,3195
BRDA:94,10,0,3243
BRDA:94,10,1,2224
BRDA:96,11,0,48
BRDA:96,11,1,0
BRDA:100,12,0,2224
BRDA:100,12,1,1019
BRF:26
BRH:19
end_of_record
TN:
SF:/Volumes/my-data/cabloy/cabloy-lerna/packages/egg-born-backend/lib/module/messenger.js
FN:4,(anonymous_0)
FN:6,(anonymous_1)
FN:12,(anonymous_2)
FN:14,(anonymous_3)
FN:35,(anonymous_4)
FN:41,(anonymous_5)
FN:46,(anonymous_6)
FN:50,(anonymous_7)
FN:54,(anonymous_8)
FN:59,(anonymous_9)
FN:62,(anonymous_10)
FN:77,(anonymous_11)
FN:80,(anonymous_12)
FN:88,(anonymous_13)
FN:96,(anonymous_14)
FN:100,(anonymous_15)
FNF:16
FNH:8
FNDA:2,(anonymous_0)
FNDA:2,(anonymous_1)
FNDA:2,(anonymous_2)
FNDA:1,(anonymous_3)
FNDA:0,(anonymous_4)
FNDA:1,(anonymous_5)
FNDA:0,(anonymous_6)
FNDA:0,(anonymous_7)
FNDA:0,(anonymous_8)
FNDA:1,(anonymous_9)
FNDA:0,(anonymous_10)
FNDA:0,(anonymous_11)
FNDA:0,(anonymous_12)
FNDA:0,(anonymous_13)
FNDA:1,(anonymous_14)
FNDA:1,(anonymous_15)
DA:1,1
DA:2,1
DA:4,1
DA:7,2
DA:8,2
DA:9,2
DA:14,2
DA:15,1
DA:18,1
DA:19,1
DA:21,0
DA:23,1
DA:24,0
DA:25,0
DA:27,0
DA:33,2
DA:35,1
DA:36,0
DA:42,1
DA:43,1
DA:47,0
DA:51,0
DA:55,0
DA:60,1
DA:61,0
DA:62,0
DA:63,0
DA:66,1
DA:67,1
DA:69,0
DA:70,0
DA:72,0
DA:78,0
DA:81,0
DA:83,0
DA:85,0
DA:89,0
DA:91,0
DA:93,0
DA:97,1
DA:101,1
DA:106,2
LF:42
LH:21
BRDA:23,0,0,0
BRDA:23,0,1,1
BRDA:24,1,0,0
BRDA:24,1,1,0
BRDA:33,2,0,1
BRDA:33,2,1,1
BRDA:60,3,0,0
BRDA:60,3,1,1
BRDA:66,4,0,1
BRDA:66,4,1,0
BRDA:69,5,0,0
BRDA:69,5,1,0
BRDA:81,6,0,0
BRDA:81,6,1,0
BRDA:81,7,0,0
BRDA:81,7,1,0
BRDA:89,8,0,0
BRDA:89,8,1,0
BRDA:89,9,0,0
BRDA:89,9,1,0
BRF:20
BRH:5
end_of_record
TN:
SF:/Volumes/my-data/cabloy/cabloy-lerna/packages/egg-born-backend/lib/module/meta.js
FN:9,(anonymous_0)
FN:50,createMockUtil
FN:52,(anonymous_2)
FN:57,(anonymous_3)
FN:63,(anonymous_4)
FNF:5
FNH:5
FNDA:2,(anonymous_0)
FNDA:2,createMockUtil
FNDA:63,(anonymous_2)
FNDA:56209,(anonymous_3)
FNDA:275,(anonymous_4)
DA:1,1
DA:2,1
DA:3,1
DA:4,1
DA:5,1
DA:6,1
DA:7,1
DA:9,1
DA:11,2
DA:12,2
DA:15,2
DA:18,2
DA:19,2
DA:22,2
DA:25,2
DA:27,2
DA:30,2
DA:33,2
DA:36,2
DA:39,2
DA:42,2
DA:45,2
DA:47,2
DA:51,2
DA:53,63
DA:54,63
DA:55,63
DA:58,56209
DA:59,56209
DA:60,56209
DA:61,56209
DA:64,275
DA:65,63
DA:66,63
LF:34
LH:34
BRDA:11,0,0,2
BRDA:11,0,1,0
BRDA:23,1,0,2
BRDA:23,1,1,2
BRDA:23,1,2,0
BRDA:25,2,0,2
BRDA:25,2,1,0
BRDA:54,3,0,0
BRDA:54,3,1,63
BRDA:59,4,0,0
BRDA:59,4,1,56209
BRDA:64,5,0,212
BRDA:64,5,1,63
BRDA:64,6,0,275
BRDA:64,6,1,275
BRDA:66,7,0,63
BRDA:66,7,1,0
BRF:17
BRH:11
end_of_record
TN:
SF:/Volumes/my-data/cabloy/cabloy-lerna/packages/egg-born-backend/lib/module/metaCtx.js
FN:2,(anonymous_0)
FNF:1
FNH:1
FNDA:5089,(anonymous_0)
DA:1,1
DA:2,1
DA:3,5089
DA:5,5089
DA:7,5089
LF:5
LH:5
BRF:0
BRH:0
end_of_record
TN:
SF:/Volumes/my-data/cabloy/cabloy-lerna/packages/egg-born-backend/lib/module/middleware.js
FN:1,(anonymous_0)
FN:27,loadMiddlewares
FN:57,loadMiddlewaresAll
FN:89,swap
FN:96,_swap
FN:99,(anonymous_5)
FN:102,(anonymous_6)
FN:109,swapDep
FN:110,(anonymous_8)
FN:111,(anonymous_9)
FNF:10
FNH:10
FNDA:1,(anonymous_0)
FNDA:1,loadMiddlewares
FNDA:1,loadMiddlewaresAll
FNDA:3,swap
FNDA:3,_swap
FNDA:6,(anonymous_5)
FNDA:4,(anonymous_6)
FNDA:4,swapDep
FNDA:9,(anonymous_8)
FNDA:8,(anonymous_9)
DA:1,1
DA:3,1
DA:6,1
DA:7,1
DA:8,1
DA:9,1
DA:10,1
DA:13,1
DA:16,1
DA:24,1
DA:35,1
DA:37,18
DA:38,18
DA:40,15
DA:41,15
DA:42,3
DA:44,3
DA:45,2
DA:46,1
DA:47,1
DA:52,1
DA:53,1
DA:54,1
DA:58,1
DA:59,97
DA:60,97
DA:61,14
DA:62,18
DA:64,18
DA:65,18
DA:67,18
DA:68,18
DA:73,0
DA:79,18
DA:91,3
DA:92,3
DA:97,3
DA:98,3
DA:99,3
DA:100,6
DA:101,6
DA:102,6
DA:103,4
DA:106,3
DA:110,9
DA:111,8
DA:112,4
DA:113,0
DA:114,0
LF:49
LH:46
BRDA:38,0,0,15
BRDA:38,0,1,3
BRDA:41,1,0,3
BRDA:41,1,1,12
BRDA:44,2,0,2
BRDA:44,2,1,1
BRDA:46,3,0,1
BRDA:46,3,1,0
BRDA:60,4,0,83
BRDA:60,4,1,14
BRDA:65,5,0,0
BRDA:65,5,1,18
BRDA:67,6,0,18
BRDA:67,6,1,0
BRDA:74,7,0,0
BRDA:74,7,1,0
BRDA:92,8,0,3
BRDA:92,8,1,0
BRDA:100,9,0,6
BRDA:100,9,1,2
BRDA:101,10,0,4
BRDA:101,10,1,2
BRDA:103,11,0,0
BRDA:103,11,1,4
BRDA:112,12,0,4
BRDA:112,12,1,0
BRDA:112,13,0,4
BRDA:112,13,1,2
BRDA:112,13,2,2
BRF:29
BRH:21
end_of_record
TN:
SF:/Volumes/my-data/cabloy/cabloy-lerna/packages/egg-born-backend/lib/module/model.js
FN:3,(anonymous_0)
FN:10,patchCreateContext
FN:12,(anonymous_2)
FN:24,createModelContainer
FN:29,(anonymous_4)
FN:39,(anonymous_5)
FN:49,loadModels
FNF:7
FNH:7
FNDA:1,(anonymous_0)
FNDA:1,patchCreateContext
FNDA:7797,(anonymous_2)
FNDA:12259,createModelContainer
FNDA:20554,(anonymous_4)
FNDA:54978,(anonymous_5)
FNDA:1,loadModels
DA:1,1
DA:3,1
DA:5,1
DA:8,1
DA:11,1
DA:12,1
DA:13,7797
DA:16,7797
DA:17,7797
DA:20,7797
DA:26,12259
DA:28,12259
DA:29,12259
DA:30,20554
DA:31,20554
DA:32,4462
DA:33,4462
DA:35,20554
DA:38,12259
DA:41,54978
DA:42,21891
DA:44,21891
DA:50,1
DA:51,97
DA:52,97
DA:53,97
DA:54,87
DA:55,80
DA:56,80
DA:60,80
LF:30
LH:30
BRDA:16,0,0,7797
BRDA:16,0,1,0
BRDA:31,1,0,4462
BRDA:31,1,1,16092
BRDA:41,2,0,33087
BRDA:41,2,1,21891
BRDA:53,3,0,10
BRDA:53,3,1,87
BRF:8
BRH:7
end_of_record
TN:
SF:/Volumes/my-data/cabloy/cabloy-lerna/packages/egg-born-backend/lib/module/module.js
FN:4,(anonymous_0)
FN:19,(anonymous_1)
FN:25,(anonymous_2)
FNF:3
FNH:3
FNDA:2,(anonymous_0)
FNDA:2,(anonymous_1)
FNDA:4,(anonymous_2)
DA:1,1
DA:2,1
DA:4,1
DA:6,2
DA:13,2
DA:14,2
DA:15,2
DA:16,2
DA:18,2
DA:20,2
DA:21,194
DA:23,2
DA:26,4
DA:27,388
LF:14
LH:14
BRF:0
BRH:0
end_of_record
TN:
SF:/Volumes/my-data/cabloy/cabloy-lerna/packages/egg-born-backend/lib/module/redis.js
FN:4,(anonymous_0)
FN:7,(anonymous_1)
FN:23,(anonymous_2)
FNF:3
FNH:2
FNDA:1,(anonymous_0)
FNDA:0,(anonymous_1)
FNDA:520,(anonymous_2)
DA:1,1
DA:2,1
DA:4,1
DA:5,1
DA:8,0
DA:10,0
DA:12,0
DA:13,0
DA:17,0
DA:21,1
DA:25,520
DA:26,520
DA:27,520
DA:28,520
DA:30,520
DA:35,1
DA:37,1
LF:17
LH:12
BRDA:8,0,0,0
BRDA:8,0,1,0
BRDA:12,1,0,0
BRDA:12,1,1,0
BRDA:27,2,0,520
BRDA:27,2,1,0
BRF:6
BRH:1
end_of_record
TN:
SF:/Volumes/my-data/cabloy/cabloy-lerna/packages/egg-born-backend/lib/module/reload.js
FN:1,(anonymous_0)
FN:3,(anonymous_1)
FN:6,(anonymous_2)
FN:9,(anonymous_3)
FNF:4
FNH:1
FNDA:2,(anonymous_0)
FNDA:0,(anonymous_1)
FNDA:0,(anonymous_2)
FNDA:0,(anonymous_3)
DA:1,1
DA:2,2
DA:4,0
DA:7,0
DA:10,0
LF:5
LH:2
BRF:0
BRH:0
end_of_record
TN:
SF:/Volumes/my-data/cabloy/cabloy-lerna/packages/egg-born-backend/lib/module/route.js
FN:7,(anonymous_0)
FN:17,patchRouter
FN:19,(anonymous_2)
FN:53,(anonymous_3)
FN:69,(anonymous_4)
FN:77,(anonymous_5)
FN:100,(anonymous_6)
FN:101,(anonymous_7)
FN:104,(anonymous_8)
FN:106,(anonymous_9)
FN:111,loadRoutes
FN:113,(anonymous_11)
FN:119,(anonymous_12)
FN:127,wrapMiddlewareApp
FN:140,wrapMiddleware
FN:142,(anonymous_15)
FN:165,middlewareMatch
FN:173,middlewareDeps
FN:176,(anonymous_18)
FN:179,methodToMiddleware
FN:180,classControllerMiddleware
FNF:21
FNH:18
FNDA:1,(anonymous_0)
FNDA:1,patchRouter
FNDA:358,(anonymous_2)
FNDA:332,(anonymous_3)
FNDA:1074,(anonymous_4)
FNDA:129,(anonymous_5)
FNDA:2,(anonymous_6)
FNDA:713,(anonymous_7)
FNDA:0,(anonymous_8)
FNDA:0,(anonymous_9)
FNDA:1,loadRoutes
FNDA:97,(anonymous_11)
FNDA:356,(anonymous_12)
FNDA:0,wrapMiddlewareApp
FNDA:1201,wrapMiddleware
FNDA:1175,(anonymous_15)
FNDA:1080,middlewareMatch
FNDA:1080,middlewareDeps
FNDA:906,(anonymous_18)
FNDA:355,methodToMiddleware
FNDA:267,classControllerMiddleware
DA:1,1
DA:2,1
DA:3,1
DA:4,1
DA:5,1
DA:7,1
DA:9,1
DA:12,1
DA:15,1
DA:18,1
DA:21,358
DA:23,358
DA:25,358
DA:32,358
DA:33,355
DA:34,0
DA:36,355
DA:37,354
DA:39,1
DA:44,355
DA:53,358
DA:55,332
DA:57,332
DA:59,332
DA:61,332
DA:63,323
DA:65,358
DA:66,358
DA:69,358
DA:70,1074
DA:74,358
DA:75,115
DA:76,115
DA:77,115
DA:78,129
DA:79,127
DA:80,127
DA:81,127
DA:83,0
DA:86,2
DA:92,358
DA:94,355
DA:98,358
DA:101,713
DA:102,2
DA:105,0
DA:106,0
DA:113,1
DA:114,97
DA:117,97
DA:118,97
DA:119,97
DA:120,356
DA:128,0
DA:129,0
DA:130,0
DA:131,0
DA:132,0
DA:133,0
DA:135,0
DA:136,0
DA:141,1201
DA:142,1201
DA:144,1175
DA:145,1175
DA:147,1175
DA:149,1175
DA:151,1175
DA:152,190
DA:153,190
DA:156,985
DA:158,985
DA:159,985
DA:161,1201
DA:162,1201
DA:166,1080
DA:167,843
DA:169,237
DA:170,237
DA:174,1080
DA:175,1080
DA:176,1080
DA:180,355
DA:181,267
DA:182,267
DA:183,0
DA:185,267
LF:87
LH:74
BRDA:23,0,0,2
BRDA:23,0,1,356
BRDA:26,1,0,355
BRDA:26,1,1,3
BRDA:32,2,0,355
BRDA:32,2,1,3
BRDA:33,3,0,0
BRDA:33,3,1,355
BRDA:36,4,0,354
BRDA:36,4,1,1
BRDA:39,5,0,1
BRDA:39,5,1,0
BRDA:48,6,0,355
BRDA:48,6,1,334
BRDA:74,7,0,115
BRDA:74,7,1,243
BRDA:76,8,0,113
BRDA:76,8,1,2
BRDA:78,9,0,127
BRDA:78,9,1,2
BRDA:80,10,0,127
BRDA:80,10,1,0
BRDA:92,11,0,355
BRDA:92,11,1,3
BRDA:101,12,0,713
BRDA:101,12,1,1
BRDA:102,13,0,0
BRDA:102,13,1,2
BRDA:118,14,0,97
BRDA:118,14,1,0
BRDA:130,15,0,0
BRDA:130,15,1,0
BRDA:141,16,0,666
BRDA:141,16,1,535
BRDA:145,17,0,1175
BRDA:145,17,1,0
BRDA:151,18,0,190
BRDA:151,18,1,985
BRDA:151,19,0,1175
BRDA:151,19,1,1080
BRDA:151,19,2,1080
BRDA:166,20,0,843
BRDA:166,20,1,237
BRDA:166,21,0,1080
BRDA:166,21,1,1080
BRDA:174,22,0,1080
BRDA:174,22,1,174
BRDA:175,23,0,906
BRDA:175,23,1,174
BRDA:182,24,0,0
BRDA:182,24,1,267
BRF:51
BRH:42
end_of_record
TN:
SF:/Volumes/my-data/cabloy/cabloy-lerna/packages/egg-born-backend/lib/module/schedule.js
FN:1,(anonymous_0)
FN:8,loadSchedules
FN:40,__installSchedules
FN:66,(anonymous_3)
FN:73,(anonymous_4)
FN:97,__deleteSchedule
FN:104,__checkJobValid
FN:122,__getJobName
FNF:8
FNH:3
FNDA:1,(anonymous_0)
FNDA:1,loadSchedules
FNDA:0,__installSchedules
FNDA:1,(anonymous_3)
FNDA:0,(anonymous_4)
FNDA:0,__deleteSchedule
FNDA:0,__checkJobValid
FNDA:0,__getJobName
DA:1,1
DA:3,1
DA:6,1
DA:9,1
DA:10,97
DA:11,97
DA:12,1
DA:13,1
DA:14,1
DA:16,1
DA:17,1
DA:19,1
DA:20,1
DA:25,0
DA:30,1
DA:41,0
DA:42,0
DA:43,0
DA:45,0
DA:46,0
DA:66,1
DA:67,1
DA:68,1
DA:69,0
DA:73,1
DA:74,0
DA:76,0
DA:78,0
DA:79,0
DA:80,0
DA:83,0
DA:84,0
DA:86,0
DA:88,0
DA:98,0
DA:99,0
DA:100,0
DA:101,0
DA:105,0
DA:106,0
DA:108,0
DA:109,0
DA:110,0
DA:112,0
DA:114,0
DA:115,0
DA:116,0
DA:117,0
DA:119,0
DA:123,0
LF:50
LH:18
BRDA:11,0,0,96
BRDA:11,0,1,1
BRDA:17,1,0,0
BRDA:17,1,1,1
BRDA:19,2,0,1
BRDA:19,2,1,0
BRDA:26,3,0,0
BRDA:26,3,1,0
BRDA:43,4,0,0
BRDA:43,4,1,0
BRDA:43,5,0,0
BRDA:43,5,1,0
BRDA:76,6,0,0
BRDA:76,6,1,0
BRDA:78,7,0,0
BRDA:78,7,1,0
BRDA:110,8,0,0
BRDA:110,8,1,0
BRDA:112,9,0,0
BRDA:112,9,1,0
BRDA:117,10,0,0
BRDA:117,10,1,0
BRF:22
BRH:4
end_of_record
TN:
SF:/Volumes/my-data/cabloy/cabloy-lerna/packages/egg-born-backend/lib/module/service.js
FN:3,(anonymous_0)
FN:10,patchCreateContext
FN:12,(anonymous_2)
FN:18,(anonymous_3)
FN:24,(anonymous_4)
FN:40,loadServices
FNF:6
FNH:6
FNDA:1,(anonymous_0)
FNDA:1,patchCreateContext
FNDA:7797,(anonymous_2)
FNDA:20349,(anonymous_3)
FNDA:198,(anonymous_4)
FNDA:1,loadServices
DA:1,1
DA:3,1
DA:5,1
DA:8,1
DA:11,1
DA:12,1
DA:13,7797
DA:16,7797
DA:17,7797
DA:19,20349
DA:20,20349
DA:21,7797
DA:25,198
DA:26,198
DA:31,20349
DA:36,7797
DA:41,1
DA:42,97
DA:43,97
DA:44,97
DA:45,97
DA:46,76
DA:47,76
DA:51,76
LF:24
LH:24
BRDA:16,0,0,7797
BRDA:16,0,1,0
BRDA:20,1,0,7797
BRDA:20,1,1,12552
BRDA:44,2,0,0
BRDA:44,2,1,97
BRF:6
BRH:4
end_of_record
TN:
SF:/Volumes/my-data/cabloy/cabloy-lerna/packages/egg-born-backend/lib/module/socketio.js
FN:3,(anonymous_0)
FN:4,(anonymous_1)
FN:8,checkRequest
FN:33,(anonymous_3)
FN:40,(anonymous_4)
FNF:5
FNH:2
FNDA:1,(anonymous_0)
FNDA:1,(anonymous_1)
FNDA:0,checkRequest
FNDA:0,(anonymous_3)
FNDA:0,(anonymous_4)
DA:1,1
DA:3,1
DA:4,1
DA:5,1
DA:13,0
DA:16,0
DA:17,0
DA:19,0
DA:20,0
DA:21,0
DA:25,0
DA:26,0
DA:30,0
DA:31,0
DA:34,0
DA:35,0
DA:36,0
DA:38,0
DA:41,0
LF:19
LH:4
BRDA:13,0,0,0
BRDA:13,0,1,0
BRDA:16,1,0,0
BRDA:16,1,1,0
BRDA:16,2,0,0
BRDA:16,2,1,0
BRDA:17,3,0,0
BRDA:17,3,1,0
BRDA:17,4,0,0
BRDA:17,4,1,0
BRDA:19,5,0,0
BRDA:19,5,1,0
BRDA:20,6,0,0
BRDA:20,6,1,0
BRDA:34,7,0,0
BRDA:34,7,1,0
BRDA:35,8,0,0
BRDA:35,8,1,0
BRF:18
BRH:0
end_of_record
TN:
SF:/Volumes/my-data/cabloy/cabloy-lerna/packages/egg-born-backend/lib/module/startup.js
FN:1,(anonymous_0)
FN:12,loadStartups
FN:46,(anonymous_2)
FN:58,(anonymous_3)
FN:62,(anonymous_4)
FN:70,(anonymous_5)
FN:97,_runStartupLock
FN:113,_runStartupInner
FNF:8
FNH:8
FNDA:1,(anonymous_0)
FNDA:1,loadStartups
FNDA:14,(anonymous_2)
FNDA:7,(anonymous_3)
FNDA:7,(anonymous_4)
FNDA:1,(anonymous_5)
FNDA:7,_runStartupLock
FNDA:14,_runStartupInner
DA:1,1
DA:3,1
DA:6,1
DA:7,1
DA:10,1
DA:13,1
DA:14,97
DA:15,97
DA:16,5
DA:17,14
DA:18,14
DA:20,14
DA:21,14
DA:23,14
DA:24,14
DA:29,0
DA:34,14
DA:41,14
DA:46,1
DA:47,14
DA:48,14
DA:50,14
DA:51,7
DA:54,7
DA:55,7
DA:59,7
DA:63,7
DA:70,1
DA:72,1
DA:73,14
DA:74,6
DA:75,6
DA:83,1
DA:85,1
DA:86,14
DA:87,0
DA:88,0
DA:99,7
DA:100,7
DA:101,0
DA:102,0
DA:104,0
DA:105,0
DA:106,0
DA:107,0
DA:110,7
DA:115,14
DA:119,14
DA:121,14
LF:49
LH:40
BRDA:15,0,0,92
BRDA:15,0,1,5
BRDA:21,1,0,0
BRDA:21,1,1,14
BRDA:23,2,0,14
BRDA:23,2,1,0
BRDA:30,3,0,0
BRDA:30,3,1,0
BRDA:50,4,0,7
BRDA:50,4,1,7
BRDA:54,5,0,4
BRDA:54,5,1,3
BRDA:57,6,0,4
BRDA:57,6,1,3
BRDA:73,7,0,6
BRDA:73,7,1,8
BRDA:73,8,0,14
BRDA:73,8,1,14
BRDA:73,8,2,6
BRDA:86,9,0,0
BRDA:86,9,1,14
BRDA:86,10,0,14
BRDA:86,10,1,14
BRDA:86,10,2,6
BRDA:99,11,0,7
BRDA:99,11,1,4
BRDA:99,11,2,4
BRDA:100,12,0,0
BRDA:100,12,1,7
BRDA:100,13,0,7
BRDA:100,13,1,7
BRDA:102,14,0,0
BRDA:102,14,1,0
BRDA:104,15,0,0
BRDA:104,15,1,0
BRDA:107,16,0,0
BRDA:107,16,1,0
BRDA:116,17,0,6
BRDA:116,17,1,8
BRDA:122,18,0,6
BRDA:122,18,1,8
BRF:41
BRH:29
end_of_record
TN:
SF:/Volumes/my-data/cabloy/cabloy-lerna/packages/egg-born-backend/lib/module/util.js
FN:8,(anonymous_0)
FN:10,(anonymous_1)
FN:20,(anonymous_2)
FN:27,(anonymous_3)
FN:33,(anonymous_4)
FN:53,(anonymous_5)
FN:66,(anonymous_6)
FN:80,(anonymous_7)
FN:99,(anonymous_8)
FN:117,(anonymous_9)
FN:119,(anonymous_10)
FN:123,dispatch
FN:138,next
FN:144,(anonymous_13)
FN:146,(anonymous_14)
FN:150,dispatch
FN:167,next
FN:177,(anonymous_17)
FN:188,(anonymous_18)
FN:194,(anonymous_19)
FN:205,(anonymous_20)
FN:213,(anonymous_21)
FN:240,(anonymous_22)
FN:253,(anonymous_23)
FN:266,(anonymous_24)
FN:278,(anonymous_25)
FN:284,(anonymous_26)
FN:287,(anonymous_27)
FN:290,(anonymous_28)
FN:306,(anonymous_29)
FN:335,(anonymous_30)
FN:339,(anonymous_31)
FN:349,delegateProperties
FN:362,delegateProperty
FN:369,(anonymous_34)
FN:387,copyProperties
FNF:36
FNH:27
FNDA:2,(anonymous_0)
FNDA:56209,(anonymous_1)
FNDA:7877,(anonymous_2)
FNDA:0,(anonymous_3)
FNDA:0,(anonymous_4)
FNDA:2,(anonymous_5)
FNDA:582,(anonymous_6)
FNDA:0,(anonymous_7)
FNDA:0,(anonymous_8)
FNDA:468,(anonymous_9)
FNDA:468,(anonymous_10)
FNDA:1252,dispatch
FNDA:784,next
FNDA:1191,(anonymous_13)
FNDA:1191,(anonymous_14)
FNDA:2902,dispatch
FNDA:1711,next
FNDA:7465,(anonymous_17)
FNDA:44766,(anonymous_18)
FNDA:17473,(anonymous_19)
FNDA:7465,(anonymous_20)
FNDA:0,(anonymous_21)
FNDA:295,(anonymous_22)
FNDA:7465,(anonymous_23)
FNDA:975,(anonymous_24)
FNDA:975,(anonymous_25)
FNDA:0,(anonymous_26)
FNDA:0,(anonymous_27)
FNDA:0,(anonymous_28)
FNDA:3409,(anonymous_29)
FNDA:975,(anonymous_30)
FNDA:0,(anonymous_31)
FNDA:7157,delegateProperties
FNDA:57256,delegateProperty
FNDA:94773,(anonymous_34)
FNDA:14980,copyProperties
DA:1,1
DA:2,1
DA:3,1
DA:4,1
DA:5,1
DA:6,1
DA:8,1
DA:9,2
DA:11,56209
DA:13,56209
DA:14,232837
DA:15,232837
DA:16,232837
DA:17,176628
DA:21,7877
DA:22,7877
DA:23,7825
DA:24,7825
DA:25,7825
DA:28,0
DA:29,0
DA:30,0
DA:31,0
DA:35,0
DA:37,0
DA:38,0
DA:39,0
DA:41,0
DA:42,0
DA:44,0
DA:46,0
DA:48,0
DA:49,0
DA:50,0
DA:51,0
DA:54,2
DA:55,2
DA:56,2
DA:57,2
DA:58,2
DA:59,2
DA:60,2
DA:61,2
DA:62,2
DA:63,2
DA:64,2
DA:67,582
DA:68,582
DA:69,582
DA:70,0
DA:73,582
DA:74,582
DA:75,582
DA:76,388
DA:82,0
DA:83,0
DA:84,0
DA:85,0
DA:87,0
DA:90,0
DA:91,0
DA:92,0
DA:93,0
DA:95,0
DA:97,0
DA:101,0
DA:104,0
DA:105,0
DA:107,0
DA:111,0
DA:112,0
DA:113,0
DA:115,0
DA:118,468
DA:119,468
DA:121,468
DA:122,468
DA:124,1252
DA:125,1252
DA:128,1252
DA:129,1252
DA:130,484
DA:131,484
DA:132,484
DA:133,484
DA:134,484
DA:136,1252
DA:137,1252
DA:138,868
DA:139,784
DA:145,1191
DA:146,1191
DA:148,1191
DA:149,1191
DA:151,2902
DA:152,2902
DA:155,2902
DA:156,2902
DA:157,1246
DA:158,1246
DA:159,1246
DA:160,1246
DA:161,1246
DA:163,2902
DA:164,2902
DA:165,2074
DA:166,2074
DA:168,1711
DA:172,0
DA:179,7465
DA:181,7465
DA:185,7465
DA:187,7465
DA:189,44766
DA:193,7465
DA:195,17473
DA:199,7465
DA:200,7363
DA:203,7465
DA:207,7465
DA:209,7465
DA:211,7465
DA:213,3048
DA:214,0
DA:217,3048
DA:219,3048
DA:222,7465
DA:224,4109
DA:226,4109
DA:229,7465
DA:230,308
DA:233,7465
DA:234,7465
DA:235,0
DA:239,7465
DA:240,295
DA:241,295
DA:244,7170
DA:247,7462
DA:248,4415
DA:251,7462
DA:255,7465
DA:256,512
DA:258,6953
DA:259,6953
DA:260,0
DA:262,6953
DA:264,7462
DA:268,975
DA:270,975
DA:272,975
DA:273,515
DA:275,975
DA:277,975
DA:278,975
DA:279,975
DA:280,975
DA:281,975
DA:284,975
DA:285,0
DA:288,0
DA:291,0
DA:292,0
DA:295,975
DA:296,975
DA:297,975
DA:298,975
DA:299,975
DA:301,0
DA:302,0
DA:303,0
DA:308,3409
DA:309,324
DA:312,3409
DA:313,3409
DA:315,3409
DA:317,3409
DA:318,3409
DA:319,7490
DA:320,7490
DA:322,0
DA:326,3409
DA:327,7490
DA:328,7490
DA:331,3409
DA:333,3409
DA:336,975
DA:337,971
DA:340,0
DA:350,7157
DA:351,7157
DA:352,28628
DA:354,7157
DA:355,28628
DA:356,28628
DA:358,7157
DA:363,57256
DA:364,57256
DA:365,57256
DA:366,21471
DA:368,57256
DA:370,94773
DA:371,94773
DA:373,48136
DA:375,39443
DA:376,17235
DA:379,22208
DA:380,8788
DA:382,22208
DA:388,14980
DA:389,133871
DA:390,111401
DA:391,111401
LF:213
LH:164
BRDA:15,0,0,0
BRDA:15,0,1,232837
BRDA:16,1,0,56209
BRDA:16,1,1,176628
BRDA:21,2,0,0
BRDA:21,2,1,7877
BRDA:22,3,0,52
BRDA:22,3,1,7825
BRDA:23,4,0,7465
BRDA:23,4,1,360
BRDA:24,5,0,0
BRDA:24,5,1,7825
BRDA:28,6,0,0
BRDA:28,6,1,0
BRDA:29,7,0,0
BRDA:29,7,1,0
BRDA:30,8,0,0
BRDA:30,8,1,0
BRDA:35,9,0,0
BRDA:35,9,1,0
BRDA:41,10,0,0
BRDA:41,10,1,0
BRDA:44,11,0,0
BRDA:44,11,1,0
BRDA:46,12,0,0
BRDA:46,12,1,0
BRDA:49,13,0,0
BRDA:49,13,1,0
BRDA:50,14,0,0
BRDA:50,14,1,0
BRDA:54,15,0,0
BRDA:54,15,1,2
BRDA:55,16,0,2
BRDA:55,16,1,0
BRDA:57,17,0,0
BRDA:57,17,1,2
BRDA:58,18,0,0
BRDA:58,18,1,2
BRDA:59,19,0,0
BRDA:59,19,1,2
BRDA:60,20,0,0
BRDA:60,20,1,2
BRDA:61,21,0,0
BRDA:61,21,1,2
BRDA:62,22,0,0
BRDA:62,22,1,2
BRDA:63,23,0,0
BRDA:63,23,1,2
BRDA:67,24,0,582
BRDA:67,24,1,582
BRDA:68,25,0,582
BRDA:68,25,1,0
BRDA:69,26,0,0
BRDA:69,26,1,582
BRDA:69,27,0,582
BRDA:69,27,1,0
BRDA:75,28,0,388
BRDA:75,28,1,194
BRDA:75,29,0,582
BRDA:75,29,1,582
BRDA:83,30,0,0
BRDA:83,30,1,0
BRDA:83,30,2,0
BRDA:83,30,3,0
BRDA:84,31,0,0
BRDA:84,31,1,0
BRDA:90,32,0,0
BRDA:90,32,1,0
BRDA:90,32,2,0
BRDA:91,33,0,0
BRDA:91,33,1,0
BRDA:92,34,0,0
BRDA:92,34,1,0
BRDA:101,35,0,0
BRDA:101,35,1,0
BRDA:101,36,0,0
BRDA:101,36,1,0
BRDA:101,36,2,0
BRDA:112,37,0,0
BRDA:112,37,1,0
BRDA:112,38,0,0
BRDA:112,38,1,0
BRDA:118,39,0,0
BRDA:118,39,1,468
BRDA:124,40,0,0
BRDA:124,40,1,1252
BRDA:129,41,0,484
BRDA:129,41,1,768
BRDA:131,42,0,0
BRDA:131,42,1,484
BRDA:134,43,0,0
BRDA:134,43,1,484
BRDA:136,44,0,384
BRDA:136,44,1,868
BRDA:137,45,0,384
BRDA:137,45,1,868
BRDA:145,46,0,0
BRDA:145,46,1,1191
BRDA:151,47,0,0
BRDA:151,47,1,2902
BRDA:156,48,0,1246
BRDA:156,48,1,1656
BRDA:158,49,0,0
BRDA:158,49,1,1246
BRDA:161,50,0,0
BRDA:161,50,1,1246
BRDA:163,51,0,828
BRDA:163,51,1,2074
BRDA:164,52,0,828
BRDA:164,52,1,2074
BRDA:189,53,0,44766
BRDA:189,53,1,3027
BRDA:199,54,0,7363
BRDA:199,54,1,102
BRDA:199,55,0,7465
BRDA:199,55,1,7364
BRDA:211,56,0,3048
BRDA:211,56,1,4417
BRDA:222,57,0,4109
BRDA:222,57,1,3356
BRDA:226,58,0,4109
BRDA:226,58,1,399
BRDA:229,59,0,308
BRDA:229,59,1,7157
BRDA:229,60,0,7465
BRDA:229,60,1,4417
BRDA:233,61,0,7164
BRDA:233,61,1,301
BRDA:234,62,0,0
BRDA:234,62,1,7465
BRDA:234,63,0,7465
BRDA:234,63,1,301
BRDA:234,63,2,0
BRDA:239,64,0,295
BRDA:239,64,1,7170
BRDA:247,65,0,4415
BRDA:247,65,1,3047
BRDA:255,66,0,512
BRDA:255,66,1,6953
BRDA:258,67,0,6953
BRDA:258,67,1,3893
BRDA:259,68,0,0
BRDA:259,68,1,6953
BRDA:272,69,0,515
BRDA:272,69,1,460
BRDA:279,70,0,975
BRDA:279,70,1,0
BRDA:308,71,0,324
BRDA:308,71,1,3085
BRDA:312,72,0,3409
BRDA:312,72,1,0
BRDA:312,73,0,3409
BRDA:312,73,1,3409
BRDA:315,74,0,0
BRDA:315,74,1,3409
BRDA:319,75,0,7490
BRDA:319,75,1,0
BRDA:319,76,0,7490
BRDA:319,76,1,7490
BRDA:336,77,0,4
BRDA:336,77,1,971
BRDA:336,78,0,975
BRDA:336,78,1,972
BRDA:337,79,0,971
BRDA:337,79,1,971
BRDA:356,80,0,22360
BRDA:356,80,1,6268
BRDA:358,81,0,7157
BRDA:358,81,1,0
BRDA:365,82,0,21471
BRDA:365,82,1,35785
BRDA:370,83,0,94773
BRDA:370,83,1,66913
BRDA:371,84,0,46637
BRDA:371,84,1,48136
BRDA:373,85,0,8693
BRDA:373,85,1,39443
BRDA:375,86,0,17235
BRDA:375,86,1,22208
BRDA:379,87,0,8788
BRDA:379,87,1,13420
BRDA:389,88,0,111401
BRDA:389,88,1,22470
BRDA:389,89,0,133871
BRDA:389,89,1,126381
BRDA:389,89,2,118891
BRF:186
BRH:115
end_of_record
TN:
SF:/Volumes/my-data/cabloy/cabloy-lerna/packages/egg-born-backend/lib/module/utilCtx.js
FN:9,(anonymous_0)
FN:11,(anonymous_1)
FN:15,(anonymous_2)
FN:24,(anonymous_3)
FN:35,(anonymous_4)
FN:46,(anonymous_5)
FN:58,(anonymous_6)
FN:88,(anonymous_7)
FN:89,(anonymous_8)
FN:102,(anonymous_9)
FN:120,(anonymous_10)
FN:123,(anonymous_11)
FN:129,(anonymous_12)
FN:139,appCallback
FN:145,handleRequest
FN:178,(anonymous_15)
FN:198,handleResponse
FN:220,(anonymous_17)
FN:228,respond
FN:269,delegateCookies
FN:272,(anonymous_20)
FN:278,delegateProperty
FN:280,(anonymous_22)
FN:286,createRequest
FNF:24
FNH:22
FNDA:5089,(anonymous_0)
FNDA:508,(anonymous_1)
FNDA:285,(anonymous_2)
FNDA:3586,(anonymous_3)
FNDA:9,(anonymous_4)
FNDA:3048,(anonymous_5)
FNDA:515,(anonymous_6)
FNDA:57,(anonymous_7)
FNDA:57,(anonymous_8)
FNDA:3830,(anonymous_9)
FNDA:3443,(anonymous_10)
FNDA:228451,(anonymous_11)
FNDA:5582,(anonymous_12)
FNDA:57,appCallback
FNDA:57,handleRequest
FNDA:0,(anonymous_15)
FNDA:57,handleResponse
FNDA:0,(anonymous_17)
FNDA:57,respond
FNDA:57,delegateCookies
FNDA:167,(anonymous_20)
FNDA:57,delegateProperty
FNDA:440,(anonymous_22)
FNDA:57,createRequest
DA:1,1
DA:2,1
DA:3,1
DA:4,1
DA:5,1
DA:6,1
DA:7,1
DA:9,1
DA:10,5089
DA:12,508
DA:13,508
DA:16,285
DA:25,3586
DA:26,3586
DA:27,3586
DA:28,3586
DA:36,9
DA:37,9
DA:38,9
DA:39,9
DA:47,3048
DA:59,515
DA:60,15
DA:61,15
DA:67,500
DA:69,515
DA:89,57
DA:90,57
DA:91,57
DA:98,57
DA:99,57
DA:103,3830
DA:104,3830
DA:105,3830
DA:106,3830
DA:107,3830
DA:108,1
DA:110,3830
DA:111,6
DA:113,5
DA:114,5
DA:116,6
DA:118,3830
DA:121,3443
DA:122,3443
DA:124,228451
DA:125,228451
DA:126,208945
DA:128,59251
DA:129,7886
DA:130,5582
DA:136,5089
DA:140,57
DA:141,57
DA:143,57
DA:145,57
DA:158,57
DA:159,57
DA:160,57
DA:163,57
DA:166,57
DA:167,0
DA:169,57
DA:170,0
DA:172,57
DA:175,57
DA:178,57
DA:179,0
DA:183,57
DA:186,57
DA:187,57
DA:191,57
DA:194,57
DA:197,57
DA:199,57
DA:200,57
DA:201,57
DA:203,0
DA:205,57
DA:206,57
DA:208,0
DA:209,0
DA:213,0
DA:217,0
DA:221,0
DA:222,0
DA:223,0
DA:230,57
DA:232,57
DA:233,57
DA:235,57
DA:236,57
DA:239,57
DA:241,0
DA:242,0
DA:245,57
DA:246,0
DA:247,0
DA:251,57
DA:252,0
DA:253,0
DA:254,0
DA:255,0
DA:259,57
DA:260,57
DA:261,57
DA:264,57
DA:265,57
DA:266,57
DA:270,57
DA:271,57
DA:273,167
DA:279,57
DA:281,440
DA:288,57
DA:290,57
DA:291,57
DA:292,57
DA:293,57
DA:294,57
DA:295,57
DA:296,57
DA:297,57
DA:299,57
DA:303,57
LF:125
LH:106
BRDA:12,0,0,507
BRDA:12,0,1,1
BRDA:17,1,0,284
BRDA:17,1,1,1
BRDA:18,2,0,285
BRDA:18,2,1,0
BRDA:25,3,0,3586
BRDA:25,3,1,0
BRDA:26,4,0,3586
BRDA:26,4,1,0
BRDA:27,5,0,3586
BRDA:27,5,1,0
BRDA:36,6,0,9
BRDA:36,6,1,0
BRDA:37,7,0,9
BRDA:37,7,1,0
BRDA:38,8,0,9
BRDA:38,8,1,0
BRDA:48,9,0,3048
BRDA:48,9,1,0
BRDA:49,10,0,2859
BRDA:49,10,1,189
BRDA:59,11,0,15
BRDA:59,11,1,500
BRDA:60,12,0,15
BRDA:60,12,1,0
BRDA:70,13,0,515
BRDA:70,13,1,0
BRDA:71,14,0,514
BRDA:71,14,1,1
BRDA:94,15,0,57
BRDA:94,15,1,57
BRDA:105,16,0,0
BRDA:105,16,1,3830
BRDA:107,17,0,1
BRDA:107,17,1,3829
BRDA:110,18,0,6
BRDA:110,18,1,3824
BRDA:111,19,0,5
BRDA:111,19,1,1
BRDA:113,20,0,5
BRDA:113,20,1,0
BRDA:125,21,0,19506
BRDA:125,21,1,208945
BRDA:126,22,0,149694
BRDA:126,22,1,59251
BRDA:128,23,0,51365
BRDA:128,23,1,7886
BRDA:143,24,0,0
BRDA:143,24,1,57
BRDA:163,25,0,57
BRDA:163,25,1,0
BRDA:166,26,0,0
BRDA:166,26,1,57
BRDA:169,27,0,0
BRDA:169,27,1,57
BRDA:172,28,0,57
BRDA:172,28,1,4
BRDA:175,29,0,0
BRDA:175,29,1,57
BRDA:194,30,0,0
BRDA:194,30,1,57
BRDA:200,31,0,57
BRDA:200,31,1,0
BRDA:201,32,0,0
BRDA:201,32,1,57
BRDA:201,33,0,57
BRDA:201,33,1,57
BRDA:205,34,0,57
BRDA:205,34,1,0
BRDA:215,35,0,0
BRDA:215,35,1,0
BRDA:230,36,0,0
BRDA:230,36,1,57
BRDA:233,37,0,0
BRDA:233,37,1,57
BRDA:233,38,0,57
BRDA:233,38,1,57
BRDA:239,39,0,0
BRDA:239,39,1,57
BRDA:245,40,0,0
BRDA:245,40,1,57
BRDA:246,41,0,0
BRDA:246,41,1,0
BRDA:251,42,0,0
BRDA:251,42,1,57
BRDA:253,43,0,0
BRDA:253,43,1,0
BRDA:259,44,0,0
BRDA:259,44,1,57
BRDA:260,45,0,0
BRDA:260,45,1,57
BRDA:261,46,0,0
BRDA:261,46,1,57
BRDA:273,47,0,167
BRDA:273,47,1,0
BRF:96
BRH:60
end_of_record
TN:
SF:/Volumes/my-data/cabloy/cabloy-lerna/packages/egg-born-backend/lib/module/asset/errors.js
FNF:0
FNH:0
DA:1,1
LF:1
LH:1
BRF:0
BRH:0
end_of_record
TN:
SF:/Volumes/my-data/cabloy/cabloy-lerna/packages/egg-born-backend/lib/module/bean/beanBase.js
FN:2,(anonymous_0)
FNF:1
FNH:1
FNDA:14808,(anonymous_0)
DA:3,14808
DA:4,14808
DA:8,1
LF:3
LH:3
BRDA:4,0,0,14805
BRDA:4,0,1,3
BRF:2
BRH:2
end_of_record
TN:
SF:/Volumes/my-data/cabloy/cabloy-lerna/packages/egg-born-backend/lib/module/bean/beanContainer.js
FN:3,(anonymous_0)
FN:5,(anonymous_1)
FN:19,(anonymous_2)
FN:30,(anonymous_3)
FN:33,(anonymous_4)
FN:49,(anonymous_5)
FN:90,(anonymous_6)
FN:93,(anonymous_7)
FN:112,(anonymous_8)
FN:125,(anonymous_9)
FN:145,(anonymous_10)
FN:154,(anonymous_11)
FN:161,(anonymous_12)
FN:172,(anonymous_13)
FN:182,(anonymous_14)
FN:183,(anonymous_15)
FN:189,(anonymous_16)
FN:192,(anonymous_17)
FN:201,(anonymous_18)
FN:219,(anonymous_19)
FN:236,(anonymous_20)
FN:247,__composeForProp
FN:251,__composeForPropAsync
FN:256,(anonymous_23)
FN:263,__getPropertyDescriptor
FN:273,__aopMatch
FN:277,(anonymous_26)
FNF:27
FNH:26
FNDA:7798,(anonymous_0)
FNDA:596,(anonymous_1)
FNDA:5,(anonymous_2)
FNDA:177993,(anonymous_3)
FNDA:140501,(anonymous_4)
FNDA:81532,(anonymous_5)
FNDA:2284,(anonymous_6)
FNDA:15258,(anonymous_7)
FNDA:380,(anonymous_8)
FNDA:64,(anonymous_9)
FNDA:1,(anonymous_10)
FNDA:9141,(anonymous_11)
FNDA:764,(anonymous_12)
FNDA:3,(anonymous_13)
FNDA:761,(anonymous_14)
FNDA:761,(anonymous_15)
FNDA:761,(anonymous_16)
FNDA:0,(anonymous_17)
FNDA:81568,(anonymous_18)
FNDA:14893,(anonymous_19)
FNDA:1153,(anonymous_20)
FNDA:384,__composeForProp
FNDA:761,__composeForPropAsync
FNDA:362796,(anonymous_23)
FNDA:15258,__getPropertyDescriptor
FNDA:2469,__aopMatch
FNDA:704,(anonymous_26)
DA:1,1
DA:3,1
DA:4,7798
DA:6,596
DA:9,596
DA:10,596
DA:11,397
DA:13,596
DA:17,596
DA:20,5
DA:21,5
DA:26,5
DA:27,5
DA:28,5
DA:31,177993
DA:34,140501
DA:35,90832
DA:36,90832
DA:39,140501
DA:40,90832
DA:42,49669
DA:44,140501
DA:45,71694
DA:47,140501
DA:50,81532
DA:51,81532
DA:53,44
DA:56,81488
DA:58,81488
DA:59,22701
DA:60,58787
DA:61,58787
DA:62,58787
DA:64,0
DA:69,81488
DA:70,0
DA:71,0
DA:72,0
DA:73,0
DA:75,81488
DA:76,81488
DA:77,22701
DA:78,58787
DA:79,58787
DA:83,81488
DA:85,81488
DA:86,81488
DA:88,2284
DA:91,2284
DA:92,2284
DA:94,15258
DA:96,15258
DA:97,6117
DA:98,366
DA:100,5751
DA:101,5751
DA:102,5751
DA:104,380
DA:112,380
DA:113,380
DA:114,380
DA:116,380
DA:119,380
DA:122,9141
DA:123,9141
DA:126,64
DA:127,63
DA:128,63
DA:130,1
DA:131,1
DA:132,1
DA:133,0
DA:134,0
DA:137,1
DA:145,1
DA:146,1
DA:147,1
DA:150,1
DA:155,9141
DA:156,9141
DA:158,764
DA:159,764
DA:160,536
DA:163,764
DA:171,764
DA:172,3
DA:173,3
DA:174,3
DA:176,3
DA:179,3
DA:181,761
DA:182,761
DA:183,761
DA:184,761
DA:185,761
DA:187,761
DA:190,761
DA:193,0
DA:199,536
DA:202,81568
DA:203,81568
DA:204,358
DA:205,358
DA:206,1790
DA:208,1790
DA:210,1785
DA:212,1765
DA:213,7
DA:216,358
DA:217,358
DA:220,14893
DA:221,14893
DA:222,14893
DA:223,80
DA:224,80
DA:225,80
DA:226,87
DA:227,87
DA:228,17
DA:231,80
DA:232,80
DA:236,7798
DA:237,1153
DA:238,1153
DA:239,1153
DA:240,1153
DA:241,1153
DA:248,384
DA:252,761
DA:255,7798
DA:257,362796
DA:258,71252
DA:264,15258
DA:265,15258
DA:266,16866
DA:267,16866
DA:268,2351
DA:270,743
DA:274,2469
DA:275,2116
DA:277,704
LF:141
LH:133
BRDA:6,0,0,50
BRDA:6,0,1,546
BRDA:8,1,0,546
BRDA:8,1,1,0
BRDA:10,2,0,397
BRDA:10,2,1,199
BRDA:10,3,0,596
BRDA:10,3,1,398
BRDA:10,3,2,398
BRDA:34,4,0,90832
BRDA:34,4,1,49669
BRDA:39,5,0,90832
BRDA:39,5,1,49669
BRDA:42,6,0,39092
BRDA:42,6,1,10577
BRDA:44,7,0,71694
BRDA:44,7,1,68807
BRDA:51,8,0,44
BRDA:51,8,1,81488
BRDA:58,9,0,22701
BRDA:58,9,1,58787
BRDA:60,10,0,58787
BRDA:60,10,1,0
BRDA:61,11,0,58787
BRDA:61,11,1,0
BRDA:61,12,0,58787
BRDA:61,12,1,58787
BRDA:69,13,0,0
BRDA:69,13,1,81488
BRDA:69,14,0,81488
BRDA:69,14,1,81488
BRDA:70,15,0,0
BRDA:70,15,1,0
BRDA:72,16,0,0
BRDA:72,16,1,0
BRDA:75,17,0,81488
BRDA:75,17,1,0
BRDA:76,18,0,22701
BRDA:76,18,1,58787
BRDA:78,19,0,58787
BRDA:78,19,1,0
BRDA:86,20,0,79204
BRDA:86,20,1,2284
BRDA:96,21,0,6117
BRDA:96,21,1,9141
BRDA:96,22,0,15258
BRDA:96,22,1,14515
BRDA:97,23,0,366
BRDA:97,23,1,5751
BRDA:100,24,0,5374
BRDA:100,24,1,377
BRDA:102,25,0,5371
BRDA:102,25,1,380
BRDA:113,26,0,380
BRDA:113,26,1,0
BRDA:122,27,0,9141
BRDA:122,27,1,9141
BRDA:122,27,2,9141
BRDA:126,28,0,63
BRDA:126,28,1,1
BRDA:132,29,0,0
BRDA:132,29,1,1
BRDA:156,30,0,8377
BRDA:156,30,1,764
BRDA:159,31,0,228
BRDA:159,31,1,536
BRDA:171,32,0,3
BRDA:171,32,1,761
BRDA:173,33,0,3
BRDA:173,33,1,0
BRDA:181,34,0,761
BRDA:181,34,1,0
BRDA:184,35,0,761
BRDA:184,35,1,0
BRDA:203,36,0,81210
BRDA:203,36,1,358
BRDA:208,37,0,5
BRDA:208,37,1,1785
BRDA:210,38,0,20
BRDA:210,38,1,1765
BRDA:210,39,0,1785
BRDA:210,39,1,20
BRDA:212,40,0,7
BRDA:212,40,1,1758
BRDA:222,41,0,14813
BRDA:222,41,1,80
BRDA:227,42,0,17
BRDA:227,42,1,70
BRDA:238,43,0,0
BRDA:238,43,1,1153
BRDA:239,44,0,1153
BRDA:239,44,1,768
BRDA:240,45,0,0
BRDA:240,45,1,1153
BRDA:257,46,0,291544
BRDA:257,46,1,71252
BRDA:267,47,0,14515
BRDA:267,47,1,2351
BRDA:274,48,0,2116
BRDA:274,48,1,353
BRDA:275,49,0,2116
BRDA:275,49,1,1763
BRDA:275,49,2,2111
BRDA:275,49,3,353
BRF:104
BRH:87
end_of_record
TN:
SF:/Volumes/my-data/cabloy/cabloy-lerna/packages/egg-born-backend/lib/module/bean/beanModuleBase.js
FN:4,(anonymous_0)
FN:10,(anonymous_1)
FNF:2
FNH:2
FNDA:25900,(anonymous_0)
FNDA:12138,(anonymous_1)
DA:1,1
DA:5,25900
DA:6,25900
DA:11,12138
DA:12,12138
DA:13,12138
DA:14,8577
DA:15,8577
DA:17,12138
DA:21,1
LF:10
LH:10
BRDA:11,0,0,8517
BRDA:11,0,1,3621
BRDA:13,1,0,8577
BRDA:13,1,1,3561
BRF:4
BRH:4
end_of_record
TN:
SF:/Volumes/my-data/cabloy/cabloy-lerna/packages/egg-born-backend/lib/module/bean/index.js
FN:3,(anonymous_0)
FN:21,patchCreateContext
FN:23,(anonymous_2)
FN:34,loadBeans
FN:45,loadAops
FNF:5
FNH:5
FNDA:1,(anonymous_0)
FNDA:1,patchCreateContext
FNDA:7797,(anonymous_2)
FNDA:1,loadBeans
FNDA:1,loadAops
DA:1,1
DA:3,1
DA:5,1
DA:8,1
DA:9,1
DA:10,1
DA:13,1
DA:16,1
DA:19,1
DA:22,1
DA:23,1
DA:24,7797
DA:28,7797
DA:30,7797
DA:35,1
DA:36,97
DA:37,97
DA:38,97
DA:39,63
DA:40,310
DA:46,1
DA:47,97
DA:48,97
DA:49,97
DA:50,29
DA:51,5
LF:26
LH:26
BRDA:38,0,0,34
BRDA:38,0,1,63
BRDA:49,1,0,68
BRDA:49,1,1,29
BRF:4
BRH:4
end_of_record
TN:
SF:/Volumes/my-data/cabloy/cabloy-lerna/packages/egg-born-backend/lib/module/broadcast/broadcast.js
FN:3,(anonymous_0)
FN:13,loadBroadcasts
FNF:2
FNH:2
FNDA:1,(anonymous_0)
FNDA:1,loadBroadcasts
DA:1,1
DA:3,1
DA:5,1
DA:8,1
DA:11,1
DA:14,1
DA:15,97
DA:16,97
DA:17,97
DA:18,6
DA:19,8
DA:20,8
DA:21,8
DA:23,8
DA:24,8
DA:25,0
DA:27,8
DA:28,8
DA:33,0
DA:38,8
LF:20
LH:18
BRDA:17,0,0,91
BRDA:17,0,1,6
BRDA:20,1,0,8
BRDA:20,1,1,8
BRDA:21,2,0,8
BRDA:21,2,1,0
BRDA:24,3,0,0
BRDA:24,3,1,8
BRDA:27,4,0,8
BRDA:27,4,1,0
BRDA:34,5,0,0
BRDA:34,5,1,0
BRF:12
BRH:7
end_of_record
TN:
SF:/Volumes/my-data/cabloy/cabloy-lerna/packages/egg-born-backend/lib/module/broadcast/broadcastClient.js
FN:1,(anonymous_0)
FN:3,(anonymous_1)
FN:11,(anonymous_2)
FN:15,(anonymous_3)
FN:16,(anonymous_4)
FN:18,(anonymous_5)
FN:21,(anonymous_6)
FN:28,(anonymous_7)
FN:33,(anonymous_8)
FN:48,(anonymous_9)
FNF:10
FNH:9
FNDA:1,(anonymous_0)
FNDA:1,(anonymous_1)
FNDA:1,(anonymous_2)
FNDA:1,(anonymous_3)
FNDA:285,(anonymous_4)
FNDA:284,(anonymous_5)
FNDA:0,(anonymous_6)
FNDA:285,(anonymous_7)
FNDA:285,(anonymous_8)
FNDA:285,(anonymous_9)
DA:1,1
DA:4,1
DA:5,1
DA:6,1
DA:7,1
DA:8,1
DA:12,1
DA:13,1
DA:14,1
DA:15,1
DA:16,1
DA:17,285
DA:22,0
DA:29,285
DA:30,285
DA:35,285
DA:36,285
DA:37,285
DA:40,285
DA:41,285
DA:43,285
DA:44,285
DA:49,285
DA:51,285
DA:62,1
LF:25
LH:24
BRDA:36,0,0,285
BRDA:36,0,1,0
BRDA:41,1,0,0
BRDA:41,1,1,285
BRF:4
BRH:2
end_of_record
TN:
SF:/Volumes/my-data/cabloy/cabloy-lerna/packages/egg-born-backend/lib/module/cluster/agent.js
FN:3,(anonymous_0)
FN:11,(anonymous_1)
FNF:2
FNH:2
FNDA:1,(anonymous_0)
FNDA:1,(anonymous_1)
DA:1,1
DA:3,1
DA:5,1
DA:6,1
DA:9,1
DA:12,1
DA:13,1
DA:14,1
DA:16,1
LF:9
LH:9
BRDA:13,0,0,1
BRDA:13,0,1,0
BRF:2
BRH:1
end_of_record
TN:
SF:/Volumes/my-data/cabloy/cabloy-lerna/packages/egg-born-backend/lib/module/cluster/app.js
FN:3,(anonymous_0)
FN:5,(anonymous_1)
FN:10,(anonymous_2)
FNF:3
FNH:2
FNDA:1,(anonymous_0)
FNDA:1,(anonymous_1)
FNDA:0,(anonymous_2)
DA:1,1
DA:3,1
DA:5,1
DA:7,1
DA:10,1
DA:11,0
DA:12,0
LF:7
LH:5
BRF:0
BRH:0
end_of_record
TN:
SF:/Volumes/my-data/cabloy/cabloy-lerna/packages/egg-born-backend/lib/module/queue/queue.js
FN:3,(anonymous_0)
FN:13,loadQueues
FN:46,(anonymous_2)
FNF:3
FNH:2
FNDA:1,(anonymous_0)
FNDA:1,loadQueues
FNDA:0,(anonymous_2)
DA:1,1
DA:3,1
DA:5,1
DA:8,1
DA:11,1
DA:14,1
DA:15,97
DA:16,97
DA:17,97
DA:18,11
DA:19,16
DA:20,16
DA:22,16
DA:23,16
DA:25,16
DA:26,16
DA:31,0
DA:36,16
DA:46,1
DA:47,0
DA:48,0
DA:49,0
DA:53,0
LF:23
LH:18
BRDA:17,0,0,86
BRDA:17,0,1,11
BRDA:23,1,0,0
BRDA:23,1,1,16
BRDA:25,2,0,16
BRDA:25,2,1,0
BRDA:32,3,0,0
BRDA:32,3,1,0
BRF:8
BRH:4
end_of_record
TN:
SF:/Volumes/my-data/cabloy/cabloy-lerna/packages/egg-born-backend/lib/module/queue/queueClient.js
FN:4,(anonymous_0)
FN:6,(anonymous_1)
FN:13,(anonymous_2)
FN:19,(anonymous_3)
FN:24,(anonymous_4)
FN:32,(anonymous_5)
FN:57,(anonymous_6)
FN:69,(anonymous_7)
FN:77,(anonymous_8)
FN:81,(anonymous_9)
FN:83,(anonymous_10)
FN:93,(anonymous_11)
FN:111,(anonymous_12)
FN:114,(anonymous_13)
FN:122,(anonymous_14)
FN:139,(anonymous_15)
FN:148,(anonymous_16)
FN:159,(anonymous_17)
FN:172,(anonymous_18)
FN:176,(anonymous_19)
FN:184,(anonymous_20)
FN:204,(anonymous_21)
FN:212,(anonymous_22)
FN:222,(anonymous_23)
FN:226,(anonymous_24)
FN:252,(anonymous_25)
FNF:26
FNH:20
FNDA:1,(anonymous_0)
FNDA:1,(anonymous_1)
FNDA:3586,(anonymous_2)
FNDA:9,(anonymous_3)
FNDA:0,(anonymous_4)
FNDA:9,(anonymous_5)
FNDA:3594,(anonymous_6)
FNDA:460,(anonymous_7)
FNDA:0,(anonymous_8)
FNDA:0,(anonymous_9)
FNDA:0,(anonymous_10)
FNDA:9,(anonymous_11)
FNDA:3591,(anonymous_12)
FNDA:0,(anonymous_13)
FNDA:9,(anonymous_14)
FNDA:3597,(anonymous_15)
FNDA:3597,(anonymous_16)
FNDA:3597,(anonymous_17)
FNDA:3597,(anonymous_18)
FNDA:3591,(anonymous_19)
FNDA:3595,(anonymous_20)
FNDA:9,(anonymous_21)
FNDA:9,(anonymous_22)
FNDA:10791,(anonymous_23)
FNDA:3594,(anonymous_24)
FNDA:0,(anonymous_25)
DA:1,1
DA:2,1
DA:4,1
DA:7,1
DA:8,1
DA:9,1
DA:10,1
DA:14,3586
DA:15,3586
DA:20,9
DA:21,9
DA:25,0
DA:26,0
DA:27,0
DA:29,0
DA:34,9
DA:36,9
DA:38,9
DA:40,9
DA:41,9
DA:42,9
DA:45,9
DA:46,5
DA:50,9
DA:51,9
DA:55,9
DA:59,3594
DA:60,3134
DA:63,460
DA:64,460
DA:70,460
DA:77,9
DA:78,0
DA:81,9
DA:82,0
DA:83,0
DA:84,0
DA:90,9
DA:95,9
DA:97,9
DA:99,9
DA:101,9
DA:104,9
DA:105,9
DA:106,9
DA:109,9
DA:110,9
DA:111,9
DA:112,3591
DA:114,9
DA:115,0
DA:119,9
DA:124,9
DA:126,9
DA:128,9
DA:131,9
DA:132,9
DA:136,9
DA:141,3597
DA:143,3597
DA:144,9
DA:150,3597
DA:152,3597
DA:154,3597
DA:155,9
DA:161,3597
DA:163,3597
DA:165,3597
DA:166,9
DA:169,3597
DA:173,3597
DA:177,3591
DA:178,3591
DA:179,9
DA:180,9
DA:186,3595
DA:187,3595
DA:188,3595
DA:189,3595
DA:191,3595
DA:193,3595
DA:195,3595
DA:196,3595
DA:197,3595
DA:199,3595
DA:201,3586
DA:204,9
DA:206,9
DA:207,9
DA:210,9
DA:213,9
DA:214,9
DA:218,9
DA:223,10791
DA:227,3594
DA:229,3594
DA:230,3594
DA:232,3594
DA:233,3594
DA:234,506
DA:237,3594
DA:239,3594
DA:241,3594
DA:253,0
DA:254,0
DA:255,0
DA:256,0
DA:257,0
DA:261,1
LF:109
LH:95
BRDA:14,0,0,0
BRDA:14,0,1,3586
BRDA:20,1,0,0
BRDA:20,1,1,9
BRDA:40,2,0,9
BRDA:40,2,1,1
BRDA:40,2,2,8
BRDA:41,3,0,9
BRDA:41,3,1,1
BRDA:41,3,2,9
BRDA:45,4,0,5
BRDA:45,4,1,4
BRDA:59,5,0,3134
BRDA:59,5,1,460
BRDA:63,6,0,457
BRDA:63,6,1,3
BRDA:82,7,0,0
BRDA:82,7,1,0
BRDA:82,8,0,0
BRDA:82,8,1,0
BRDA:101,9,0,9
BRDA:101,9,1,1
BRDA:101,9,2,9
BRDA:128,10,0,9
BRDA:128,10,1,1
BRDA:128,10,2,9
BRDA:143,11,0,9
BRDA:143,11,1,3588
BRDA:154,12,0,9
BRDA:154,12,1,3588
BRDA:165,13,0,9
BRDA:165,13,1,3588
BRDA:178,14,0,9
BRDA:178,14,1,3582
BRDA:180,15,0,0
BRDA:180,15,1,9
BRDA:188,16,0,0
BRDA:188,16,1,3595
BRDA:191,17,0,3595
BRDA:191,17,1,6
BRDA:191,17,2,3595
BRDA:195,18,0,3595
BRDA:195,18,1,2
BRDA:195,18,2,3593
BRDA:196,19,0,3595
BRDA:196,19,1,3593
BRDA:199,20,0,3586
BRDA:199,20,1,9
BRDA:206,21,0,9
BRDA:206,21,1,0
BRDA:213,22,0,0
BRDA:213,22,1,9
BRDA:222,23,0,0
BRDA:222,24,0,0
BRDA:229,25,0,3594
BRDA:229,25,1,0
BRDA:233,26,0,506
BRDA:233,26,1,3088
BRDA:253,27,0,0
BRDA:253,27,1,0
BRDA:254,28,0,0
BRDA:254,28,1,0
BRDA:255,29,0,0
BRDA:255,29,1,0
BRDA:255,30,0,0
BRDA:255,30,1,0
BRDA:256,31,0,0
BRDA:256,31,1,0
BRF:68
BRH:45
end_of_record
TN:
SF:/Volumes/my-data/cabloy/cabloy-lerna/packages/egg-born-backend/lib/module/version/ready.js
FN:3,(anonymous_0)
FN:75,_clearRedisKeys
FNF:2
FNH:2
FNDA:1,(anonymous_0)
FNDA:6,_clearRedisKeys
DA:1,1
DA:3,1
DA:5,1
DA:6,1
DA:7,1
DA:10,1
DA:11,1
DA:12,1
DA:14,1
DA:15,1
DA:20,1
DA:21,14
DA:22,8
DA:23,8
DA:28,1
DA:29,0
DA:33,1
DA:34,1
DA:37,1
DA:38,14
DA:39,0
DA:40,0
DA:45,1
DA:47,1
DA:49,1
DA:57,1
DA:67,1
DA:69,1
DA:76,6
DA:77,6
DA:78,6
DA:79,6
DA:80,1092
DA:81,1092
LF:34
LH:31
BRDA:5,0,0,1
BRDA:5,0,1,0
BRDA:21,1,0,8
BRDA:21,1,1,6
BRDA:21,2,0,14
BRDA:21,2,1,14
BRDA:21,2,2,8
BRDA:28,3,0,0
BRDA:28,3,1,1
BRDA:38,4,0,0
BRDA:38,4,1,14
BRDA:38,5,0,14
BRDA:38,5,1,14
BRDA:38,5,2,8
BRDA:45,6,0,1
BRDA:45,6,1,0
BRDA:76,7,0,0
BRDA:76,7,1,6
BRDA:80,8,0,4
BRDA:80,8,1,1088
BRF:20
BRH:15
end_of_record
TN:
SF:/Volumes/my-data/cabloy/cabloy-lerna/packages/egg-born-backend/lib/utils/reload.js
FN:3,(anonymous_0)
FN:24,reload
FN:53,(anonymous_2)
FN:56,_done
FN:66,_callback
FN:73,(anonymous_5)
FN:77,(anonymous_6)
FN:82,reloadNext
FN:86,reset
FN:94,(anonymous_9)
FNF:10
FNH:0
FNDA:0,(anonymous_0)
FNDA:0,reload
FNDA:0,(anonymous_2)
FNDA:0,_done
FNDA:0,_callback
FNDA:0,(anonymous_5)
FNDA:0,(anonymous_6)
FNDA:0,reloadNext
FNDA:0,reset
FNDA:0,(anonymous_9)
DA:1,1
DA:3,1
DA:4,0
DA:5,0
DA:6,0
DA:7,0
DA:9,0
DA:21,1
DA:22,1
DA:23,1
DA:25,0
DA:26,0
DA:27,0
DA:29,0
DA:30,0
DA:32,0
DA:34,0
DA:36,0
DA:37,0
DA:38,0
DA:39,0
DA:41,0
DA:45,0
DA:46,0
DA:47,0
DA:48,0
DA:49,0
DA:53,0
DA:54,0
DA:55,0
DA:57,0
DA:58,0
DA:59,0
DA:60,0
DA:61,0
DA:62,0
DA:64,0
DA:67,0
DA:68,0
DA:69,0
DA:72,0
DA:73,0
DA:74,0
DA:77,0
DA:78,0
DA:88,0
DA:89,0
DA:91,0
DA:93,0
DA:94,0
DA:95,0
DA:98,0
DA:99,0
DA:101,0
DA:102,0
DA:106,0
DA:107,0
DA:108,0
DA:111,0
DA:112,0
DA:114,0
DA:118,0
DA:119,0
DA:120,0
LF:64
LH:5
BRDA:25,0,0,0
BRDA:25,0,1,0
BRDA:29,1,0,0
BRDA:29,1,1,0
BRDA:38,2,0,0
BRDA:38,2,1,0
BRDA:57,3,0,0
BRDA:57,3,1,0
BRDA:60,4,0,0
BRDA:60,4,1,0
BRDA:68,5,0,0
BRDA:68,5,1,0
BRDA:91,6,0,0
BRDA:91,6,1,0
BRDA:99,7,0,0
BRDA:99,7,1,0
BRF:16
BRH:0
end_of_record
TN:
SF:/Volumes/my-data/cabloy/cabloy-lerna/packages/egg-born-localeutil/dist/webpack:/egg-born-localeutil/src/main.js
FN:29,tryStringify
FN:50,format
FN:136,getText
FN:164,isObject
FN:169,formatWithArray
FN:170,(anonymous_16)
FN:181,formatWithObject
FN:182,(anonymous_18)
FNF:8
FNH:1
FNDA:0,tryStringify
FNDA:0,format
FNDA:3243,getText
FNDA:0,isObject
FNDA:0,formatWithArray
FNDA:0,(anonymous_16)
FNDA:0,formatWithObject
FNDA:0,(anonymous_18)
DA:30,0
DA:31,0
DA:34,0
DA:35,0
DA:36,0
DA:37,0
DA:38,0
DA:40,0
DA:43,0
DA:44,0
DA:46,0
DA:51,0
DA:53,0
DA:54,0
DA:55,0
DA:56,0
DA:57,0
DA:58,0
DA:59,0
DA:60,0
DA:62,0
DA:64,0
DA:65,0
DA:67,0
DA:68,0
DA:70,0
DA:71,0
DA:73,0
DA:74,0
DA:76,0
DA:77,0
DA:79,0
DA:80,0
DA:82,0
DA:83,0
DA:85,0
DA:86,0
DA:88,0
DA:89,0
DA:91,0
DA:92,0
DA:94,0
DA:95,0
DA:97,0
DA:98,0
DA:101,0
DA:102,0
DA:104,0
DA:105,0
DA:106,0
DA:108,0
DA:109,0
DA:111,0
DA:113,0
DA:114,0
DA:115,0
DA:116,0
DA:118,0
DA:119,0
DA:120,0
DA:121,0
DA:126,0
DA:137,3243
DA:139,3243
DA:141,3243
DA:142,3243
DA:144,0
DA:145,0
DA:146,0
DA:149,0
DA:150,0
DA:153,0
DA:156,0
DA:157,0
DA:158,0
DA:159,0
DA:161,0
DA:165,0
DA:168,1
DA:170,0
DA:171,0
DA:172,0
DA:173,0
DA:176,0
DA:180,1
DA:182,0
DA:183,0
DA:184,0
DA:185,0
DA:188,0
DA:192,1
LF:91
LH:7
BRDA:34,0,0,0
BRDA:34,0,1,0
BRDA:43,1,0,0
BRDA:43,1,1,0
BRDA:43,2,0,0
BRDA:43,2,1,0
BRDA:51,3,0,0
BRDA:51,3,1,0
BRDA:57,4,0,0
BRDA:57,4,1,0
BRDA:57,5,0,0
BRDA:57,5,1,0
BRDA:58,6,0,0
BRDA:58,6,1,0
BRDA:58,7,0,0
BRDA:58,7,1,0
BRDA:63,8,0,0
BRDA:63,8,1,0
BRDA:63,8,2,0
BRDA:63,8,3,0
BRDA:63,8,4,0
BRDA:63,8,5,0
BRDA:63,8,6,0
BRDA:64,9,0,0
BRDA:64,9,1,0
BRDA:70,10,0,0
BRDA:70,10,1,0
BRDA:76,11,0,0
BRDA:76,11,1,0
BRDA:82,12,0,0
BRDA:82,12,1,0
BRDA:88,13,0,0
BRDA:88,13,1,0
BRDA:94,14,0,0
BRDA:94,14,1,0
BRDA:101,15,0,0
BRDA:101,15,1,0
BRDA:113,16,0,0
BRDA:113,16,1,0
BRDA:115,17,0,0
BRDA:115,17,1,0
BRDA:120,18,0,0
BRDA:120,18,1,0
BRDA:120,19,0,0
BRDA:120,19,1,0
BRDA:120,19,2,0
BRDA:137,20,0,0
BRDA:137,20,1,3243
BRDA:139,21,0,0
BRDA:139,21,1,3243
BRDA:141,22,0,3243
BRDA:141,22,1,0
BRDA:144,23,0,0
BRDA:144,23,1,0
BRDA:145,24,0,0
BRDA:145,24,1,0
BRDA:149,25,0,0
BRDA:149,25,1,0
BRDA:172,26,0,0
BRDA:172,26,1,0
BRDA:184,27,0,0
BRDA:184,27,1,0
BRF:62
BRH:3
end_of_record
TN:
SF:/Volumes/my-data/cabloy/cabloy-lerna/packages/egg-born-localeutil/dist/webpack:/egg-born-localeutil/webpack/bootstrap
FNF:0
FNH:0
DA:2,1
LF:1
LH:1
BRF:0
BRH:0
end_of_record
TN:
SF:/Volumes/my-data/cabloy/cabloy-lerna/packages/egg-born-localeutil/dist/webpack:/egg-born-localeutil/webpack/runtime/define property getters
FN:2,(anonymous_2)
FNF:1
FNH:1
FNDA:1,(anonymous_2)
DA:2,1
DA:3,1
DA:4,1
DA:5,1
LF:4
LH:4
BRDA:4,0,0,1
BRDA:4,0,1,0
BRDA:4,1,0,1
BRDA:4,1,1,1
BRF:4
BRH:3
end_of_record
TN:
SF:/Volumes/my-data/cabloy/cabloy-lerna/packages/egg-born-localeutil/dist/webpack:/egg-born-localeutil/webpack/runtime/hasOwnProperty shorthand
FN:1,(anonymous_4)
FNF:1
FNH:1
FNDA:2,(anonymous_4)
DA:1,3
LF:1
LH:1
BRF:0
BRH:0
end_of_record
TN:
SF:/Volumes/my-data/cabloy/cabloy-lerna/packages/egg-born-localeutil/dist/webpack:/egg-born-localeutil/webpack/runtime/make namespace object
FN:2,(anonymous_6)
FNF:1
FNH:1
FNDA:1,(anonymous_6)
DA:2,1
DA:3,1
DA:4,1
DA:6,1
LF:4
LH:4
BRDA:3,0,0,1
BRDA:3,0,1,0
BRDA:3,1,0,1
BRDA:3,1,1,1
BRF:4
BRH:3
end_of_record
TN:
SF:/Volumes/my-data/cabloy/cabloy-lerna/packages/egg-born-mglob/lib/egg-born-mglob.js
FN:69,eggBornMglob
FN:111,__orderModules
FN:126,__pushModule
FN:152,__orderDependencies
FN:179,__parseModules
FN:226,__parseModule
FN:252,__logModules
FN:282,__logSuites
FN:304,__getDisabledModules
FN:314,__getDisabledSuites
FN:326,__parseSuites
FN:363,__checkSuites
FNF:12
FNH:12
FNDA:2,eggBornMglob
FNDA:2,__orderModules
FNDA:596,__pushModule
FNDA:194,__orderDependencies
FNDA:2,__parseModules
FNDA:194,__parseModule
FNDA:2,__logModules
FNDA:2,__logSuites
FNDA:2,__getDisabledModules
FNDA:2,__getDisabledSuites
FNDA:2,__parseSuites
FNDA:2,__checkSuites
DA:1,1
DA:2,1
DA:3,1
DA:4,1
DA:5,1
DA:6,1
DA:8,1
DA:12,1
DA:71,2
DA:88,2
DA:90,2
DA:92,2
DA:95,2
DA:97,2
DA:98,2
DA:101,2
DA:113,2
DA:115,2
DA:116,194
DA:117,192
DA:121,2
DA:122,2
DA:128,596
DA:131,596
DA:132,596
DA:133,194
DA:136,194
DA:137,0
DA:138,0
DA:142,194
DA:143,194
DA:144,2
DA:146,192
DA:149,194
DA:153,194
DA:155,194
DA:157,194
DA:158,194
DA:159,402
DA:160,402
DA:161,0
DA:162,0
DA:165,402
DA:166,402
DA:167,0
DA:168,0
DA:171,402
DA:172,0
DA:176,194
DA:180,2
DA:181,2
DA:182,12
DA:183,12
DA:184,12
DA:186,194
DA:187,194
DA:188,0
DA:191,194
DA:192,194
DA:193,0
DA:195,194
DA:197,194
DA:199,194
DA:200,194
DA:201,194
DA:210,194
DA:211,194
DA:214,194
DA:215,194
DA:218,194
DA:223,2
DA:227,194
DA:229,194
DA:230,194
DA:231,194
DA:232,194
DA:233,194
DA:237,194
DA:238,194
DA:239,194
DA:240,194
DA:241,194
DA:242,194
DA:243,194
DA:247,194
DA:249,194
DA:253,2
DA:254,194
DA:255,194
DA:256,2
DA:258,194
DA:259,0
DA:261,194
DA:264,2
DA:266,1
DA:267,1
DA:268,1
DA:269,97
DA:271,1
DA:272,1
DA:273,0
DA:275,1
DA:276,1
DA:277,1
DA:283,2
DA:284,2
DA:285,2
DA:286,0
DA:288,2
DA:291,2
DA:293,1
DA:294,1
DA:295,1
DA:297,1
DA:298,1
DA:299,0
DA:301,1
DA:305,2
DA:306,2
DA:307,0
DA:308,0
DA:311,2
DA:315,2
DA:316,2
DA:317,0
DA:318,0
DA:321,2
DA:324,1
DA:325,1
DA:327,2
DA:328,2
DA:329,194
DA:331,194
DA:332,194
DA:333,194
DA:334,178
DA:335,178
DA:337,194
DA:339,16
DA:341,16
DA:343,2
DA:344,2
DA:345,2
DA:346,2
DA:356,16
DA:357,16
DA:360,2
DA:364,2
DA:365,2
DA:367,2
DA:368,2
DA:371,0
DA:372,0
LF:153
LH:134
BRDA:116,0,0,192
BRDA:116,0,1,2
BRDA:128,1,0,0
BRDA:128,1,1,596
BRDA:132,2,0,402
BRDA:132,2,1,194
BRDA:136,3,0,0
BRDA:136,3,1,194
BRDA:143,4,0,2
BRDA:143,4,1,192
BRDA:143,5,0,194
BRDA:143,5,1,194
BRDA:143,5,2,194
BRDA:153,6,0,0
BRDA:153,6,1,194
BRDA:153,7,0,194
BRDA:153,7,1,194
BRDA:160,8,0,0
BRDA:160,8,1,402
BRDA:166,9,0,0
BRDA:166,9,1,402
BRDA:171,10,0,0
BRDA:171,10,1,402
BRDA:187,11,0,0
BRDA:187,11,1,194
BRDA:187,12,0,194
BRDA:187,12,1,194
BRDA:192,13,0,0
BRDA:192,13,1,194
BRDA:197,14,0,194
BRDA:197,14,1,0
BRDA:211,15,0,194
BRDA:211,15,1,0
BRDA:214,16,0,194
BRDA:214,16,1,0
BRDA:231,17,0,194
BRDA:231,17,1,0
BRDA:239,18,0,194
BRDA:239,18,1,0
BRDA:247,19,0,0
BRDA:247,19,1,194
BRDA:247,20,0,194
BRDA:247,20,1,194
BRDA:255,21,0,2
BRDA:255,21,1,192
BRDA:258,22,0,0
BRDA:258,22,1,194
BRDA:264,23,0,1
BRDA:264,23,1,1
BRDA:285,24,0,0
BRDA:285,24,1,2
BRDA:291,25,0,1
BRDA:291,25,1,1
BRDA:306,26,0,0
BRDA:306,26,1,2
BRDA:306,27,0,2
BRDA:306,27,1,2
BRDA:316,28,0,0
BRDA:316,28,1,2
BRDA:316,29,0,2
BRDA:316,29,1,2
BRDA:333,30,0,178
BRDA:333,30,1,16
BRDA:337,31,0,178
BRDA:337,31,1,16
BRDA:341,32,0,2
BRDA:341,32,1,14
BRDA:367,33,0,2
BRDA:367,33,1,0
BRF:69
BRH:50
end_of_record
TN:
SF:/Volumes/my-data/cabloy/cabloy-lerna/packages/egg-born-mock/src/main.js
FN:6,(anonymous_0)
FN:10,(anonymous_1)
FN:17,(anonymous_2)
FN:24,(anonymous_3)
FN:27,(anonymous_4)
FNF:5
FNH:5
FNDA:1,(anonymous_0)
FNDA:1,(anonymous_1)
FNDA:76,(anonymous_2)
FNDA:275,(anonymous_3)
FNDA:31,(anonymous_4)
DA:1,1
DA:2,1
DA:3,1
DA:4,1
DA:6,1
DA:8,1
DA:10,1
DA:11,1
DA:12,1
DA:17,1
DA:18,76
DA:19,76
DA:25,275
DA:28,31
LF:14
LH:14
BRDA:2,0,0,1
BRDA:2,0,1,0
BRF:2
BRH:1
end_of_record
TN:
SF:/Volumes/my-data/cabloy/cabloy-lerna/packages/egg-born-mparse/dist/webpack:/egg-born-mparse/src/main.js
FN:6,parseInfo
FN:13,(anonymous_9)
FN:15,(anonymous_10)
FNF:3
FNH:3
FNDA:193851,parseInfo
FNDA:81433,(anonymous_9)
FNDA:145277,(anonymous_10)
DA:1,1
DA:2,1
DA:3,1
DA:4,1
DA:6,1
DA:10,73636
DA:11,73636
DA:12,73636
DA:13,81433
DA:14,73636
DA:15,145277
DA:16,65839
DA:18,73636
DA:33,64006
DA:34,64006
DA:35,7797
DA:36,7797
DA:37,7797
DA:38,7797
DA:39,7797
DA:40,7797
DA:41,56209
DA:42,56209
DA:43,0
DA:44,0
DA:45,0
DA:46,0
DA:48,0
DA:51,56209
DA:52,56209
DA:53,56209
DA:54,56209
LF:32
LH:27
BRDA:10,0,0,0
BRDA:10,0,1,73636
BRDA:11,1,0,0
BRDA:11,1,1,73636
BRDA:12,2,0,0
BRDA:12,2,1,73636
BRDA:14,3,0,65839
BRDA:14,3,1,7797
BRDA:16,4,0,0
BRDA:16,4,1,65839
BRDA:33,5,0,0
BRDA:33,5,1,64006
BRDA:34,6,0,7797
BRDA:34,6,1,56209
BRDA:37,7,0,0
BRDA:37,7,1,7797
BRDA:39,8,0,0
BRDA:39,8,1,7797
BRDA:41,9,0,56209
BRDA:41,9,1,0
BRDA:43,10,0,0
BRDA:43,10,1,0
BRDA:45,11,0,0
BRDA:45,11,1,0
BRDA:53,12,0,56209
BRDA:53,12,1,0
BRF:26
BRH:13
end_of_record
TN:
SF:/Volumes/my-data/cabloy/cabloy-lerna/packages/egg-born-mparse/dist/webpack:/egg-born-mparse/webpack/bootstrap
FNF:0
FNH:0
DA:2,1
LF:1
LH:1
BRF:0
BRH:0
end_of_record
TN:
SF:/Volumes/my-data/cabloy/cabloy-lerna/packages/egg-born-mparse/dist/webpack:/egg-born-mparse/webpack/runtime/define property getters
FN:2,(anonymous_2)
FNF:1
FNH:1
FNDA:1,(anonymous_2)
DA:2,1
DA:3,1
DA:4,1
DA:5,1
LF:4
LH:4
BRDA:4,0,0,1
BRDA:4,0,1,0
BRDA:4,1,0,1
BRDA:4,1,1,1
BRF:4
BRH:3
end_of_record
TN:
SF:/Volumes/my-data/cabloy/cabloy-lerna/packages/egg-born-mparse/dist/webpack:/egg-born-mparse/webpack/runtime/hasOwnProperty shorthand
FN:1,(anonymous_4)
FNF:1
FNH:1
FNDA:2,(anonymous_4)
DA:1,3
LF:1
LH:1
BRF:0
BRH:0
end_of_record
TN:
SF:/Volumes/my-data/cabloy/cabloy-lerna/packages/egg-born-mparse/dist/webpack:/egg-born-mparse/webpack/runtime/make namespace object
FN:2,(anonymous_6)
FNF:1
FNH:1
FNDA:1,(anonymous_6)
DA:2,1
DA:3,1
DA:4,1
DA:6,1
LF:4
LH:4
BRDA:3,0,0,1
BRDA:3,0,1,0
BRDA:3,1,0,1
BRDA:3,1,1,1
BRF:4
BRH:3
end_of_record
TN:
SF:/Volumes/my-data/cabloy/cabloy-lerna/packages/egg-born-utils/lib/egg-born-utils.js
FN:9,(anonymous_0)
FN:25,(anonymous_1)
FN:28,(anonymous_2)
FN:36,(anonymous_3)
FN:44,(anonymous_4)
FN:45,(anonymous_5)
FN:47,(anonymous_6)
FN:49,(anonymous_7)
FN:52,(anonymous_8)
FN:57,(anonymous_9)
FN:66,(anonymous_10)
FN:78,(anonymous_11)
FN:80,(anonymous_12)
FN:106,(anonymous_13)
FN:117,(anonymous_14)
FN:129,(anonymous_15)
FNF:16
FNH:4
FNDA:3,(anonymous_0)
FNDA:1,(anonymous_1)
FNDA:0,(anonymous_2)
FNDA:0,(anonymous_3)
FNDA:0,(anonymous_4)
FNDA:0,(anonymous_5)
FNDA:0,(anonymous_6)
FNDA:0,(anonymous_7)
FNDA:0,(anonymous_8)
FNDA:0,(anonymous_9)
FNDA:0,(anonymous_10)
FNDA:0,(anonymous_11)
FNDA:66,(anonymous_12)
FNDA:0,(anonymous_13)
FNDA:0,(anonymous_14)
FNDA:32,(anonymous_15)
DA:1,1
DA:2,1
DA:3,1
DA:4,1
DA:7,1
DA:11,3
DA:14,3
DA:15,3
DA:16,0
DA:18,3
DA:19,3
DA:22,3
DA:23,3
DA:26,1
DA:29,0
DA:31,0
DA:33,0
DA:34,0
DA:37,0
DA:38,0
DA:39,0
DA:43,1
DA:45,0
DA:48,0
DA:49,0
DA:50,0
DA:51,0
DA:52,0
DA:53,0
DA:58,0
DA:60,0
DA:61,0
DA:62,0
DA:64,0
DA:68,0
DA:70,0
DA:71,0
DA:73,0
DA:75,0
DA:77,0
DA:78,0
DA:81,66
DA:82,32
DA:83,34
DA:84,34
DA:86,66
DA:94,66
DA:95,34
DA:97,32
DA:98,32
DA:99,32
DA:101,0
DA:104,66
DA:107,0
DA:108,0
DA:109,0
DA:110,0
DA:111,0
DA:113,0
DA:114,0
DA:119,0
DA:120,0
DA:122,0
DA:125,0
DA:127,0
DA:130,32
DA:131,32
DA:132,32
DA:134,32
DA:135,32
DA:137,0
DA:141,1
LF:72
LH:31
BRDA:15,0,0,0
BRDA:15,0,1,3
BRDA:26,1,0,1
BRDA:26,1,1,1
BRDA:29,2,0,0
BRDA:29,2,1,0
BRDA:34,3,0,0
BRDA:34,3,1,0
BRDA:37,4,0,0
BRDA:37,4,1,0
BRDA:51,5,0,0
BRDA:51,5,1,0
BRDA:58,6,0,0
BRDA:58,6,1,0
BRDA:70,7,0,0
BRDA:70,7,1,0
BRDA:75,8,0,0
BRDA:75,8,1,0
BRDA:81,9,0,32
BRDA:81,9,1,34
BRDA:83,10,0,34
BRDA:83,10,1,0
BRDA:88,11,0,66
BRDA:88,11,1,0
BRDA:94,12,0,34
BRDA:94,12,1,32
BRDA:98,13,0,32
BRDA:98,13,1,0
BRF:28
BRH:10
end_of_record
TN:
SF:/Volumes/my-data/cabloy/cabloy-lerna/packages/markdown/highlight.js
FN:3,maybe
FN:12,(anonymous_1)
FN:13,(anonymous_2)
FN:15,(anonymous_3)
FN:18,(anonymous_4)
FN:26,(anonymous_5)
FN:27,(anonymous_6)
FNF:7
FNH:6
FNDA:2,maybe
FNDA:2,(anonymous_1)
FNDA:2,(anonymous_2)
FNDA:2,(anonymous_3)
FNDA:8,(anonymous_4)
FNDA:2,(anonymous_5)
FNDA:0,(anonymous_6)
DA:1,1
DA:4,2
DA:5,2
DA:7,0
DA:12,1
DA:13,2
DA:15,1
DA:16,2
DA:17,2
DA:19,8
DA:22,2
DA:23,2
DA:26,1
DA:27,2
DA:28,2
DA:29,2
LF:16
LH:15
BRDA:13,0,0,2
BRDA:13,0,1,0
BRDA:13,1,0,2
BRDA:13,1,1,0
BRDA:27,2,0,2
BRDA:27,2,1,0
BRDA:27,3,0,0
BRDA:27,3,1,0
BRF:8
BRH:3
end_of_record
TN:
SF:/Volumes/my-data/cabloy/cabloy-lerna/packages/markdown/index.js
FN:27,get_options_container
FN:29,(anonymous_1)
FN:41,(anonymous_2)
FNF:3
FNH:3
FNDA:48,get_options_container
FNDA:4,(anonymous_1)
FNDA:6,(anonymous_2)
DA:1,1
DA:2,1
DA:3,1
DA:4,1
DA:5,1
DA:6,1
DA:8,1
DA:9,1
DA:10,1
DA:11,1
DA:12,1
DA:13,1
DA:14,1
DA:15,1
DA:17,1
DA:28,48
DA:31,4
DA:32,2
DA:35,4
DA:40,1
DA:42,6
DA:64,6
LF:22
LH:22
BRDA:31,0,0,2
BRDA:31,0,1,2
BRDA:42,1,0,6
BRDA:42,1,1,0
BRDA:42,1,2,6
BRF:5
BRH:4
end_of_record
TN:
SF:/Volumes/my-data/cabloy/cabloy-lerna/packages/markdown-it-block/index.js
FN:4,block_plugin
FN:5,blockRender
FN:45,blockRuler
FNF:3
FNH:3
FNDA:6,block_plugin
FNDA:2,blockRender
FNDA:18,blockRuler
DA:4,1
DA:7,2
DA:9,2
DA:10,2
DA:14,2
DA:17,2
DA:19,0
DA:22,2
DA:23,0
DA:31,2
DA:34,0
DA:35,0
DA:42,2
DA:53,18
DA:54,18
DA:55,18
DA:57,18
DA:58,0
DA:60,18
DA:61,0
DA:64,18
DA:65,18
DA:66,16
DA:69,2
DA:70,2
DA:71,2
DA:72,2
DA:73,0
DA:76,2
DA:78,2
DA:79,2
DA:80,0
DA:83,2
DA:84,0
DA:87,2
DA:88,2
DA:89,22
DA:90,22
DA:93,0
DA:95,22
DA:96,22
DA:97,22
DA:101,0
DA:103,22
DA:104,20
DA:106,2
DA:108,0
DA:110,2
DA:112,2
DA:113,0
DA:116,2
DA:117,2
DA:118,0
DA:120,2
DA:122,2
DA:125,2
DA:126,2
DA:128,2
DA:129,2
DA:130,2
DA:131,2
DA:132,2
DA:133,2
DA:136,6
DA:139,6
LF:65
LH:51
BRDA:17,0,0,2
BRDA:17,0,1,0
BRDA:22,1,0,0
BRDA:22,1,1,2
BRDA:31,2,0,0
BRDA:31,2,1,2
BRDA:57,3,0,0
BRDA:57,3,1,18
BRDA:60,4,0,0
BRDA:60,4,1,18
BRDA:65,5,0,16
BRDA:65,5,1,2
BRDA:72,6,0,0
BRDA:72,6,1,2
BRDA:79,7,0,0
BRDA:79,7,1,2
BRDA:83,8,0,0
BRDA:83,8,1,2
BRDA:90,9,0,0
BRDA:90,9,1,22
BRDA:97,10,0,0
BRDA:97,10,1,22
BRDA:97,11,0,22
BRDA:97,11,1,22
BRDA:103,12,0,20
BRDA:103,12,1,2
BRDA:106,13,0,0
BRDA:106,13,1,2
BRDA:112,14,0,0
BRDA:112,14,1,2
BRDA:117,15,0,0
BRDA:117,15,1,2
BRDA:126,16,0,2
BRDA:126,16,1,0
BRF:34
BRH:20
end_of_record
TN:
SF:/Volumes/my-data/cabloy/cabloy-lerna/packages/require3/index.js
FN:1,(anonymous_0)
FNF:1
FNH:1
FNDA:200,(anonymous_0)
DA:1,1
DA:2,200
LF:2
LH:2
BRF:0
BRH:0
end_of_record
TN:
SF:/Volumes/my-data/cabloy/cabloy-lerna/packages/set/index.js
FN:2,(anonymous_0)
FN:11,(anonymous_1)
FN:19,(anonymous_2)
FN:29,(anonymous_3)
FN:41,(anonymous_4)
FN:55,(anonymous_5)
FN:56,(anonymous_6)
FN:67,(anonymous_7)
FN:68,(anonymous_8)
FNF:9
FNH:5
FNDA:2,(anonymous_0)
FNDA:0,(anonymous_1)
FNDA:0,(anonymous_2)
FNDA:0,(anonymous_3)
FNDA:0,(anonymous_4)
FNDA:2,(anonymous_5)
FNDA:2,(anonymous_6)
FNDA:18,(anonymous_7)
FNDA:18,(anonymous_8)
DA:1,1
DA:3,2
DA:4,2
DA:5,0
DA:8,2
DA:12,0
DA:13,0
DA:14,0
DA:16,0
DA:20,0
DA:21,0
DA:22,0
DA:23,0
DA:26,0
DA:30,0
DA:31,0
DA:32,0
DA:33,0
DA:35,0
DA:38,0
DA:42,0
DA:43,0
DA:44,0
DA:46,0
DA:50,1
DA:51,1
DA:52,5
DA:53,5
DA:56,2
DA:57,2
DA:64,1
DA:65,1
DA:68,18
DA:69,18
DA:75,1
LF:35
LH:15
BRDA:4,0,0,0
BRDA:4,0,1,2
BRDA:22,1,0,0
BRDA:22,1,1,0
BRDA:32,2,0,0
BRDA:32,2,1,0
BRDA:52,3,0,5
BRDA:52,3,1,0
BRDA:64,4,0,1
BRDA:64,4,1,0
BRF:10
BRH:3
end_of_record
TN:
SF:/Volumes/my-data/cabloy/cabloy-lerna/src/backend/config/config.default.js
FN:1,(anonymous_0)
FNF:1
FNH:1
FNDA:4,(anonymous_0)
DA:1,1
DA:2,4
DA:4,4
DA:7,4
DA:10,4
DA:13,4
DA:16,4
DA:23,4
DA:29,4
DA:36,4
DA:41,4
DA:53,4
LF:12
LH:12
BRF:0
BRH:0
end_of_record
TN:
SF:/Volumes/my-data/cabloy/cabloy-lerna/src/backend/config/config.unittest.js
FN:1,(anonymous_0)
FNF:1
FNH:1
FNDA:4,(anonymous_0)
DA:1,1
DA:2,4
DA:5,4
DA:19,4
DA:39,4
DA:42,4
DA:73,4
DA:79,4
DA:82,4
DA:85,4
DA:89,4
DA:96,4
DA:108,4
LF:13
LH:13
BRF:0
BRH:0
end_of_record
TN:
SF:/Volumes/my-data/cabloy/cabloy-lerna/src/backend/config/locale/en-us.js
FNF:0
FNH:0
DA:1,1
LF:1
LH:1
BRF:0
BRH:0
end_of_record
TN:
SF:/Volumes/my-data/cabloy/cabloy-lerna/src/backend/config/locale/zh-cn.js
FNF:0
FNH:0
DA:1,1
LF:1
LH:1
BRF:0
BRH:0
end_of_record
TN:
SF:/Volumes/my-data/cabloy/cabloy-lerna/src/module-system/a-antdv/backend/src/controllers.js
FN:1,(anonymous_0)
FNF:1
FNH:1
FNDA:2,(anonymous_0)
DA:1,1
DA:2,2
DA:3,2
LF:3
LH:3
BRF:0
BRH:0
end_of_record
TN:
SF:/Volumes/my-data/cabloy/cabloy-lerna/src/module-system/a-antdv/backend/src/main.js
FN:5,(anonymous_0)
FNF:1
FNH:1
FNDA:2,(anonymous_0)
DA:1,1
DA:2,1
DA:3,1
DA:5,1
DA:7,2
DA:9,2
DA:11,2
DA:13,2
DA:15,2
DA:17,2
LF:10
LH:10
BRF:0
BRH:0
end_of_record
TN:
SF:/Volumes/my-data/cabloy/cabloy-lerna/src/module-system/a-antdv/backend/src/meta.js
FN:1,(anonymous_0)
FNF:1
FNH:1
FNDA:2,(anonymous_0)
DA:1,1
DA:2,2
DA:3,2
DA:13,2
LF:4
LH:4
BRF:0
BRH:0
end_of_record
TN:
SF:/Volumes/my-data/cabloy/cabloy-lerna/src/module-system/a-antdv/backend/src/models.js
FN:1,(anonymous_0)
FNF:1
FNH:1
FNDA:2,(anonymous_0)
DA:1,1
DA:2,2
DA:3,2
LF:3
LH:3
BRF:0
BRH:0
end_of_record
TN:
SF:/Volumes/my-data/cabloy/cabloy-lerna/src/module-system/a-antdv/backend/src/routes.js
FN:1,(anonymous_0)
FNF:1
FNH:1
FNDA:2,(anonymous_0)
DA:1,1
DA:2,2
DA:3,2
LF:3
LH:3
BRF:0
BRH:0
end_of_record
TN:
SF:/Volumes/my-data/cabloy/cabloy-lerna/src/module-system/a-antdv/backend/src/services.js
FN:1,(anonymous_0)
FNF:1
FNH:1
FNDA:2,(anonymous_0)
DA:1,1
DA:2,2
DA:3,2
LF:3
LH:3
BRF:0
BRH:0
end_of_record
TN:
SF:/Volumes/my-data/cabloy/cabloy-lerna/src/module-system/a-antdv/backend/src/config/config.js
FN:2,(anonymous_0)
FNF:1
FNH:1
FNDA:2,(anonymous_0)
DA:2,1
DA:3,2
DA:4,2
LF:3
LH:3
BRF:0
BRH:0
end_of_record
TN:
SF:/Volumes/my-data/cabloy/cabloy-lerna/src/module-system/a-antdv/backend/src/config/errors.js
FNF:0
FNH:0
DA:2,1
LF:1
LH:1
BRF:0
BRH:0
end_of_record
TN:
SF:/Volumes/my-data/cabloy/cabloy-lerna/src/module-system/a-antdv/backend/src/config/locales.js
FNF:0
FNH:0
DA:1,1
LF:1
LH:1
BRF:0
BRH:0
end_of_record
TN:
SF:/Volumes/my-data/cabloy/cabloy-lerna/src/module-system/a-antdv/backend/src/config/locale/zh-cn.js
FNF:0
FNH:0
DA:1,1
LF:1
LH:1
BRF:0
BRH:0
end_of_record
TN:
SF:/Volumes/my-data/cabloy/cabloy-lerna/src/module-system/a-antdv/backend/src/config/validation/schemas.js
FN:1,(anonymous_0)
FNF:1
FNH:1
FNDA:2,(anonymous_0)
DA:1,1
DA:2,2
DA:3,2
LF:3
LH:3
BRF:0
BRH:0
end_of_record
TN:
SF:/Volumes/my-data/cabloy/cabloy-lerna/src/module-system/a-antvg6/backend/src/controllers.js
FN:1,(anonymous_0)
FNF:1
FNH:1
FNDA:2,(anonymous_0)
DA:1,1
DA:2,2
DA:3,2
LF:3
LH:3
BRF:0
BRH:0
end_of_record
TN:
SF:/Volumes/my-data/cabloy/cabloy-lerna/src/module-system/a-antvg6/backend/src/main.js
FN:5,(anonymous_0)
FNF:1
FNH:1
FNDA:2,(anonymous_0)
DA:1,1
DA:2,1
DA:3,1
DA:5,1
DA:7,2
DA:9,2
DA:11,2
DA:13,2
DA:15,2
DA:17,2
LF:10
LH:10
BRF:0
[...]
FNDA:0,(anonymous_2)
FNDA:0,(anonymous_3)
FNDA:0,(anonymous_4)
FNDA:0,(anonymous_5)
FNDA:0,(anonymous_6)
DA:1,1
DA:5,0
DA:7,0
DA:8,0
DA:11,0
DA:15,0
DA:17,0
DA:19,0
DA:21,0
DA:24,0
DA:26,0
DA:31,0
DA:32,0
DA:33,0
DA:34,0
DA:35,0
DA:43,0
DA:45,0
DA:50,0
DA:51,0
DA:52,0
DA:53,0
DA:54,0
DA:62,0
DA:64,0
DA:69,0
DA:70,0
DA:71,0
DA:72,0
DA:73,0
DA:81,0
DA:85,1
LF:32
LH:2
BRF:0
BRH:0
end_of_record
TN:
SF:/Volumes/my-data/cabloy/cabloy-lerna/src/suite/test-party/modules/test-party/backend/src/controller/test/feat/queue.js
FN:4,(anonymous_0)
FN:6,(anonymous_1)
FN:16,(anonymous_2)
FNF:3
FNH:3
FNDA:1,(anonymous_0)
FNDA:1,(anonymous_1)
FNDA:1,(anonymous_2)
DA:1,1
DA:2,1
DA:4,1
DA:7,1
DA:12,1
DA:13,1
DA:17,1
DA:22,1
DA:26,1
LF:9
LH:9
BRF:0
BRH:0
end_of_record
TN:
SF:/Volumes/my-data/cabloy/cabloy-lerna/src/suite/test-party/modules/test-party/backend/src/controller/test/feat/sendMail.js
FN:1,(anonymous_0)
FN:3,(anonymous_1)
FNF:2
FNH:2
FNDA:1,(anonymous_0)
FNDA:1,(anonymous_1)
DA:1,1
DA:5,1
DA:6,1
DA:11,1
DA:15,1
LF:5
LH:5
BRF:0
BRH:0
end_of_record
TN:
SF:/Volumes/my-data/cabloy/cabloy-lerna/src/suite/test-party/modules/test-party/backend/src/controller/test/feat/sequence.js
FN:5,(anonymous_0)
FN:7,(anonymous_1)
FN:41,(anonymous_2)
FN:50,(anonymous_3)
FN:54,(anonymous_4)
FNF:5
FNH:5
FNDA:1,(anonymous_0)
FNDA:1,(anonymous_1)
FNDA:5,(anonymous_2)
FNDA:5,(anonymous_3)
FNDA:5,(anonymous_4)
DA:1,1
DA:2,1
DA:3,1
DA:5,1
DA:8,1
DA:12,1
DA:13,1
DA:16,1
DA:17,1
DA:20,1
DA:21,1
DA:24,1
DA:27,1
DA:30,1
DA:31,1
DA:34,1
DA:35,1
DA:38,1
DA:41,1
DA:42,5
DA:44,1
DA:47,1
DA:50,1
DA:51,5
DA:55,5
DA:56,5
DA:57,5
DA:61,1
DA:64,1
DA:67,1
DA:70,1
LF:31
LH:31
BRF:0
BRH:0
end_of_record
TN:
SF:/Volumes/my-data/cabloy/cabloy-lerna/src/suite/test-party/modules/test-party/backend/src/controller/test/feat/settings.js
FN:4,(anonymous_0)
FN:6,(anonymous_1)
FNF:2
FNH:2
FNDA:1,(anonymous_0)
FNDA:1,(anonymous_1)
DA:1,1
DA:2,1
DA:4,1
DA:10,1
DA:11,1
DA:12,1
DA:13,1
DA:16,1
DA:17,1
DA:19,1
DA:20,1
DA:23,1
DA:24,1
DA:29,1
DA:30,1
DA:33,1
DA:34,1
DA:36,1
DA:37,1
DA:40,1
DA:41,1
DA:44,1
DA:47,1
LF:23
LH:23
BRF:0
BRH:0
end_of_record
TN:
SF:/Volumes/my-data/cabloy/cabloy-lerna/src/suite/test-party/modules/test-party/backend/src/controller/test/feat/socketio.js
FN:4,(anonymous_0)
FN:7,(anonymous_1)
FN:24,(anonymous_2)
FNF:3
FNH:1
FNDA:1,(anonymous_0)
FNDA:0,(anonymous_1)
FNDA:0,(anonymous_2)
DA:1,1
DA:2,1
DA:4,1
DA:5,1
DA:8,0
DA:9,0
DA:10,0
DA:11,0
DA:21,0
DA:25,0
DA:26,0
DA:27,0
DA:28,0
DA:38,0
DA:42,1
LF:15
LH:5
BRF:0
BRH:0
end_of_record
TN:
SF:/Volumes/my-data/cabloy/cabloy-lerna/src/suite/test-party/modules/test-party/backend/src/controller/test/feat/stats.js
FN:4,(anonymous_0)
FN:6,(anonymous_1)
FN:45,(anonymous_2)
FNF:3
FNH:2
FNDA:1,(anonymous_0)
FNDA:1,(anonymous_1)
FNDA:0,(anonymous_2)
DA:1,1
DA:2,1
DA:4,1
DA:8,1
DA:9,1
DA:12,1
DA:17,1
DA:20,1
DA:27,1
DA:32,1
DA:35,1
DA:39,1
DA:42,1
DA:46,0
DA:50,0
DA:53,1
LF:16
LH:14
BRF:0
BRH:0
end_of_record
TN:
SF:/Volumes/my-data/cabloy/cabloy-lerna/src/suite/test-party/modules/test-party/backend/src/controller/test/feat/status.js
FN:4,(anonymous_0)
FN:6,(anonymous_1)
FNF:2
FNH:2
FNDA:1,(anonymous_0)
FNDA:1,(anonymous_1)
DA:1,1
DA:2,1
DA:4,1
DA:8,1
DA:11,1
DA:12,1
DA:15,1
DA:18,1
DA:19,1
DA:22,1
DA:23,1
DA:24,1
DA:27,1
DA:30,1
DA:31,1
DA:34,1
DA:37,1
LF:17
LH:17
BRF:0
BRH:0
end_of_record
TN:
SF:/Volumes/my-data/cabloy/cabloy-lerna/src/suite/test-party/modules/test-party/backend/src/controller/test/feat/tag.js
FN:4,(anonymous_0)
FN:6,(anonymous_1)
FNF:2
FNH:2
FNDA:1,(anonymous_0)
FNDA:1,(anonymous_1)
DA:1,1
DA:2,1
DA:4,1
DA:8,1
DA:14,1
DA:21,1
DA:24,1
DA:30,1
DA:33,1
DA:37,1
LF:10
LH:10
BRF:0
BRH:0
end_of_record
TN:
SF:/Volumes/my-data/cabloy/cabloy-lerna/src/suite/test-party/modules/test-party/backend/src/controller/test/feat/validation.js
FN:1,(anonymous_0)
FN:3,(anonymous_1)
FN:7,(anonymous_2)
FN:11,(anonymous_3)
FNF:4
FNH:3
FNDA:1,(anonymous_0)
FNDA:1,(anonymous_1)
FNDA:0,(anonymous_2)
FNDA:1,(anonymous_3)
DA:1,1
DA:4,1
DA:8,0
DA:12,1
DA:16,1
LF:5
LH:4
BRF:0
BRH:0
end_of_record
TN:
SF:/Volumes/my-data/cabloy/cabloy-lerna/src/suite/test-party/modules/test-party/backend/src/controller/test/monkey/monkeyee.js
FN:1,(anonymous_0)
FN:4,(anonymous_1)
FNF:2
FNH:1
FNDA:1,(anonymous_0)
FNDA:0,(anonymous_1)
DA:1,1
DA:2,1
DA:5,0
DA:9,1
LF:4
LH:3
BRF:0
BRH:0
end_of_record
TN:
SF:/Volumes/my-data/cabloy/cabloy-lerna/src/suite/test-party/modules/test-party/backend/src/controller/test/multilevelAuthorization/role.js
FN:4,(anonymous_0)
FN:6,(anonymous_1)
FN:58,(anonymous_2)
FN:64,(anonymous_3)
FNF:4
FNH:4
FNDA:1,(anonymous_0)
FNDA:1,(anonymous_1)
FNDA:2,(anonymous_2)
FNDA:4,(anonymous_3)
DA:1,1
DA:2,1
DA:4,1
DA:8,1
DA:12,1
DA:47,1
DA:48,1
DA:50,3
DA:51,3
DA:52,3
DA:57,3
DA:58,3
DA:60,3
DA:61,2
DA:62,2
DA:63,2
DA:64,4
DA:69,1
DA:73,1
LF:19
LH:19
BRDA:60,0,0,2
BRDA:60,0,1,1
BRF:2
BRH:2
end_of_record
TN:
SF:/Volumes/my-data/cabloy/cabloy-lerna/src/suite/test-party/modules/test-party/backend/src/controller/test/multilevelAuthorization/user.js
FN:4,(anonymous_0)
FN:6,(anonymous_1)
FN:55,(anonymous_2)
FN:67,(anonymous_3)
FNF:4
FNH:4
FNDA:1,(anonymous_0)
FNDA:1,(anonymous_1)
FNDA:18,(anonymous_2)
FNDA:8,(anonymous_3)
DA:1,1
DA:2,1
DA:4,1
DA:8,1
DA:10,1
DA:12,1
DA:48,1
DA:50,3
DA:51,3
DA:52,3
DA:53,3
DA:54,3
DA:55,18
DA:58,3
DA:59,3
DA:65,3
DA:66,3
DA:67,8
DA:72,1
DA:76,1
LF:20
LH:20
BRDA:54,0,0,2
BRDA:54,0,1,1
BRDA:66,1,0,2
BRDA:66,1,1,1
BRF:4
BRH:4
end_of_record
TN:
SF:/Volumes/my-data/cabloy/cabloy-lerna/src/suite/test-party/modules/test-party/backend/src/controller/test/resource/all.js
FN:4,(anonymous_0)
FN:6,(anonymous_1)
FNF:2
FNH:2
FNDA:1,(anonymous_0)
FNDA:1,(anonymous_1)
DA:1,1
DA:2,1
DA:4,1
DA:8,1
DA:9,1
DA:12,1
DA:13,1
DA:16,1
DA:30,1
DA:31,1
DA:34,1
DA:37,1
DA:41,1
DA:44,1
DA:49,1
DA:52,1
DA:56,1
LF:17
LH:17
BRF:0
BRH:0
end_of_record
TN:
SF:/Volumes/my-data/cabloy/cabloy-lerna/src/suite/test-party/modules/test-party/backend/src/controller/test/resource/right.js
FN:1,(anonymous_0)
FN:3,(anonymous_1)
FNF:2
FNH:2
FNDA:1,(anonymous_0)
FNDA:2,(anonymous_1)
DA:1,1
DA:5,2
DA:9,1
LF:3
LH:3
BRF:0
BRH:0
end_of_record
TN:
SF:/Volumes/my-data/cabloy/cabloy-lerna/src/suite/test-party/modules/test-party/backend/src/controller/test/role/userRole.js
FN:4,(anonymous_0)
FN:6,(anonymous_1)
FNF:2
FNH:2
FNDA:1,(anonymous_0)
FNDA:1,(anonymous_1)
DA:1,1
DA:2,1
DA:4,1
DA:8,1
DA:10,1
DA:13,1
DA:14,1
DA:16,1
DA:17,1
DA:19,1
DA:20,1
DA:23,1
DA:27,1
DA:29,1
DA:33,1
DA:35,1
DA:39,1
DA:42,1
DA:46,1
LF:19
LH:19
BRF:0
BRH:0
end_of_record
TN:
SF:/Volumes/my-data/cabloy/cabloy-lerna/src/suite/test-party/modules/test-party/backend/src/model/party.js
FN:1,(anonymous_0)
FN:3,(anonymous_1)
FNF:2
FNH:2
FNDA:1,(anonymous_0)
FNDA:34,(anonymous_1)
DA:1,1
DA:4,34
DA:8,1
LF:3
LH:3
BRF:0
BRH:0
end_of_record
TN:
SF:/Volumes/my-data/cabloy/cabloy-lerna/src/suite/test-party/modules/test-party/backend/src/service/party.js
FN:1,(anonymous_0)
FN:3,(anonymous_1)
FN:11,(anonymous_2)
FN:22,(anonymous_3)
FNF:4
FNH:2
FNDA:1,(anonymous_0)
FNDA:0,(anonymous_1)
FNDA:1,(anonymous_2)
FNDA:0,(anonymous_3)
DA:1,1
DA:4,0
DA:8,0
DA:12,1
DA:13,1
DA:14,0
DA:15,0
DA:16,0
DA:19,1
DA:24,0
DA:29,0
DA:31,0
DA:33,0
DA:37,1
LF:14
LH:5
BRDA:15,0,0,0
BRDA:15,0,1,0
BRDA:29,1,0,0
BRDA:29,1,1,0
BRF:4
BRH:0
end_of_record
TN:
SF:/Volumes/my-data/cabloy/cabloy-lerna/src/suite/test-party/modules/test-partymonkey-monkey/backend/src/controllers.js
FN:3,(anonymous_0)
FNF:1
FNH:1
FNDA:2,(anonymous_0)
DA:1,1
DA:3,1
DA:4,2
DA:7,2
LF:4
LH:4
BRF:0
BRH:0
end_of_record
TN:
SF:/Volumes/my-data/cabloy/cabloy-lerna/src/suite/test-party/modules/test-partymonkey-monkey/backend/src/main.js
FN:5,(anonymous_0)
FNF:1
FNH:1
FNDA:2,(anonymous_0)
DA:1,1
DA:2,1
DA:3,1
DA:5,1
DA:7,2
DA:9,2
DA:11,2
DA:13,2
DA:15,2
DA:17,2
DA:19,2
LF:11
LH:11
BRF:0
BRH:0
end_of_record
TN:
SF:/Volumes/my-data/cabloy/cabloy-lerna/src/suite/test-party/modules/test-partymonkey-monkey/backend/src/meta.js
FN:1,(anonymous_0)
FNF:1
FNH:1
FNDA:2,(anonymous_0)
DA:1,1
DA:2,2
DA:3,2
DA:13,2
LF:4
LH:4
BRF:0
BRH:0
end_of_record
TN:
SF:/Volumes/my-data/cabloy/cabloy-lerna/src/suite/test-party/modules/test-partymonkey-monkey/backend/src/models.js
FN:1,(anonymous_0)
FNF:1
FNH:1
FNDA:2,(anonymous_0)
DA:1,1
DA:2,2
DA:3,2
LF:3
LH:3
BRF:0
BRH:0
end_of_record
TN:
SF:/Volumes/my-data/cabloy/cabloy-lerna/src/suite/test-party/modules/test-partymonkey-monkey/backend/src/monkey.js
FN:1,(anonymous_0)
FN:5,monkeyRoute
FN:6,(anonymous_2)
FN:12,monkeyConfig
FN:17,(anonymous_4)
FN:25,(anonymous_5)
FNF:6
FNH:6
FNDA:2,(anonymous_0)
FNDA:2,monkeyRoute
FNDA:120,(anonymous_2)
FNDA:2,monkeyConfig
FNDA:194,(anonymous_4)
FNDA:194,(anonymous_5)
DA:1,1
DA:3,2
DA:6,120
DA:7,2
DA:8,2
DA:13,2
DA:16,2
DA:18,194
DA:20,2
DA:26,194
DA:28,2
DA:31,2
LF:12
LH:12
BRDA:7,0,0,2
BRDA:7,0,1,0
BRDA:18,1,0,192
BRDA:18,1,1,2
BRDA:26,2,0,192
BRDA:26,2,1,2
BRF:6
BRH:5
end_of_record
TN:
SF:/Volumes/my-data/cabloy/cabloy-lerna/src/suite/test-party/modules/test-partymonkey-monkey/backend/src/routes.js
FN:1,(anonymous_0)
FNF:1
FNH:1
FNDA:2,(anonymous_0)
DA:1,1
DA:2,2
DA:3,2
LF:3
LH:3
BRF:0
BRH:0
end_of_record
TN:
SF:/Volumes/my-data/cabloy/cabloy-lerna/src/suite/test-party/modules/test-partymonkey-monkey/backend/src/services.js
FN:1,(anonymous_0)
FNF:1
FNH:1
FNDA:2,(anonymous_0)
DA:1,1
DA:2,2
DA:3,2
LF:3
LH:3
BRF:0
BRH:0
end_of_record
TN:
SF:/Volumes/my-data/cabloy/cabloy-lerna/src/suite/test-party/modules/test-partymonkey-monkey/backend/src/config/config.js
FN:2,(anonymous_0)
FNF:1
FNH:1
FNDA:2,(anonymous_0)
DA:2,1
DA:3,2
DA:4,2
LF:3
LH:3
BRF:0
BRH:0
end_of_record
TN:
SF:/Volumes/my-data/cabloy/cabloy-lerna/src/suite/test-party/modules/test-partymonkey-monkey/backend/src/config/errors.js
FNF:0
FNH:0
DA:2,1
LF:1
LH:1
BRF:0
BRH:0
end_of_record
TN:
SF:/Volumes/my-data/cabloy/cabloy-lerna/src/suite/test-party/modules/test-partymonkey-monkey/backend/src/config/locales.js
FNF:0
FNH:0
DA:1,1
LF:1
LH:1
BRF:0
BRH:0
end_of_record
TN:
SF:/Volumes/my-data/cabloy/cabloy-lerna/src/suite/test-party/modules/test-partymonkey-monkey/backend/src/config/locale/zh-cn.js
FNF:0
FNH:0
DA:1,1
LF:1
LH:1
BRF:0
BRH:0
end_of_record
TN:
SF:/Volumes/my-data/cabloy/cabloy-lerna/src/suite/test-party/modules/test-partymonkey-monkey/backend/src/config/validation/schemas.js
FN:1,(anonymous_0)
FNF:1
FNH:1
FNDA:2,(anonymous_0)
DA:1,1
DA:2,2
DA:3,2
LF:3
LH:3
BRF:0
BRH:0
end_of_record
TN:
SF:/Volumes/my-data/cabloy/cabloy-lerna/src/suite/test-party/modules/test-partymonkey-monkey/backend/src/controller/monkeyer.js
FN:1,(anonymous_0)
FN:4,(anonymous_1)
FNF:2
FNH:2
FNDA:1,(anonymous_0)
FNDA:1,(anonymous_1)
DA:1,1
DA:2,1
DA:5,1
DA:6,1
DA:13,1
LF:5
LH:5
BRF:0
BRH:0
end_of_record
TN:
SF:/Volumes/my-data/cabloy/cabloy-lerna/src/suite/test-party/modules/test-wechat/backend/src/beans.js
FN:5,(anonymous_0)
FNF:1
FNH:1
FNDA:2,(anonymous_0)
DA:1,1
DA:2,1
DA:3,1
DA:5,1
DA:6,2
DA:20,2
LF:6
LH:6
BRF:0
BRH:0
end_of_record
TN:
SF:/Volumes/my-data/cabloy/cabloy-lerna/src/suite/test-party/modules/test-wechat/backend/src/controllers.js
FN:3,(anonymous_0)
FNF:1
FNH:1
FNDA:2,(anonymous_0)
DA:1,1
DA:3,1
DA:4,2
DA:7,2
LF:4
LH:4
BRF:0
BRH:0
end_of_record
TN:
SF:/Volumes/my-data/cabloy/cabloy-lerna/src/suite/test-party/modules/test-wechat/backend/src/main.js
FN:5,(anonymous_0)
FNF:1
FNH:1
FNDA:2,(anonymous_0)
DA:1,1
DA:2,1
DA:3,1
DA:5,1
DA:7,2
DA:9,2
DA:11,2
DA:13,2
DA:15,2
DA:17,2
DA:19,2
LF:11
LH:11
BRF:0
BRH:0
end_of_record
TN:
SF:/Volumes/my-data/cabloy/cabloy-lerna/src/suite/test-party/modules/test-wechat/backend/src/meta.js
FN:1,(anonymous_0)
FNF:1
FNH:1
FNDA:2,(anonymous_0)
DA:1,1
DA:3,2
DA:4,2
DA:5,2
DA:30,2
LF:5
LH:5
BRF:0
BRH:0
end_of_record
TN:
SF:/Volumes/my-data/cabloy/cabloy-lerna/src/suite/test-party/modules/test-wechat/backend/src/models.js
FN:1,(anonymous_0)
FNF:1
FNH:1
FNDA:2,(anonymous_0)
DA:1,1
DA:2,2
DA:3,2
LF:3
LH:3
BRF:0
BRH:0
end_of_record
TN:
SF:/Volumes/my-data/cabloy/cabloy-lerna/src/suite/test-party/modules/test-wechat/backend/src/routes.js
FN:1,(anonymous_0)
FNF:1
FNH:1
FNDA:2,(anonymous_0)
DA:1,1
DA:2,2
DA:18,2
LF:3
LH:3
BRF:0
BRH:0
end_of_record
TN:
SF:/Volumes/my-data/cabloy/cabloy-lerna/src/suite/test-party/modules/test-wechat/backend/src/services.js
FN:3,(anonymous_0)
FNF:1
FNH:1
FNDA:2,(anonymous_0)
DA:1,1
DA:3,1
DA:4,2
DA:7,2
LF:4
LH:4
BRF:0
BRH:0
end_of_record
TN:
SF:/Volumes/my-data/cabloy/cabloy-lerna/src/suite/test-party/modules/test-wechat/backend/src/bean/event.loginInfo.js
FN:4,(anonymous_0)
FN:6,(anonymous_1)
FNF:2
FNH:2
FNDA:6,(anonymous_0)
FNDA:6,(anonymous_1)
DA:1,1
DA:2,1
DA:4,1
DA:7,6
DA:8,6
DA:9,6
DA:10,0
DA:27,6
DA:31,6
LF:9
LH:8
BRDA:8,0,0,6
BRDA:8,0,1,6
BRDA:9,1,0,0
BRDA:9,1,1,6
BRDA:9,2,0,6
BRDA:9,2,1,2
BRDA:9,2,2,0
BRF:7
BRH:5
end_of_record
TN:
SF:/Volumes/my-data/cabloy/cabloy-lerna/src/suite/test-party/modules/test-wechat/backend/src/bean/event.wechatMessage.js
FN:1,(anonymous_0)
FN:4,(anonymous_1)
FNF:2
FNH:0
FNDA:0,(anonymous_0)
FNDA:0,(anonymous_1)
DA:1,1
DA:5,0
DA:6,0
DA:7,0
DA:15,0
DA:18,0
DA:22,0
LF:7
LH:1
BRDA:6,0,0,0
BRDA:6,0,1,0
BRF:2
BRH:0
end_of_record
TN:
SF:/Volumes/my-data/cabloy/cabloy-lerna/src/suite/test-party/modules/test-wechat/backend/src/bean/event.wechatMessageMini.js
FN:1,(anonymous_0)
FN:4,(anonymous_1)
FNF:2
FNH:0
FNDA:0,(anonymous_0)
FNDA:0,(anonymous_1)
DA:1,1
DA:5,0
DA:7,0
DA:8,0
DA:9,0
DA:11,0
DA:14,0
DA:18,0
LF:8
LH:1
BRDA:7,0,0,0
BRDA:7,0,1,0
BRF:2
BRH:0
end_of_record
TN:
SF:/Volumes/my-data/cabloy/cabloy-lerna/src/suite/test-party/modules/test-wechat/backend/src/config/config.js
FN:2,(anonymous_0)
FNF:1
FNH:1
FNDA:2,(anonymous_0)
DA:2,1
DA:3,2
DA:4,2
LF:3
LH:3
BRF:0
BRH:0
end_of_record
TN:
SF:/Volumes/my-data/cabloy/cabloy-lerna/src/suite/test-party/modules/test-wechat/backend/src/config/errors.js
FNF:0
FNH:0
DA:2,1
LF:1
LH:1
BRF:0
BRH:0
end_of_record
TN:
SF:/Volumes/my-data/cabloy/cabloy-lerna/src/suite/test-party/modules/test-wechat/backend/src/config/locales.js
FNF:0
FNH:0
DA:1,1
LF:1
LH:1
BRF:0
BRH:0
end_of_record
TN:
SF:/Volumes/my-data/cabloy/cabloy-lerna/src/suite/test-party/modules/test-wechat/backend/src/config/locale/zh-cn.js
FNF:0
FNH:0
DA:1,1
LF:1
LH:1
BRF:0
BRH:0
end_of_record
TN:
SF:/Volumes/my-data/cabloy/cabloy-lerna/src/suite/test-party/modules/test-wechat/backend/src/config/static/layouts.js
FN:3,(anonymous_0)
FNF:1
FNH:1
FNDA:2,(anonymous_0)
DA:1,1
DA:3,1
DA:4,2
DA:5,2
LF:4
LH:4
BRF:0
BRH:0
end_of_record
TN:
SF:/Volumes/my-data/cabloy/cabloy-lerna/src/suite/test-party/modules/test-wechat/backend/src/config/static/resources.js
FN:1,(anonymous_0)
FNF:1
FNH:1
FNDA:2,(anonymous_0)
DA:1,1
DA:3,2
DA:21,2
LF:3
LH:3
BRF:0
BRH:0
end_of_record
TN:
SF:/Volumes/my-data/cabloy/cabloy-lerna/src/suite/test-party/modules/test-wechat/backend/src/config/static/layout/layoutTest.js
FN:1,(anonymous_0)
FNF:1
FNH:1
FNDA:2,(anonymous_0)
DA:1,1
DA:3,2
DA:12,2
DA:20,2
LF:4
LH:4
BRF:0
BRH:0
end_of_record
TN:
SF:/Volumes/my-data/cabloy/cabloy-lerna/src/suite/test-party/modules/test-wechat/backend/src/controller/test.js
FN:1,(anonymous_0)
FN:3,(anonymous_1)
FN:10,(anonymous_2)
FNF:3
FNH:1
FNDA:1,(anonymous_0)
FNDA:0,(anonymous_1)
FNDA:0,(anonymous_2)
DA:1,1
DA:4,0
DA:7,0
DA:11,0
DA:15,0
DA:18,1
LF:6
LH:2
BRF:0
BRH:0
end_of_record
TN:
SF:/Volumes/my-data/cabloy/cabloy-lerna/src/suite/test-party/modules/test-wechat/backend/src/service/test.js
FN:1,(anonymous_0)
FN:3,(anonymous_1)
FN:7,(anonymous_2)
FN:15,(anonymous_3)
FNF:4
FNH:1
FNDA:1,(anonymous_0)
FNDA:0,(anonymous_1)
FNDA:0,(anonymous_2)
FNDA:0,(anonymous_3)
DA:1,1
DA:4,0
DA:8,0
DA:9,0
DA:16,0
DA:17,0
DA:24,1
LF:7
LH:2
BRF:0
BRH:0
end_of_record
TN:
SF:/Volumes/my-data/cabloy/cabloy-lerna/src/suite/test-party/modules/test-wxwork/backend/src/beans.js
FN:4,(anonymous_0)
FNF:1
FNH:1
FNDA:2,(anonymous_0)
DA:1,1
DA:2,1
DA:4,1
DA:5,2
DA:15,2
LF:5
LH:5
BRF:0
BRH:0
end_of_record
TN:
SF:/Volumes/my-data/cabloy/cabloy-lerna/src/suite/test-party/modules/test-wxwork/backend/src/controllers.js
FN:3,(anonymous_0)
FNF:1
FNH:1
FNDA:2,(anonymous_0)
DA:1,1
DA:3,1
DA:4,2
DA:7,2
LF:4
LH:4
BRF:0
BRH:0
end_of_record
TN:
SF:/Volumes/my-data/cabloy/cabloy-lerna/src/suite/test-party/modules/test-wxwork/backend/src/main.js
FN:5,(anonymous_0)
FNF:1
FNH:1
FNDA:2,(anonymous_0)
DA:1,1
DA:2,1
DA:3,1
DA:5,1
DA:7,2
DA:9,2
DA:11,2
DA:13,2
DA:15,2
DA:17,2
DA:19,2
LF:11
LH:11
BRF:0
BRH:0
end_of_record
TN:
SF:/Volumes/my-data/cabloy/cabloy-lerna/src/suite/test-party/modules/test-wxwork/backend/src/meta.js
FN:1,(anonymous_0)
FNF:1
FNH:1
FNDA:2,(anonymous_0)
DA:1,1
DA:3,2
DA:4,2
DA:5,2
DA:29,2
LF:5
LH:5
BRF:0
BRH:0
end_of_record
TN:
SF:/Volumes/my-data/cabloy/cabloy-lerna/src/suite/test-party/modules/test-wxwork/backend/src/models.js
FN:1,(anonymous_0)
FNF:1
FNH:1
FNDA:2,(anonymous_0)
DA:1,1
DA:2,2
DA:3,2
LF:3
LH:3
BRF:0
BRH:0
end_of_record
TN:
SF:/Volumes/my-data/cabloy/cabloy-lerna/src/suite/test-party/modules/test-wxwork/backend/src/routes.js
FN:1,(anonymous_0)
FNF:1
FNH:1
FNDA:2,(anonymous_0)
DA:1,1
DA:2,2
DA:15,2
LF:3
LH:3
BRF:0
BRH:0
end_of_record
TN:
SF:/Volumes/my-data/cabloy/cabloy-lerna/src/suite/test-party/modules/test-wxwork/backend/src/services.js
FN:3,(anonymous_0)
FNF:1
FNH:1
FNDA:2,(anonymous_0)
DA:1,1
DA:3,1
DA:4,2
DA:7,2
LF:4
LH:4
BRF:0
BRH:0
end_of_record
TN:
SF:/Volumes/my-data/cabloy/cabloy-lerna/src/suite/test-party/modules/test-wxwork/backend/src/bean/event.loginInfo.js
FN:4,(anonymous_0)
FN:6,(anonymous_1)
FNF:2
FNH:2
FNDA:6,(anonymous_0)
FNDA:6,(anonymous_1)
DA:1,1
DA:2,1
DA:4,1
DA:7,6
DA:8,6
DA:9,6
DA:10,0
DA:27,6
DA:31,6
LF:9
LH:8
BRDA:8,0,0,6
BRDA:8,0,1,6
BRDA:9,1,0,0
BRDA:9,1,1,6
BRDA:9,2,0,6
BRDA:9,2,1,2
BRDA:9,2,2,0
BRF:7
BRH:5
end_of_record
TN:
SF:/Volumes/my-data/cabloy/cabloy-lerna/src/suite/test-party/modules/test-wxwork/backend/src/bean/event.wxworkMessage.js
FN:1,(anonymous_0)
FN:4,(anonymous_1)
FNF:2
FNH:0
FNDA:0,(anonymous_0)
FNDA:0,(anonymous_1)
DA:1,1
DA:5,0
DA:6,0
DA:7,0
DA:15,0
DA:18,0
DA:22,0
LF:7
LH:1
BRDA:6,0,0,0
BRDA:6,0,1,0
BRF:2
BRH:0
end_of_record
TN:
SF:/Volumes/my-data/cabloy/cabloy-lerna/src/suite/test-party/modules/test-wxwork/backend/src/config/config.js
FN:2,(anonymous_0)
FNF:1
FNH:1
FNDA:2,(anonymous_0)
DA:2,1
DA:3,2
DA:4,2
LF:3
LH:3
BRF:0
BRH:0
end_of_record
TN:
SF:/Volumes/my-data/cabloy/cabloy-lerna/src/suite/test-party/modules/test-wxwork/backend/src/config/errors.js
FNF:0
FNH:0
DA:2,1
LF:1
LH:1
BRF:0
BRH:0
end_of_record
TN:
SF:/Volumes/my-data/cabloy/cabloy-lerna/src/suite/test-party/modules/test-wxwork/backend/src/config/locales.js
FNF:0
FNH:0
DA:1,1
LF:1
LH:1
BRF:0
BRH:0
end_of_record
TN:
SF:/Volumes/my-data/cabloy/cabloy-lerna/src/suite/test-party/modules/test-wxwork/backend/src/config/locale/zh-cn.js
FNF:0
FNH:0
DA:1,1
LF:1
LH:1
BRF:0
BRH:0
end_of_record
TN:
SF:/Volumes/my-data/cabloy/cabloy-lerna/src/suite/test-party/modules/test-wxwork/backend/src/config/static/layouts.js
FN:3,(anonymous_0)
FNF:1
FNH:1
FNDA:2,(anonymous_0)
DA:1,1
DA:3,1
DA:4,2
DA:5,2
LF:4
LH:4
BRF:0
BRH:0
end_of_record
TN:
SF:/Volumes/my-data/cabloy/cabloy-lerna/src/suite/test-party/modules/test-wxwork/backend/src/config/static/resources.js
FN:1,(anonymous_0)
FNF:1
FNH:1
FNDA:2,(anonymous_0)
DA:1,1
DA:3,2
DA:21,2
LF:3
LH:3
BRF:0
BRH:0
end_of_record
TN:
SF:/Volumes/my-data/cabloy/cabloy-lerna/src/suite/test-party/modules/test-wxwork/backend/src/config/static/layout/layoutTest.js
FN:1,(anonymous_0)
FNF:1
FNH:1
FNDA:2,(anonymous_0)
DA:1,1
DA:3,2
DA:12,2
DA:20,2
LF:4
LH:4
BRF:0
BRH:0
end_of_record
TN:
SF:/Volumes/my-data/cabloy/cabloy-lerna/src/suite/test-party/modules/test-wxwork/backend/src/controller/test.js
FN:1,(anonymous_0)
FN:3,(anonymous_1)
FN:10,(anonymous_2)
FNF:3
FNH:1
FNDA:1,(anonymous_0)
FNDA:0,(anonymous_1)
FNDA:0,(anonymous_2)
DA:1,1
DA:4,0
DA:7,0
DA:11,0
DA:15,0
DA:18,1
LF:6
LH:2
BRF:0
BRH:0
end_of_record
TN:
SF:/Volumes/my-data/cabloy/cabloy-lerna/src/suite/test-party/modules/test-wxwork/backend/src/service/test.js
FN:1,(anonymous_0)
FN:3,(anonymous_1)
FN:11,(anonymous_2)
FNF:3
FNH:1
FNDA:1,(anonymous_0)
FNDA:0,(anonymous_1)
FNDA:0,(anonymous_2)
DA:1,1
DA:4,0
DA:5,0
DA:6,0
DA:12,0
DA:21,0
DA:28,1
LF:7
LH:2
BRF:0
BRH:0
end_of_record
